#
# There is insufficient memory for the Java Runtime Environment to continue.
# Native memory allocation (malloc) failed to allocate 412384 bytes for Chunk::new
# Possible reasons:
#   The system is out of physical RAM or swap space
#   The process is running with CompressedOops enabled, and the Java Heap may be blocking the growth of the native heap
# Possible solutions:
#   Reduce memory load on the system
#   Increase physical memory or swap space
#   Check if swap backing store is full
#   Decrease Java heap size (-Xmx/-Xms)
#   Decrease number of Java threads
#   Decrease Java thread stack sizes (-Xss)
#   Set larger code cache with -XX:ReservedCodeCacheSize=
#   JVM is running with Unscaled Compressed Oops mode in which the Java heap is
#     placed in the first 4GB address space. The Java Heap base address is the
#     maximum limit for the native heap growth. Please use -XX:HeapBaseMinAddress
#     to set the Java Heap base and to place the Java Heap above 4GB virtual address.
# This output file may be truncated or incomplete.
#
#  Out of Memory Error (arena.cpp:191), pid=16404, tid=6580
#
# JRE version: OpenJDK Runtime Environment JBR-17.0.10+8-1207.12-jcef (17.0.10+8) (build 17.0.10+8-b1207.12)
# Java VM: OpenJDK 64-Bit Server VM JBR-17.0.10+8-1207.12-jcef (17.0.10+8-b1207.12, mixed mode, tiered, compressed oops, compressed class ptrs, g1 gc, windows-amd64)
# No core dump will be written. Minidumps are not enabled by default on client versions of Windows
#

---------------  S U M M A R Y ------------

Command Line: -Djava.rmi.server.hostname=127.0.0.1 -Duser.timezone=UTC -Xmx2048m -Xms128m -Djdbc.classpath=D:\idea\JetBrains\IntelliJIdea2024.1\plugins\DatabaseTools\lib\jdbc-console.jar;C:\Users\Елена\AppData\Roaming\JetBrains\IntelliJIdea2024.1\jdbc-drivers\PostgreSQL\42.6.0\org\postgresql\postgresql\42.6.0\postgresql-42.6.0.jar;C:\Users\Елена\AppData\Roaming\JetBrains\IntelliJIdea2024.1\jdbc-drivers\PostgreSQL\42.6.0\org\checkerframework\checker-qual\3.31.0\checker-qual-3.31.0.jar;C:\Users\Елена\AppData\Roaming\JetBrains\IntelliJIdea2024.1\jdbc-drivers\PostgreSQL\42.6.0\com\github\waffle\waffle-jna\1.9.1\waffle-jna-1.9.1.jar;C:\Users\Елена\AppData\Roaming\JetBrains\IntelliJIdea2024.1\jdbc-drivers\PostgreSQL\42.6.0\net\java\dev\jna\jna\4.5.1\jna-4.5.1.jar;C:\Users\Елена\AppData\Roaming\JetBrains\IntelliJIdea2024.1\jdbc-drivers\PostgreSQL\42.6.0\net\java\dev\jna\jna-platform\4.5.1\jna-platform-4.5.1.jar;C:\Users\Елена\AppData\Roaming\JetBrains\IntelliJIdea2024.1\jdbc-drivers\PostgreSQL\42.6.0\org\slf4j\jcl-over-slf4j\1.7.25\jcl-over-slf4j-1.7.25.jar;C:\Users\Елена\AppData\Roaming\JetBrains\IntelliJIdea2024.1\jdbc-drivers\PostgreSQL\42.6.0\org\slf4j\slf4j-api\1.7.25\slf4j-api-1.7.25.jar;C:\Users\Елена\AppData\Roaming\JetBrains\IntelliJIdea2024.1\jdbc-drivers\PostgreSQL\42.6.0\com\github\ben-manes\caffeine\caffeine\2.6.2\caffeine-2.6.2.jar --add-exports=java.desktop/sun.awt=ALL-UNNAMED --add-exports=java.desktop/java.awt.peer=ALL-UNNAMED --add-opens=java.desktop/java.awt=ALL-UNNAMED --add-opens=jdk.unsupported/sun.misc=ALL-UNNAMED --add-opens=java.base/java.nio=ALL-UNNAMED --add-opens=java.base/java.util=ALL-UNNAMED -Dfile.encoding=UTF-8 com.intellij.database.remote.RemoteJdbcServer org.postgresql.Driver

Host: 11th Gen Intel(R) Core(TM) i3-1115G4 @ 3.00GHz, 4 cores, 7G,  Windows 10 , 64 bit Build 19041 (10.0.19041.3636)
Time: Tue Jul  2 23:34:35 2024 RTZ 2 (s 10 , 64 bit Build 19041 (10.0.19041.3636) elapsed time: 6.275516 seconds (0d 0h 0m 6s)

---------------  T H R E A D  ---------------

Current thread (0x000001957e371b30):  JavaThread "C2 CompilerThread0" daemon [_thread_in_native, id=6580, stack(0x00000039ad700000,0x00000039ad800000)]


Current CompileTask:
C2:   6275 2214   !   4       java.util.concurrent.ConcurrentHashMap::transfer (849 bytes)

Stack: [0x00000039ad700000,0x00000039ad800000]
Native frames: (J=compiled Java code, j=interpreted, Vv=VM code, C=native code)
V  [jvm.dll+0x687989]
V  [jvm.dll+0x84116a]
V  [jvm.dll+0x842dae]
V  [jvm.dll+0x843413]
V  [jvm.dll+0x249ccf]
V  [jvm.dll+0xac524]
V  [jvm.dll+0xacb6c]
V  [jvm.dll+0x369cf7]
V  [jvm.dll+0x3340da]
V  [jvm.dll+0x33357a]
V  [jvm.dll+0x21b881]
V  [jvm.dll+0x21aca1]
V  [jvm.dll+0x1a602d]
V  [jvm.dll+0x22ac2e]
V  [jvm.dll+0x228db5]
V  [jvm.dll+0x7f5417]
V  [jvm.dll+0x7ef81a]
V  [jvm.dll+0x686805]
C  [ucrtbase.dll+0x21bb2]
C  [KERNEL32.DLL+0x17344]
C  [ntdll.dll+0x4cc91]


---------------  P R O C E S S  ---------------

Threads class SMR info:
_java_thread_list=0x000001957ed08520, length=24, elements={
0x000001956495a9b0, 0x000001957e1d17e0, 0x000001957e343b40, 0x000001957e3543b0,
0x000001957e354c80, 0x000001957e357660, 0x000001957e370f30, 0x000001957e371b30,
0x000001957e3766a0, 0x000001957e3f1b80, 0x000001957e524430, 0x000001957e528580,
0x000001957e8efb20, 0x000001957e923690, 0x000001957e923b70, 0x000001957e924050,
0x000001957e607090, 0x000001957e959340, 0x000001957eade970, 0x000001957eadee50,
0x000001957eae6c40, 0x000001957eae52f0, 0x000001957eae7150, 0x000001957ebc7eb0
}

Java Threads: ( => current thread )
  0x000001956495a9b0 JavaThread "main" [_thread_blocked, id=14484, stack(0x00000039ac600000,0x00000039ac700000)]
  0x000001957e1d17e0 JavaThread "Reference Handler" daemon [_thread_blocked, id=3480, stack(0x00000039ad000000,0x00000039ad100000)]
  0x000001957e343b40 JavaThread "Finalizer" daemon [_thread_blocked, id=15688, stack(0x00000039ad100000,0x00000039ad200000)]
  0x000001957e3543b0 JavaThread "Signal Dispatcher" daemon [_thread_blocked, id=11656, stack(0x00000039ad300000,0x00000039ad400000)]
  0x000001957e354c80 JavaThread "Attach Listener" daemon [_thread_blocked, id=12140, stack(0x00000039ad400000,0x00000039ad500000)]
  0x000001957e357660 JavaThread "Service Thread" daemon [_thread_blocked, id=3496, stack(0x00000039ad500000,0x00000039ad600000)]
  0x000001957e370f30 JavaThread "Monitor Deflation Thread" daemon [_thread_blocked, id=12868, stack(0x00000039ad600000,0x00000039ad700000)]
=>0x000001957e371b30 JavaThread "C2 CompilerThread0" daemon [_thread_in_native, id=6580, stack(0x00000039ad700000,0x00000039ad800000)]
  0x000001957e3766a0 JavaThread "C1 CompilerThread0" daemon [_thread_blocked, id=9252, stack(0x00000039ad800000,0x00000039ad900000)]
  0x000001957e3f1b80 JavaThread "Sweeper thread" daemon [_thread_blocked, id=5888, stack(0x00000039ad900000,0x00000039ada00000)]
  0x000001957e524430 JavaThread "Common-Cleaner" daemon [_thread_blocked, id=2412, stack(0x00000039ada00000,0x00000039adb00000)]
  0x000001957e528580 JavaThread "Notification Thread" daemon [_thread_blocked, id=11224, stack(0x00000039adb00000,0x00000039adc00000)]
  0x000001957e8efb20 JavaThread "RMI TCP Accept-18142" daemon [_thread_in_native, id=8200, stack(0x00000039add00000,0x00000039ade00000)]
  0x000001957e923690 JavaThread "RMI TCP Accept-0" daemon [_thread_in_native, id=16148, stack(0x00000039ade00000,0x00000039adf00000)]
  0x000001957e923b70 JavaThread "RMI Reaper" [_thread_blocked, id=17372, stack(0x00000039adf00000,0x00000039ae000000)]
  0x000001957e924050 JavaThread "RMI GC Daemon" daemon [_thread_blocked, id=11520, stack(0x00000039ae000000,0x00000039ae100000)]
  0x000001957e607090 JavaThread "RMI TCP Connection(1)-127.0.0.1" daemon [_thread_in_native, id=10104, stack(0x00000039ae100000,0x00000039ae200000)]
  0x000001957e959340 JavaThread "RMI TCP Connection(2)-127.0.0.1" daemon [_thread_in_native, id=6936, stack(0x00000039ae200000,0x00000039ae300000)]
  0x000001957eade970 JavaThread "RMI TCP Connection(4)-127.0.0.1" daemon [_thread_in_native, id=14804, stack(0x00000039ae300000,0x00000039ae400000)]
  0x000001957eadee50 JavaThread "RMI TCP Connection(3)-127.0.0.1" daemon [_thread_in_native, id=9236, stack(0x00000039ae400000,0x00000039ae500000)]
  0x000001957eae6c40 JavaThread "RMI Scheduler(0)" daemon [_thread_blocked, id=11672, stack(0x00000039ae500000,0x00000039ae600000)]
  0x000001957eae52f0 JavaThread "RMI RenewClean-[127.0.0.1:51663]" daemon [_thread_blocked, id=15148, stack(0x00000039ae600000,0x00000039ae700000)]
  0x000001957eae7150 JavaThread "PostgreSQL-JDBC-Cleaner" daemon [_thread_blocked, id=13996, stack(0x00000039aee00000,0x00000039aef00000)]
  0x000001957ebc7eb0 JavaThread "C2 CompilerThread1" daemon [_thread_in_native, id=2532, stack(0x00000039ae700000,0x00000039ae800000)]

Other Threads:
  0x000001957e1cb130 VMThread "VM Thread" [stack: 0x00000039acf00000,0x00000039ad000000] [id=17348]
  0x000001957e529a80 WatcherThread [stack: 0x00000039adc00000,0x00000039add00000] [id=13472]
  0x00000195649b5fb0 GCTaskThread "GC Thread#0" [stack: 0x00000039aca00000,0x00000039acb00000] [id=8756]
  0x000001957f037ce0 GCTaskThread "GC Thread#1" [stack: 0x00000039ae800000,0x00000039ae900000] [id=6340]
  0x000001957eb5c0c0 GCTaskThread "GC Thread#2" [stack: 0x00000039ae900000,0x00000039aea00000] [id=7224]
  0x000001950406fbb0 GCTaskThread "GC Thread#3" [stack: 0x00000039aea00000,0x00000039aeb00000] [id=6176]
  0x00000195649c6e10 ConcurrentGCThread "G1 Main Marker" [stack: 0x00000039acb00000,0x00000039acc00000] [id=15748]
  0x00000195649c8750 ConcurrentGCThread "G1 Conc#0" [stack: 0x00000039acc00000,0x00000039acd00000] [id=10496]
  0x0000019564a0d5d0 ConcurrentGCThread "G1 Refine#0" [stack: 0x00000039acd00000,0x00000039ace00000] [id=6300]
  0x000001957eba2560 ConcurrentGCThread "G1 Refine#1" [stack: 0x00000039aeb00000,0x00000039aec00000] [id=13004]
  0x000001957eba2e30 ConcurrentGCThread "G1 Refine#2" [stack: 0x00000039aec00000,0x00000039aed00000] [id=7284]
  0x0000019564a0df10 ConcurrentGCThread "G1 Service" [stack: 0x00000039ace00000,0x00000039acf00000] [id=5364]

Threads with active compile tasks:
C2 CompilerThread0     6288 2214   !   4       java.util.concurrent.ConcurrentHashMap::transfer (849 bytes)
C2 CompilerThread1     6288 2154   !   4       java.io.ObjectOutputStream::writeObject0 (620 bytes)

VM state: not at safepoint (normal execution)

VM Mutex/Monitor currently owned by a thread: None

Heap address: 0x0000000080000000, size: 2048 MB, Compressed Oops mode: 32-bit

CDS archive(s) not mapped
Compressed class space mapped at: 0x0000000100000000-0x0000000140000000, reserved size: 1073741824
Narrow klass base: 0x0000000000000000, Narrow klass shift: 3, Narrow klass range: 0x140000000

GC Precious Log:
 CPUs: 4 total, 4 available
 Memory: 7886M
 Large Page Support: Disabled
 NUMA Support: Disabled
 Compressed Oops: Enabled (32-bit)
 Heap Region Size: 1M
 Heap Min Capacity: 128M
 Heap Initial Capacity: 128M
 Heap Max Capacity: 2G
 Pre-touch: Disabled
 Parallel Workers: 4
 Concurrent Workers: 1
 Concurrent Refinement Workers: 4
 Periodic GC: Disabled

Heap:
 garbage-first heap   total 131072K, used 29197K [0x0000000080000000, 0x0000000100000000)
  region size 1024K, 23 young (23552K), 2 survivors (2048K)
 Metaspace       used 20112K, committed 20416K, reserved 1114112K
  class space    used 2067K, committed 2240K, reserved 1048576K

Heap Regions: E=young(eden), S=young(survivor), O=old, HS=humongous(starts), HC=humongous(continues), CS=collection set, F=free, OA=open archive, CA=closed archive, TAMS=top-at-mark-start (previous, next)
|   0|0x0000000080000000, 0x0000000080100000, 0x0000000080100000|100%|HS|  |TAMS 0x0000000080000000, 0x0000000080000000| Complete 
|   1|0x0000000080100000, 0x0000000080200000, 0x0000000080200000|100%|HC|  |TAMS 0x0000000080100000, 0x0000000080100000| Complete 
|   2|0x0000000080200000, 0x0000000080300000, 0x0000000080300000|100%|HC|  |TAMS 0x0000000080200000, 0x0000000080200000| Complete 
|   3|0x0000000080300000, 0x0000000080400000, 0x0000000080400000|100%| O|  |TAMS 0x0000000080300000, 0x0000000080300000| Untracked 
|   4|0x0000000080400000, 0x0000000080500000, 0x0000000080500000|100%| O|  |TAMS 0x0000000080400000, 0x0000000080400000| Untracked 
|   5|0x0000000080500000, 0x0000000080600000, 0x0000000080600000|100%| O|  |TAMS 0x0000000080500000, 0x0000000080500000| Untracked 
|   6|0x0000000080600000, 0x00000000806c2e00, 0x0000000080700000| 76%| O|  |TAMS 0x0000000080600000, 0x0000000080600000| Untracked 
|   7|0x0000000080700000, 0x0000000080700000, 0x0000000080800000|  0%| F|  |TAMS 0x0000000080700000, 0x0000000080700000| Untracked 
|   8|0x0000000080800000, 0x0000000080800000, 0x0000000080900000|  0%| F|  |TAMS 0x0000000080800000, 0x0000000080800000| Untracked 
|   9|0x0000000080900000, 0x0000000080900000, 0x0000000080a00000|  0%| F|  |TAMS 0x0000000080900000, 0x0000000080900000| Untracked 
|  10|0x0000000080a00000, 0x0000000080a00000, 0x0000000080b00000|  0%| F|  |TAMS 0x0000000080a00000, 0x0000000080a00000| Untracked 
|  11|0x0000000080b00000, 0x0000000080b00000, 0x0000000080c00000|  0%| F|  |TAMS 0x0000000080b00000, 0x0000000080b00000| Untracked 
|  12|0x0000000080c00000, 0x0000000080c00000, 0x0000000080d00000|  0%| F|  |TAMS 0x0000000080c00000, 0x0000000080c00000| Untracked 
|  13|0x0000000080d00000, 0x0000000080d00000, 0x0000000080e00000|  0%| F|  |TAMS 0x0000000080d00000, 0x0000000080d00000| Untracked 
|  14|0x0000000080e00000, 0x0000000080e00000, 0x0000000080f00000|  0%| F|  |TAMS 0x0000000080e00000, 0x0000000080e00000| Untracked 
|  15|0x0000000080f00000, 0x0000000080f00000, 0x0000000081000000|  0%| F|  |TAMS 0x0000000080f00000, 0x0000000080f00000| Untracked 
|  16|0x0000000081000000, 0x0000000081000000, 0x0000000081100000|  0%| F|  |TAMS 0x0000000081000000, 0x0000000081000000| Untracked 
|  17|0x0000000081100000, 0x0000000081100000, 0x0000000081200000|  0%| F|  |TAMS 0x0000000081100000, 0x0000000081100000| Untracked 
|  18|0x0000000081200000, 0x0000000081200000, 0x0000000081300000|  0%| F|  |TAMS 0x0000000081200000, 0x0000000081200000| Untracked 
|  19|0x0000000081300000, 0x0000000081300000, 0x0000000081400000|  0%| F|  |TAMS 0x0000000081300000, 0x0000000081300000| Untracked 
|  20|0x0000000081400000, 0x0000000081400000, 0x0000000081500000|  0%| F|  |TAMS 0x0000000081400000, 0x0000000081400000| Untracked 
|  21|0x0000000081500000, 0x0000000081500000, 0x0000000081600000|  0%| F|  |TAMS 0x0000000081500000, 0x0000000081500000| Untracked 
|  22|0x0000000081600000, 0x0000000081600000, 0x0000000081700000|  0%| F|  |TAMS 0x0000000081600000, 0x0000000081600000| Untracked 
|  23|0x0000000081700000, 0x0000000081700000, 0x0000000081800000|  0%| F|  |TAMS 0x0000000081700000, 0x0000000081700000| Untracked 
|  24|0x0000000081800000, 0x0000000081800000, 0x0000000081900000|  0%| F|  |TAMS 0x0000000081800000, 0x0000000081800000| Untracked 
|  25|0x0000000081900000, 0x0000000081900000, 0x0000000081a00000|  0%| F|  |TAMS 0x0000000081900000, 0x0000000081900000| Untracked 
|  26|0x0000000081a00000, 0x0000000081a00000, 0x0000000081b00000|  0%| F|  |TAMS 0x0000000081a00000, 0x0000000081a00000| Untracked 
|  27|0x0000000081b00000, 0x0000000081b00000, 0x0000000081c00000|  0%| F|  |TAMS 0x0000000081b00000, 0x0000000081b00000| Untracked 
|  28|0x0000000081c00000, 0x0000000081c00000, 0x0000000081d00000|  0%| F|  |TAMS 0x0000000081c00000, 0x0000000081c00000| Untracked 
|  29|0x0000000081d00000, 0x0000000081d00000, 0x0000000081e00000|  0%| F|  |TAMS 0x0000000081d00000, 0x0000000081d00000| Untracked 
|  30|0x0000000081e00000, 0x0000000081e00000, 0x0000000081f00000|  0%| F|  |TAMS 0x0000000081e00000, 0x0000000081e00000| Untracked 
|  31|0x0000000081f00000, 0x0000000081f00000, 0x0000000082000000|  0%| F|  |TAMS 0x0000000081f00000, 0x0000000081f00000| Untracked 
|  32|0x0000000082000000, 0x0000000082000000, 0x0000000082100000|  0%| F|  |TAMS 0x0000000082000000, 0x0000000082000000| Untracked 
|  33|0x0000000082100000, 0x0000000082100000, 0x0000000082200000|  0%| F|  |TAMS 0x0000000082100000, 0x0000000082100000| Untracked 
|  34|0x0000000082200000, 0x0000000082200000, 0x0000000082300000|  0%| F|  |TAMS 0x0000000082200000, 0x0000000082200000| Untracked 
|  35|0x0000000082300000, 0x0000000082300000, 0x0000000082400000|  0%| F|  |TAMS 0x0000000082300000, 0x0000000082300000| Untracked 
|  36|0x0000000082400000, 0x0000000082400000, 0x0000000082500000|  0%| F|  |TAMS 0x0000000082400000, 0x0000000082400000| Untracked 
|  37|0x0000000082500000, 0x0000000082500000, 0x0000000082600000|  0%| F|  |TAMS 0x0000000082500000, 0x0000000082500000| Untracked 
|  38|0x0000000082600000, 0x0000000082600000, 0x0000000082700000|  0%| F|  |TAMS 0x0000000082600000, 0x0000000082600000| Untracked 
|  39|0x0000000082700000, 0x0000000082700000, 0x0000000082800000|  0%| F|  |TAMS 0x0000000082700000, 0x0000000082700000| Untracked 
|  40|0x0000000082800000, 0x0000000082800000, 0x0000000082900000|  0%| F|  |TAMS 0x0000000082800000, 0x0000000082800000| Untracked 
|  41|0x0000000082900000, 0x0000000082900000, 0x0000000082a00000|  0%| F|  |TAMS 0x0000000082900000, 0x0000000082900000| Untracked 
|  42|0x0000000082a00000, 0x0000000082a00000, 0x0000000082b00000|  0%| F|  |TAMS 0x0000000082a00000, 0x0000000082a00000| Untracked 
|  43|0x0000000082b00000, 0x0000000082b00000, 0x0000000082c00000|  0%| F|  |TAMS 0x0000000082b00000, 0x0000000082b00000| Untracked 
|  44|0x0000000082c00000, 0x0000000082c00000, 0x0000000082d00000|  0%| F|  |TAMS 0x0000000082c00000, 0x0000000082c00000| Untracked 
|  45|0x0000000082d00000, 0x0000000082d00000, 0x0000000082e00000|  0%| F|  |TAMS 0x0000000082d00000, 0x0000000082d00000| Untracked 
|  46|0x0000000082e00000, 0x0000000082e00000, 0x0000000082f00000|  0%| F|  |TAMS 0x0000000082e00000, 0x0000000082e00000| Untracked 
|  47|0x0000000082f00000, 0x0000000082f00000, 0x0000000083000000|  0%| F|  |TAMS 0x0000000082f00000, 0x0000000082f00000| Untracked 
|  48|0x0000000083000000, 0x0000000083000000, 0x0000000083100000|  0%| F|  |TAMS 0x0000000083000000, 0x0000000083000000| Untracked 
|  49|0x0000000083100000, 0x0000000083100000, 0x0000000083200000|  0%| F|  |TAMS 0x0000000083100000, 0x0000000083100000| Untracked 
|  50|0x0000000083200000, 0x0000000083200000, 0x0000000083300000|  0%| F|  |TAMS 0x0000000083200000, 0x0000000083200000| Untracked 
|  51|0x0000000083300000, 0x0000000083300000, 0x0000000083400000|  0%| F|  |TAMS 0x0000000083300000, 0x0000000083300000| Untracked 
|  52|0x0000000083400000, 0x0000000083400000, 0x0000000083500000|  0%| F|  |TAMS 0x0000000083400000, 0x0000000083400000| Untracked 
|  53|0x0000000083500000, 0x0000000083500000, 0x0000000083600000|  0%| F|  |TAMS 0x0000000083500000, 0x0000000083500000| Untracked 
|  54|0x0000000083600000, 0x0000000083600000, 0x0000000083700000|  0%| F|  |TAMS 0x0000000083600000, 0x0000000083600000| Untracked 
|  55|0x0000000083700000, 0x0000000083700000, 0x0000000083800000|  0%| F|  |TAMS 0x0000000083700000, 0x0000000083700000| Untracked 
|  56|0x0000000083800000, 0x0000000083800000, 0x0000000083900000|  0%| F|  |TAMS 0x0000000083800000, 0x0000000083800000| Untracked 
|  57|0x0000000083900000, 0x0000000083900000, 0x0000000083a00000|  0%| F|  |TAMS 0x0000000083900000, 0x0000000083900000| Untracked 
|  58|0x0000000083a00000, 0x0000000083a00000, 0x0000000083b00000|  0%| F|  |TAMS 0x0000000083a00000, 0x0000000083a00000| Untracked 
|  59|0x0000000083b00000, 0x0000000083b00000, 0x0000000083c00000|  0%| F|  |TAMS 0x0000000083b00000, 0x0000000083b00000| Untracked 
|  60|0x0000000083c00000, 0x0000000083c00000, 0x0000000083d00000|  0%| F|  |TAMS 0x0000000083c00000, 0x0000000083c00000| Untracked 
|  61|0x0000000083d00000, 0x0000000083d00000, 0x0000000083e00000|  0%| F|  |TAMS 0x0000000083d00000, 0x0000000083d00000| Untracked 
|  62|0x0000000083e00000, 0x0000000083e00000, 0x0000000083f00000|  0%| F|  |TAMS 0x0000000083e00000, 0x0000000083e00000| Untracked 
|  63|0x0000000083f00000, 0x0000000083f00000, 0x0000000084000000|  0%| F|  |TAMS 0x0000000083f00000, 0x0000000083f00000| Untracked 
|  64|0x0000000084000000, 0x0000000084000000, 0x0000000084100000|  0%| F|  |TAMS 0x0000000084000000, 0x0000000084000000| Untracked 
|  65|0x0000000084100000, 0x0000000084100000, 0x0000000084200000|  0%| F|  |TAMS 0x0000000084100000, 0x0000000084100000| Untracked 
|  66|0x0000000084200000, 0x0000000084200000, 0x0000000084300000|  0%| F|  |TAMS 0x0000000084200000, 0x0000000084200000| Untracked 
|  67|0x0000000084300000, 0x0000000084300000, 0x0000000084400000|  0%| F|  |TAMS 0x0000000084300000, 0x0000000084300000| Untracked 
|  68|0x0000000084400000, 0x0000000084400000, 0x0000000084500000|  0%| F|  |TAMS 0x0000000084400000, 0x0000000084400000| Untracked 
|  69|0x0000000084500000, 0x0000000084500000, 0x0000000084600000|  0%| F|  |TAMS 0x0000000084500000, 0x0000000084500000| Untracked 
|  70|0x0000000084600000, 0x0000000084600000, 0x0000000084700000|  0%| F|  |TAMS 0x0000000084600000, 0x0000000084600000| Untracked 
|  71|0x0000000084700000, 0x0000000084700000, 0x0000000084800000|  0%| F|  |TAMS 0x0000000084700000, 0x0000000084700000| Untracked 
|  72|0x0000000084800000, 0x0000000084800000, 0x0000000084900000|  0%| F|  |TAMS 0x0000000084800000, 0x0000000084800000| Untracked 
|  73|0x0000000084900000, 0x0000000084900000, 0x0000000084a00000|  0%| F|  |TAMS 0x0000000084900000, 0x0000000084900000| Untracked 
|  74|0x0000000084a00000, 0x0000000084a00000, 0x0000000084b00000|  0%| F|  |TAMS 0x0000000084a00000, 0x0000000084a00000| Untracked 
|  75|0x0000000084b00000, 0x0000000084b00000, 0x0000000084c00000|  0%| F|  |TAMS 0x0000000084b00000, 0x0000000084b00000| Untracked 
|  76|0x0000000084c00000, 0x0000000084c00000, 0x0000000084d00000|  0%| F|  |TAMS 0x0000000084c00000, 0x0000000084c00000| Untracked 
|  77|0x0000000084d00000, 0x0000000084d00000, 0x0000000084e00000|  0%| F|  |TAMS 0x0000000084d00000, 0x0000000084d00000| Untracked 
|  78|0x0000000084e00000, 0x0000000084e00000, 0x0000000084f00000|  0%| F|  |TAMS 0x0000000084e00000, 0x0000000084e00000| Untracked 
|  79|0x0000000084f00000, 0x0000000084f00000, 0x0000000085000000|  0%| F|  |TAMS 0x0000000084f00000, 0x0000000084f00000| Untracked 
|  80|0x0000000085000000, 0x0000000085000000, 0x0000000085100000|  0%| F|  |TAMS 0x0000000085000000, 0x0000000085000000| Untracked 
|  81|0x0000000085100000, 0x0000000085100000, 0x0000000085200000|  0%| F|  |TAMS 0x0000000085100000, 0x0000000085100000| Untracked 
|  82|0x0000000085200000, 0x0000000085200000, 0x0000000085300000|  0%| F|  |TAMS 0x0000000085200000, 0x0000000085200000| Untracked 
|  83|0x0000000085300000, 0x0000000085300000, 0x0000000085400000|  0%| F|  |TAMS 0x0000000085300000, 0x0000000085300000| Untracked 
|  84|0x0000000085400000, 0x0000000085400000, 0x0000000085500000|  0%| F|  |TAMS 0x0000000085400000, 0x0000000085400000| Untracked 
|  85|0x0000000085500000, 0x0000000085500000, 0x0000000085600000|  0%| F|  |TAMS 0x0000000085500000, 0x0000000085500000| Untracked 
|  86|0x0000000085600000, 0x0000000085600000, 0x0000000085700000|  0%| F|  |TAMS 0x0000000085600000, 0x0000000085600000| Untracked 
|  87|0x0000000085700000, 0x0000000085700000, 0x0000000085800000|  0%| F|  |TAMS 0x0000000085700000, 0x0000000085700000| Untracked 
|  88|0x0000000085800000, 0x0000000085800000, 0x0000000085900000|  0%| F|  |TAMS 0x0000000085800000, 0x0000000085800000| Untracked 
|  89|0x0000000085900000, 0x0000000085900000, 0x0000000085a00000|  0%| F|  |TAMS 0x0000000085900000, 0x0000000085900000| Untracked 
|  90|0x0000000085a00000, 0x0000000085a00000, 0x0000000085b00000|  0%| F|  |TAMS 0x0000000085a00000, 0x0000000085a00000| Untracked 
|  91|0x0000000085b00000, 0x0000000085b00000, 0x0000000085c00000|  0%| F|  |TAMS 0x0000000085b00000, 0x0000000085b00000| Untracked 
|  92|0x0000000085c00000, 0x0000000085c00000, 0x0000000085d00000|  0%| F|  |TAMS 0x0000000085c00000, 0x0000000085c00000| Untracked 
|  93|0x0000000085d00000, 0x0000000085d00000, 0x0000000085e00000|  0%| F|  |TAMS 0x0000000085d00000, 0x0000000085d00000| Untracked 
|  94|0x0000000085e00000, 0x0000000085e00000, 0x0000000085f00000|  0%| F|  |TAMS 0x0000000085e00000, 0x0000000085e00000| Untracked 
|  95|0x0000000085f00000, 0x0000000085f00000, 0x0000000086000000|  0%| F|  |TAMS 0x0000000085f00000, 0x0000000085f00000| Untracked 
|  96|0x0000000086000000, 0x0000000086000000, 0x0000000086100000|  0%| F|  |TAMS 0x0000000086000000, 0x0000000086000000| Untracked 
|  97|0x0000000086100000, 0x0000000086100000, 0x0000000086200000|  0%| F|  |TAMS 0x0000000086100000, 0x0000000086100000| Untracked 
|  98|0x0000000086200000, 0x0000000086200000, 0x0000000086300000|  0%| F|  |TAMS 0x0000000086200000, 0x0000000086200000| Untracked 
|  99|0x0000000086300000, 0x0000000086300000, 0x0000000086400000|  0%| F|  |TAMS 0x0000000086300000, 0x0000000086300000| Untracked 
| 100|0x0000000086400000, 0x0000000086400000, 0x0000000086500000|  0%| F|  |TAMS 0x0000000086400000, 0x0000000086400000| Untracked 
| 101|0x0000000086500000, 0x0000000086500000, 0x0000000086600000|  0%| F|  |TAMS 0x0000000086500000, 0x0000000086500000| Untracked 
| 102|0x0000000086600000, 0x0000000086600000, 0x0000000086700000|  0%| F|  |TAMS 0x0000000086600000, 0x0000000086600000| Untracked 
| 103|0x0000000086700000, 0x0000000086700000, 0x0000000086800000|  0%| F|  |TAMS 0x0000000086700000, 0x0000000086700000| Untracked 
| 104|0x0000000086800000, 0x0000000086800000, 0x0000000086900000|  0%| F|  |TAMS 0x0000000086800000, 0x0000000086800000| Untracked 
| 105|0x0000000086900000, 0x000000008697be30, 0x0000000086a00000| 48%| E|  |TAMS 0x0000000086900000, 0x0000000086900000| Complete 
| 106|0x0000000086a00000, 0x0000000086b00000, 0x0000000086b00000|100%| E|CS|TAMS 0x0000000086a00000, 0x0000000086a00000| Complete 
| 107|0x0000000086b00000, 0x0000000086c00000, 0x0000000086c00000|100%| E|CS|TAMS 0x0000000086b00000, 0x0000000086b00000| Complete 
| 108|0x0000000086c00000, 0x0000000086d00000, 0x0000000086d00000|100%| E|CS|TAMS 0x0000000086c00000, 0x0000000086c00000| Complete 
| 109|0x0000000086d00000, 0x0000000086e00000, 0x0000000086e00000|100%| E|CS|TAMS 0x0000000086d00000, 0x0000000086d00000| Complete 
| 110|0x0000000086e00000, 0x0000000086f00000, 0x0000000086f00000|100%| E|CS|TAMS 0x0000000086e00000, 0x0000000086e00000| Complete 
| 111|0x0000000086f00000, 0x0000000087000000, 0x0000000087000000|100%| E|CS|TAMS 0x0000000086f00000, 0x0000000086f00000| Complete 
| 112|0x0000000087000000, 0x0000000087100000, 0x0000000087100000|100%| E|CS|TAMS 0x0000000087000000, 0x0000000087000000| Complete 
| 113|0x0000000087100000, 0x0000000087200000, 0x0000000087200000|100%| E|CS|TAMS 0x0000000087100000, 0x0000000087100000| Complete 
| 114|0x0000000087200000, 0x0000000087300000, 0x0000000087300000|100%| E|CS|TAMS 0x0000000087200000, 0x0000000087200000| Complete 
| 115|0x0000000087300000, 0x00000000873c0830, 0x0000000087400000| 75%| S|CS|TAMS 0x0000000087300000, 0x0000000087300000| Complete 
| 116|0x0000000087400000, 0x0000000087500000, 0x0000000087500000|100%| S|CS|TAMS 0x0000000087400000, 0x0000000087400000| Complete 
| 117|0x0000000087500000, 0x0000000087600000, 0x0000000087600000|100%| E|CS|TAMS 0x0000000087500000, 0x0000000087500000| Complete 
| 118|0x0000000087600000, 0x0000000087700000, 0x0000000087700000|100%| E|CS|TAMS 0x0000000087600000, 0x0000000087600000| Complete 
| 119|0x0000000087700000, 0x0000000087800000, 0x0000000087800000|100%| E|CS|TAMS 0x0000000087700000, 0x0000000087700000| Complete 
| 120|0x0000000087800000, 0x0000000087900000, 0x0000000087900000|100%| E|CS|TAMS 0x0000000087800000, 0x0000000087800000| Complete 
| 121|0x0000000087900000, 0x0000000087a00000, 0x0000000087a00000|100%| E|CS|TAMS 0x0000000087900000, 0x0000000087900000| Complete 
| 122|0x0000000087a00000, 0x0000000087b00000, 0x0000000087b00000|100%| E|CS|TAMS 0x0000000087a00000, 0x0000000087a00000| Complete 
| 123|0x0000000087b00000, 0x0000000087c00000, 0x0000000087c00000|100%| E|CS|TAMS 0x0000000087b00000, 0x0000000087b00000| Complete 
| 124|0x0000000087c00000, 0x0000000087d00000, 0x0000000087d00000|100%| E|CS|TAMS 0x0000000087c00000, 0x0000000087c00000| Complete 
| 125|0x0000000087d00000, 0x0000000087e00000, 0x0000000087e00000|100%| E|CS|TAMS 0x0000000087d00000, 0x0000000087d00000| Complete 
| 126|0x0000000087e00000, 0x0000000087f00000, 0x0000000087f00000|100%| E|CS|TAMS 0x0000000087e00000, 0x0000000087e00000| Complete 
| 127|0x0000000087f00000, 0x0000000088000000, 0x0000000088000000|100%| E|CS|TAMS 0x0000000087f00000, 0x0000000087f00000| Complete 

Card table byte_map: [0x00000195774d0000,0x00000195778d0000] _byte_map_base: 0x00000195770d0000

Marking Bits (Prev, Next): (CMBitMap*) 0x00000195649b64e0, (CMBitMap*) 0x00000195649b6520
 Prev Bits: [0x0000019577cd0000, 0x0000019579cd0000)
 Next Bits: [0x0000019579cd0000, 0x000001957bcd0000)

Polling page: 0x0000019562450000

Metaspace:

Usage:
  Non-class:     17.62 MB used.
      Class:      2.02 MB used.
       Both:     19.64 MB used.

Virtual space:
  Non-class space:       64.00 MB reserved,      17.75 MB ( 28%) committed,  1 nodes.
      Class space:        1.00 GB reserved,       2.19 MB ( <1%) committed,  1 nodes.
             Both:        1.06 GB reserved,      19.94 MB (  2%) committed. 

Chunk freelists:
   Non-Class:  14.00 MB
       Class:  13.87 MB
        Both:  27.87 MB

MaxMetaspaceSize: unlimited
CompressedClassSpaceSize: 1.00 GB
Initial GC threshold: 21.00 MB
Current GC threshold: 21.00 MB
CDS: off
MetaspaceReclaimPolicy: balanced
 - commit_granule_bytes: 65536.
 - commit_granule_words: 8192.
 - virtual_space_node_default_size: 8388608.
 - enlarge_chunks_in_place: 1.
 - new_chunks_are_fully_committed: 0.
 - uncommit_free_chunks: 1.
 - use_allocation_guard: 0.
 - handle_deallocations: 1.


Internal statistics:

num_allocs_failed_limit: 0.
num_arena_births: 360.
num_arena_deaths: 0.
num_vsnodes_births: 2.
num_vsnodes_deaths: 0.
num_space_committed: 319.
num_space_uncommitted: 0.
num_chunks_returned_to_freelist: 0.
num_chunks_taken_from_freelist: 733.
num_chunk_merges: 0.
num_chunk_splits: 424.
num_chunks_enlarged: 186.
num_inconsistent_stats: 0.

CodeHeap 'non-profiled nmethods': size=120000Kb used=886Kb max_used=886Kb free=119113Kb
 bounds [0x000001956fba0000, 0x000001956fe10000, 0x00000195770d0000]
CodeHeap 'profiled nmethods': size=120000Kb used=4405Kb max_used=4405Kb free=115594Kb
 bounds [0x00000195680d0000, 0x0000019568520000, 0x000001956f600000]
CodeHeap 'non-nmethods': size=5760Kb used=1213Kb max_used=1271Kb free=4546Kb
 bounds [0x000001956f600000, 0x000001956f870000, 0x000001956fba0000]
 total_blobs=2722 nmethods=2215 adapters=419
 compilation: enabled
              stopped_count=0, restarted_count=0
 full_count=0

Compilation events (20 events):
Event: 6.243 Thread 0x000001957e3766a0 2208       3       java.util.AbstractList::hashCode (46 bytes)
Event: 6.243 Thread 0x000001957e3766a0 nmethod 2208 0x0000019568519b10 code [0x0000019568519d00, 0x000001956851a238]
Event: 6.246 Thread 0x000001957e371b30 nmethod 2206 0x000001956fc7c290 code [0x000001956fc7c420, 0x000001956fc7c988]
Event: 6.246 Thread 0x000001957e371b30 2204       4       java.security.AccessController::checkContext (49 bytes)
Event: 6.247 Thread 0x000001957e371b30 nmethod 2204 0x000001956fc7ca90 code [0x000001956fc7cc00, 0x000001956fc7cc98]
Event: 6.249 Thread 0x000001957e371b30 2209       4       java.lang.CharacterDataLatin1::isJavaIdentifierStart (23 bytes)
Event: 6.250 Thread 0x000001957e371b30 nmethod 2209 0x000001956fc7cd90 code [0x000001956fc7cf00, 0x000001956fc7cfb8]
Event: 6.259 Thread 0x000001957e3766a0 2210       3       jdk.internal.loader.AbstractClassLoaderValue$Sub::equals (55 bytes)
Event: 6.259 Thread 0x000001957e3766a0 nmethod 2210 0x000001956851a390 code [0x000001956851a580, 0x000001956851acb8]
Event: 6.261 Thread 0x000001957e371b30 2211       4       org.postgresql.core.Parser::isIdentifierStartChar (5 bytes)
Event: 6.262 Thread 0x000001957e3766a0 2212       3       jdk.internal.misc.Unsafe::getAndAddInt (27 bytes)
Event: 6.262 Thread 0x000001957e3766a0 nmethod 2212 0x000001956851ae10 code [0x000001956851afc0, 0x000001956851b208]
Event: 6.262 Thread 0x000001957e3766a0 2213   !   3       jdk.internal.loader.AbstractClassLoaderValue::computeIfAbsent (113 bytes)
Event: 6.263 Thread 0x000001957e371b30 nmethod 2211 0x000001956fc7d090 code [0x000001956fc7d220, 0x000001956fc7d318]
Event: 6.263 Thread 0x000001957e371b30 2214   !   4       java.util.concurrent.ConcurrentHashMap::transfer (849 bytes)
Event: 6.267 Thread 0x000001957e3766a0 nmethod 2213 0x000001956851b310 code [0x000001956851b5c0, 0x000001956851c408]
Event: 6.267 Thread 0x000001957e3766a0 2215       3       java.util.concurrent.atomic.AtomicLong::getAndIncrement (12 bytes)
Event: 6.267 Thread 0x000001957e3766a0 nmethod 2215 0x000001956851ca10 code [0x000001956851cba0, 0x000001956851ccb8]
Event: 6.272 Thread 0x000001957e3766a0 2218       3       org.postgresql.jdbc.PgStatement::clearWarnings (6 bytes)
Event: 6.272 Thread 0x000001957e3766a0 nmethod 2218 0x000001956851cd90 code [0x000001956851cf20, 0x000001956851d098]

GC Heap History (4 events):
Event: 0.493 GC heap before
{Heap before GC invocations=0 (full 0):
 garbage-first heap   total 131072K, used 15360K [0x0000000080000000, 0x0000000100000000)
  region size 1024K, 13 young (13312K), 0 survivors (0K)
 Metaspace       used 14385K, committed 14720K, reserved 1114112K
  class space    used 1509K, committed 1664K, reserved 1048576K
}
Event: 0.496 GC heap after
{Heap after GC invocations=1 (full 0):
 garbage-first heap   total 131072K, used 7454K [0x0000000080000000, 0x0000000100000000)
  region size 1024K, 2 young (2048K), 2 survivors (2048K)
 Metaspace       used 14385K, committed 14720K, reserved 1114112K
  class space    used 1509K, committed 1664K, reserved 1048576K
}
Event: 0.834 GC heap before
{Heap before GC invocations=1 (full 0):
 garbage-first heap   total 131072K, used 17694K [0x0000000080000000, 0x0000000100000000)
  region size 1024K, 13 young (13312K), 2 survivors (2048K)
 Metaspace       used 18731K, committed 19008K, reserved 1114112K
  class space    used 1943K, committed 2048K, reserved 1048576K
}
Event: 0.838 GC heap after
{Heap after GC invocations=2 (full 0):
 garbage-first heap   total 131072K, used 8717K [0x0000000080000000, 0x0000000100000000)
  region size 1024K, 2 young (2048K), 2 survivors (2048K)
 Metaspace       used 18731K, committed 19008K, reserved 1114112K
  class space    used 1943K, committed 2048K, reserved 1048576K
}

Dll operation events (1 events):
Event: 0.012 Loaded shared library D:\idea\JetBrains\IntelliJIdea2024.1\jbr\bin\java.dll

Deoptimization events (20 events):
Event: 5.627 Thread 0x000001957eade970 Uncommon trap: trap_request=0xffffffc6 fr.pc=0x000001956fc3bc40 relative=0x0000000000000f00
Event: 5.627 Thread 0x000001957eade970 Uncommon trap: reason=bimorphic_or_optimized_type_check action=maybe_recompile pc=0x000001956fc3bc40 method=java.util.HashMap.putVal(ILjava/lang/Object;Ljava/lang/Object;ZZ)Ljava/lang/Object; @ 91 c2
Event: 5.627 Thread 0x000001957eade970 DEOPT PACKING pc=0x000001956fc3bc40 sp=0x00000039ae3fcee0
Event: 5.627 Thread 0x000001957eade970 DEOPT UNPACKING pc=0x000001956f65a1a3 sp=0x00000039ae3fce80 mode 2
Event: 5.627 Thread 0x000001957eade970 Uncommon trap: trap_request=0xffffffc6 fr.pc=0x000001956fc3bbf8 relative=0x0000000000000eb8
Event: 5.627 Thread 0x000001957eade970 Uncommon trap: reason=bimorphic_or_optimized_type_check action=maybe_recompile pc=0x000001956fc3bbf8 method=java.util.HashMap.putVal(ILjava/lang/Object;Ljava/lang/Object;ZZ)Ljava/lang/Object; @ 203 c2
Event: 5.627 Thread 0x000001957eade970 DEOPT PACKING pc=0x000001956fc3bbf8 sp=0x00000039ae3fcee0
Event: 5.627 Thread 0x000001957eade970 DEOPT UNPACKING pc=0x000001956f65a1a3 sp=0x00000039ae3fce80 mode 2
Event: 5.651 Thread 0x000001957eade970 DEOPT PACKING pc=0x00000195681673ba sp=0x00000039ae3fd750
Event: 5.651 Thread 0x000001957eade970 DEOPT UNPACKING pc=0x000001956f65ace3 sp=0x00000039ae3fcbc8 mode 0
Event: 5.688 Thread 0x000001957eade970 Uncommon trap: trap_request=0xffffffc6 fr.pc=0x000001956fc49448 relative=0x0000000000000cc8
Event: 5.688 Thread 0x000001957eade970 Uncommon trap: reason=bimorphic_or_optimized_type_check action=maybe_recompile pc=0x000001956fc49448 method=java.util.HashMap.putVal(ILjava/lang/Object;Ljava/lang/Object;ZZ)Ljava/lang/Object; @ 152 c2
Event: 5.688 Thread 0x000001957eade970 DEOPT PACKING pc=0x000001956fc49448 sp=0x00000039ae3fdad0
Event: 5.688 Thread 0x000001957eade970 DEOPT UNPACKING pc=0x000001956f65a1a3 sp=0x00000039ae3fda50 mode 2
Event: 5.757 Thread 0x000001957eade970 Uncommon trap: trap_request=0xffffffc6 fr.pc=0x000001956fc49448 relative=0x0000000000000cc8
Event: 5.757 Thread 0x000001957eade970 Uncommon trap: reason=bimorphic_or_optimized_type_check action=maybe_recompile pc=0x000001956fc49448 method=java.util.HashMap.putVal(ILjava/lang/Object;Ljava/lang/Object;ZZ)Ljava/lang/Object; @ 152 c2
Event: 5.758 Thread 0x000001957eade970 DEOPT PACKING pc=0x000001956fc49448 sp=0x00000039ae3fdb10
Event: 5.758 Thread 0x000001957eade970 DEOPT UNPACKING pc=0x000001956f65a1a3 sp=0x00000039ae3fda90 mode 2
Event: 6.012 Thread 0x000001957eade970 DEOPT PACKING pc=0x00000195682c857a sp=0x00000039ae3fdf10
Event: 6.012 Thread 0x000001957eade970 DEOPT UNPACKING pc=0x000001956f65ace3 sp=0x00000039ae3fd328 mode 0

Classes unloaded (0 events):
No events

Classes redefined (0 events):
No events

Internal exceptions (20 events):
Event: 0.381 Thread 0x000001957eade970 Exception <a 'java/lang/NoSuchMethodError'{0x00000000877e53a8}: 'void java.lang.invoke.Invokers$Holder.invoke_MT(java.lang.Object, java.lang.Object, java.lang.Object)'> (0x00000000877e53a8) 
thrown [s\src\hotspot\share\interpreter\linkResolver.cpp, line 771]
Event: 0.383 Thread 0x000001957eae52f0 Exception <a 'java/lang/NoSuchMethodError'{0x0000000087608ac8}: 'java.lang.Object java.lang.invoke.DirectMethodHandle$Holder.newInvokeSpecial(java.lang.Object, java.lang.Object, int, java.lang.Object, long)'> (0x0000000087608ac8) 
thrown [s\src\hotspot\share\interpreter\linkResolver.cpp, line 771]
Event: 0.453 Thread 0x000001957eade970 Exception <a 'java/lang/NoSuchMethodError'{0x000000008748e098}: 'java.lang.Object java.lang.invoke.DirectMethodHandle$Holder.invokeInterface(java.lang.Object, java.lang.Object)'> (0x000000008748e098) 
thrown [s\src\hotspot\share\interpreter\linkResolver.cpp, line 771]
Event: 0.470 Thread 0x000001957eade970 Exception <a 'java/lang/NoSuchMethodError'{0x0000000087339550}: 'java.lang.Object java.lang.invoke.DirectMethodHandle$Holder.invokeVirtual(java.lang.Object, java.lang.Object, java.lang.Object, java.lang.Object)'> (0x0000000087339550) 
thrown [s\src\hotspot\share\interpreter\linkResolver.cpp, line 771]
Event: 0.471 Thread 0x000001957eade970 Exception <a 'java/lang/NoSuchMethodError'{0x0000000087341dc0}: 'void java.lang.invoke.DirectMethodHandle$Holder.invokeStatic(java.lang.Object, java.lang.Object, java.lang.Object, java.lang.Object)'> (0x0000000087341dc0) 
thrown [s\src\hotspot\share\interpreter\linkResolver.cpp, line 771]
Event: 0.483 Thread 0x000001957eade970 Exception <a 'java/lang/NoSuchMethodError'{0x00000000873b1cb8}: 'int java.lang.invoke.DirectMethodHandle$Holder.invokeStaticInit(java.lang.Object, java.lang.Object, java.lang.Object, java.lang.Object)'> (0x00000000873b1cb8) 
thrown [s\src\hotspot\share\interpreter\linkResolver.cpp, line 771]
Event: 0.484 Thread 0x000001957eade970 Exception <a 'java/lang/IncompatibleClassChangeError'{0x00000000873bae98}: Found class java.lang.Object, but interface was expected> (0x00000000873bae98) 
thrown [s\src\hotspot\share\interpreter\linkResolver.cpp, line 838]
Event: 0.486 Thread 0x000001957eade970 Exception <a 'java/lang/NoSuchMethodError'{0x00000000873c0740}: 'int java.lang.invoke.DirectMethodHandle$Holder.invokeStaticInit(java.lang.Object, java.lang.Object)'> (0x00000000873c0740) 
thrown [s\src\hotspot\share\interpreter\linkResolver.cpp, line 771]
Event: 0.608 Thread 0x000001957eade970 Exception <a 'sun/nio/fs/WindowsException'{0x0000000087ce7d58}> (0x0000000087ce7d58) 
thrown [s\src\hotspot\share\prims\jni.cpp, line 531]
Event: 0.715 Thread 0x000001957eade970 Exception <a 'java/lang/NoSuchMethodError'{0x00000000879db4d8}: 'java.lang.Object java.lang.invoke.DirectMethodHandle$Holder.invokeStaticInit(java.lang.Object, java.lang.Object, java.lang.Object)'> (0x00000000879db4d8) 
thrown [s\src\hotspot\share\interpreter\linkResolver.cpp, line 771]
Event: 0.721 Thread 0x000001957eade970 Exception <a 'java/lang/NoSuchMethodError'{0x0000000087836508}: 'java.lang.Object java.lang.invoke.DirectMethodHandle$Holder.newInvokeSpecial(java.lang.Object, java.lang.Object, int)'> (0x0000000087836508) 
thrown [s\src\hotspot\share\interpreter\linkResolver.cpp, line 771]
Event: 0.878 Thread 0x000001957eade970 Exception <a 'java/lang/NoSuchMethodError'{0x0000000087e88188}: static [Ljava/lang/Object;.<clinit>()V> (0x0000000087e88188) 
thrown [s\src\hotspot\share\prims\jni.cpp, line 1122]
Event: 0.911 Thread 0x000001957eade970 Exception <a 'java/lang/NoSuchMethodError'{0x0000000087d12350}: static Lcom/intellij/database/remote/jdbc/RemoteResultSet$DataRetrievingOptions;.<clinit>()V> (0x0000000087d12350) 
thrown [s\src\hotspot\share\prims\jni.cpp, line 1122]
Event: 5.630 Thread 0x000001957eade970 Exception <a 'java/lang/NoSuchMethodError'{0x0000000087bc8718}: static Lcom/intellij/database/remote/jdba/core/ConnectionInfo;.<clinit>()V> (0x0000000087bc8718) 
thrown [s\src\hotspot\share\prims\jni.cpp, line 1122]
Event: 5.632 Thread 0x000001957eade970 Exception <a 'java/lang/NoSuchMethodError'{0x0000000087bd2ad0}: static Ljava/lang/Object;.<clinit>()V> (0x0000000087bd2ad0) 
thrown [s\src\hotspot\share\prims\jni.cpp, line 1122]
Event: 5.632 Thread 0x000001957eade970 Exception <a 'java/lang/NoSuchMethodError'{0x0000000087bd6620}: static [I.<clinit>()V> (0x0000000087bd6620) 
thrown [s\src\hotspot\share\prims\jni.cpp, line 1122]
Event: 5.658 Thread 0x000001957eade970 Exception <a 'java/lang/NoSuchMethodError'{0x0000000087af1d60}: static Lcom/intellij/database/remote/jdba/core/ResultLayout;.<clinit>()V> (0x0000000087af1d60) 
thrown [s\src\hotspot\share\prims\jni.cpp, line 1122]
Event: 5.659 Thread 0x000001957eade970 Exception <a 'java/lang/NoSuchMethodError'{0x0000000087afe6a8}: static Lcom/intellij/database/remote/jdba/core/RowLayout;.<clinit>()V> (0x0000000087afe6a8) 
thrown [s\src\hotspot\share\prims\jni.cpp, line 1122]
Event: 5.660 Thread 0x000001957eade970 Exception <a 'java/lang/NoSuchMethodError'{0x000000008790b398}: static Lcom/intellij/database/remote/jdba/util/NameAndClass;.<clinit>()V> (0x000000008790b398) 
thrown [s\src\hotspot\share\prims\jni.cpp, line 1122]
Event: 5.779 Thread 0x000001957eade970 Exception <a 'java/lang/NoSuchMethodError'{0x00000000878d3028}: static [J.<clinit>()V> (0x00000000878d3028) 
thrown [s\src\hotspot\share\prims\jni.cpp, line 1122]

VM Operations (20 events):
Event: 0.224 Executing VM operation: HandshakeAllThreads
Event: 0.224 Executing VM operation: HandshakeAllThreads done
Event: 0.492 Executing VM operation: G1CollectForAllocation
Event: 0.496 Executing VM operation: G1CollectForAllocation done
Event: 0.597 Executing VM operation: HandshakeAllThreads
Event: 0.597 Executing VM operation: HandshakeAllThreads done
Event: 0.616 Executing VM operation: HandshakeAllThreads
Event: 0.616 Executing VM operation: HandshakeAllThreads done
Event: 0.664 Executing VM operation: HandshakeAllThreads
Event: 0.664 Executing VM operation: HandshakeAllThreads done
Event: 0.834 Executing VM operation: G1CollectForAllocation
Event: 0.838 Executing VM operation: G1CollectForAllocation done
Event: 0.876 Executing VM operation: HandshakeAllThreads
Event: 0.876 Executing VM operation: HandshakeAllThreads done
Event: 1.876 Executing VM operation: Cleanup
Event: 1.876 Executing VM operation: Cleanup done
Event: 3.877 Executing VM operation: Cleanup
Event: 3.877 Executing VM operation: Cleanup done
Event: 5.878 Executing VM operation: Cleanup
Event: 5.878 Executing VM operation: Cleanup done

Events (20 events):
Event: 5.610 loading class java/util/concurrent/LinkedBlockingQueue
Event: 5.611 loading class java/util/concurrent/LinkedBlockingQueue done
Event: 5.611 loading class java/util/concurrent/LinkedBlockingQueue$Node
Event: 5.611 loading class java/util/concurrent/LinkedBlockingQueue$Node done
Event: 5.616 loading class java/lang/AbstractMethodError
Event: 5.617 loading class java/lang/AbstractMethodError done
Event: 5.627 loading class java/lang/Byte$ByteCache
Event: 5.627 loading class java/lang/Byte$ByteCache done
Event: 5.627 loading class java/lang/Short$ShortCache
Event: 5.627 loading class java/lang/Short$ShortCache done
Event: 5.628 loading class java/util/regex/Pattern$LookBehindEndNode
Event: 5.628 loading class java/util/regex/Pattern$LookBehindEndNode done
Event: 5.628 loading class java/util/regex/Pattern$Behind
Event: 5.628 loading class java/util/regex/Pattern$Behind done
Event: 5.628 loading class java/util/regex/Pattern$Neg
Event: 5.629 loading class java/util/regex/Pattern$Neg done
Event: 5.629 loading class java/util/regex/Pattern$NotBehind
Event: 5.629 loading class java/util/regex/Pattern$NotBehind done
Event: 5.629 loading class java/util/regex/Pattern$Pos
Event: 5.629 loading class java/util/regex/Pattern$Pos done


Dynamic libraries:
0x00007ff659b30000 - 0x00007ff659b3a000 	D:\idea\JetBrains\IntelliJIdea2024.1\jbr\bin\java.exe
0x00007ffb7dcd0000 - 0x00007ffb7dec8000 	C:\Windows\SYSTEM32\ntdll.dll
0x00007ffb7c5e0000 - 0x00007ffb7c69d000 	C:\Windows\System32\KERNEL32.DLL
0x00007ffb7b3c0000 - 0x00007ffb7b6b6000 	C:\Windows\System32\KERNELBASE.dll
0x00007ffb7baf0000 - 0x00007ffb7bbf0000 	C:\Windows\System32\ucrtbase.dll
0x00007ffb73300000 - 0x00007ffb7331b000 	D:\idea\JetBrains\IntelliJIdea2024.1\jbr\bin\VCRUNTIME140.dll
0x00007ffb56440000 - 0x00007ffb56457000 	D:\idea\JetBrains\IntelliJIdea2024.1\jbr\bin\jli.dll
0x00007ffb7c950000 - 0x00007ffb7caef000 	C:\Windows\System32\USER32.dll
0x00007ffb7b390000 - 0x00007ffb7b3b2000 	C:\Windows\System32\win32u.dll
0x00007ffb7c700000 - 0x00007ffb7c72b000 	C:\Windows\System32\GDI32.dll
0x00007ffb7bbf0000 - 0x00007ffb7bd07000 	C:\Windows\System32\gdi32full.dll
0x00007ffb7ba50000 - 0x00007ffb7baed000 	C:\Windows\System32\msvcp_win.dll
0x00007ffb66fa0000 - 0x00007ffb6723a000 	C:\Windows\WinSxS\amd64_microsoft.windows.common-controls_6595b64144ccf1df_6.0.19041.4355_none_60b8b9eb71f62e16\COMCTL32.dll
0x00007ffb7da00000 - 0x00007ffb7da9e000 	C:\Windows\System32\msvcrt.dll
0x00007ffb7c730000 - 0x00007ffb7c75f000 	C:\Windows\System32\IMM32.DLL
0x00007ffb7c6a0000 - 0x00007ffb7c6f5000 	C:\Windows\System32\SHLWAPI.dll
0x00007ffb7c770000 - 0x00007ffb7c820000 	C:\Windows\System32\ADVAPI32.dll
0x00007ffb7dbf0000 - 0x00007ffb7dc90000 	C:\Windows\System32\sechost.dll
0x00007ffb7daa0000 - 0x00007ffb7dbc3000 	C:\Windows\System32\RPCRT4.dll
0x00007ffb7b770000 - 0x00007ffb7b797000 	C:\Windows\System32\bcrypt.dll
0x00007ffb74580000 - 0x00007ffb7458c000 	D:\idea\JetBrains\IntelliJIdea2024.1\jbr\bin\vcruntime140_1.dll
0x00007ffb71150000 - 0x00007ffb711dd000 	D:\idea\JetBrains\IntelliJIdea2024.1\jbr\bin\msvcp140.dll
0x00007ffb3e270000 - 0x00007ffb3eef2000 	D:\idea\JetBrains\IntelliJIdea2024.1\jbr\bin\server\jvm.dll
0x00007ffb7a910000 - 0x00007ffb7a95b000 	C:\Windows\SYSTEM32\POWRPROF.dll
0x00007ffb61380000 - 0x00007ffb61389000 	C:\Windows\SYSTEM32\WSOCK32.dll
0x00007ffb7c820000 - 0x00007ffb7c88b000 	C:\Windows\System32\WS2_32.dll
0x00007ffb63b90000 - 0x00007ffb63bb7000 	C:\Windows\SYSTEM32\WINMM.dll
0x00007ffb6f6d0000 - 0x00007ffb6f6da000 	C:\Windows\SYSTEM32\VERSION.dll
0x00007ffb7a780000 - 0x00007ffb7a792000 	C:\Windows\SYSTEM32\UMPDC.dll
0x00007ffb79ba0000 - 0x00007ffb79bb2000 	C:\Windows\SYSTEM32\kernel.appcore.dll
0x00007ffb6f300000 - 0x00007ffb6f30a000 	D:\idea\JetBrains\IntelliJIdea2024.1\jbr\bin\jimage.dll
0x00007ffb79100000 - 0x00007ffb792e4000 	C:\Windows\SYSTEM32\DBGHELP.DLL
0x00007ffb5d5e0000 - 0x00007ffb5d614000 	C:\Windows\SYSTEM32\dbgcore.DLL
0x00007ffb7b950000 - 0x00007ffb7b9d2000 	C:\Windows\System32\bcryptPrimitives.dll
0x00007ffb52e30000 - 0x00007ffb52e55000 	D:\idea\JetBrains\IntelliJIdea2024.1\jbr\bin\java.dll
0x00007ffb4c5b0000 - 0x00007ffb4c5c8000 	D:\idea\JetBrains\IntelliJIdea2024.1\jbr\bin\zip.dll
0x00007ffb7cc10000 - 0x00007ffb7d37c000 	C:\Windows\System32\SHELL32.dll
0x00007ffb793f0000 - 0x00007ffb79b8d000 	C:\Windows\SYSTEM32\windows.storage.dll
0x00007ffb7bfb0000 - 0x00007ffb7c303000 	C:\Windows\System32\combase.dll
0x00007ffb7adb0000 - 0x00007ffb7adde000 	C:\Windows\SYSTEM32\Wldp.dll
0x00007ffb7d930000 - 0x00007ffb7d9fd000 	C:\Windows\System32\OLEAUT32.dll
0x00007ffb7c310000 - 0x00007ffb7c3bd000 	C:\Windows\System32\SHCORE.dll
0x00007ffb7b2c0000 - 0x00007ffb7b2e4000 	C:\Windows\SYSTEM32\profapi.dll
0x00007ffb48330000 - 0x00007ffb48349000 	D:\idea\JetBrains\IntelliJIdea2024.1\jbr\bin\net.dll
0x00007ffb73ab0000 - 0x00007ffb73bba000 	C:\Windows\SYSTEM32\WINHTTP.dll
0x00007ffb7ab10000 - 0x00007ffb7ab7a000 	C:\Windows\system32\mswsock.dll
0x00007ffb47ab0000 - 0x00007ffb47ac6000 	D:\idea\JetBrains\IntelliJIdea2024.1\jbr\bin\nio.dll
0x00007ffb7a7a0000 - 0x00007ffb7a7db000 	C:\Windows\SYSTEM32\IPHLPAPI.DLL
0x00007ffb7c5d0000 - 0x00007ffb7c5d8000 	C:\Windows\System32\NSI.dll
0x00007ffb6f440000 - 0x00007ffb6f457000 	C:\Windows\SYSTEM32\dhcpcsvc6.DLL
0x00007ffb6f3f0000 - 0x00007ffb6f40d000 	C:\Windows\SYSTEM32\dhcpcsvc.DLL
0x00007ffb7a7f0000 - 0x00007ffb7a8ba000 	C:\Windows\SYSTEM32\DNSAPI.dll
0x00007ffb7ad00000 - 0x00007ffb7ad18000 	C:\Windows\SYSTEM32\CRYPTSP.dll
0x00007ffb7a3c0000 - 0x00007ffb7a3f4000 	C:\Windows\system32\rsaenh.dll
0x00007ffb7b230000 - 0x00007ffb7b25e000 	C:\Windows\SYSTEM32\USERENV.dll
0x00007ffb7ad20000 - 0x00007ffb7ad2c000 	C:\Windows\SYSTEM32\CRYPTBASE.dll
0x00007ffb56420000 - 0x00007ffb56429000 	D:\idea\JetBrains\IntelliJIdea2024.1\jbr\bin\extnet.dll
0x00007ffb47750000 - 0x00007ffb47757000 	D:\idea\JetBrains\IntelliJIdea2024.1\jbr\bin\rmi.dll
0x000000006dfd0000 - 0x000000006dff6000 	C:\Program Files\Bonjour\mdnsNSP.dll
0x00007ffb71630000 - 0x00007ffb7163a000 	C:\Windows\System32\rasadhlp.dll
0x00007ffb69db0000 - 0x00007ffb69e30000 	C:\Windows\System32\fwpuclnt.dll
0x00007ffb62d70000 - 0x00007ffb62d79000 	D:\idea\JetBrains\IntelliJIdea2024.1\jbr\bin\management.dll
0x00007ffb5add0000 - 0x00007ffb5addb000 	D:\idea\JetBrains\IntelliJIdea2024.1\jbr\bin\management_ext.dll
0x00007ffb7c760000 - 0x00007ffb7c768000 	C:\Windows\System32\PSAPI.DLL

dbghelp: loaded successfully - version: 4.0.5 - missing functions: none
symbol engine: initialized successfully - sym options: 0x614 - pdb path: .;D:\idea\JetBrains\IntelliJIdea2024.1\jbr\bin;C:\Windows\SYSTEM32;C:\Windows\WinSxS\amd64_microsoft.windows.common-controls_6595b64144ccf1df_6.0.19041.4355_none_60b8b9eb71f62e16;D:\idea\JetBrains\IntelliJIdea2024.1\jbr\bin\server;C:\Program Files\Bonjour

VM Arguments:
jvm_args: -Djava.rmi.server.hostname=127.0.0.1 -Duser.timezone=UTC -Xmx2048m -Xms128m -Djdbc.classpath=D:\idea\JetBrains\IntelliJIdea2024.1\plugins\DatabaseTools\lib\jdbc-console.jar;C:\Users\Елена\AppData\Roaming\JetBrains\IntelliJIdea2024.1\jdbc-drivers\PostgreSQL\42.6.0\org\postgresql\postgresql\42.6.0\postgresql-42.6.0.jar;C:\Users\Елена\AppData\Roaming\JetBrains\IntelliJIdea2024.1\jdbc-drivers\PostgreSQL\42.6.0\org\checkerframework\checker-qual\3.31.0\checker-qual-3.31.0.jar;C:\Users\Елена\AppData\Roaming\JetBrains\IntelliJIdea2024.1\jdbc-drivers\PostgreSQL\42.6.0\com\github\waffle\waffle-jna\1.9.1\waffle-jna-1.9.1.jar;C:\Users\Елена\AppData\Roaming\JetBrains\IntelliJIdea2024.1\jdbc-drivers\PostgreSQL\42.6.0\net\java\dev\jna\jna\4.5.1\jna-4.5.1.jar;C:\Users\Елена\AppData\Roaming\JetBrains\IntelliJIdea2024.1\jdbc-drivers\PostgreSQL\42.6.0\net\java\dev\jna\jna-platform\4.5.1\jna-platform-4.5.1.jar;C:\Users\Елена\AppData\Roaming\JetBrains\IntelliJIdea2024.1\jdbc-drivers\PostgreSQL\42.6.0\org\slf4j\jcl-over-slf4j\1.7.25\jcl-over-slf4j-1.7.25.jar;C:\Users\Елена\AppData\Roaming\JetBrains\IntelliJIdea2024.1\jdbc-drivers\PostgreSQL\42.6.0\org\slf4j\slf4j-api\1.7.25\slf4j-api-1.7.25.jar;C:\Users\Елена\AppData\Roaming\JetBrains\IntelliJIdea2024.1\jdbc-drivers\PostgreSQL\42.6.0\com\github\ben-manes\caffeine\caffeine\2.6.2\caffeine-2.6.2.jar --add-exports=java.desktop/sun.awt=ALL-UNNAMED --add-exports=java.desktop/java.awt.peer=ALL-UNNAMED --add-opens=java.desktop/java.awt=ALL-UNNAMED --add-opens=jdk.unsupported/sun.misc=ALL-UNNAMED --add-opens=java.base/java.nio=ALL-UNNAMED --add-opens=java.base/java.util=ALL-UNNAMED -Dfile.encoding=UTF-8 
java_command: com.intellij.database.remote.RemoteJdbcServer org.postgresql.Driver
java_class_path (initial): D:\idea\JetBrains\IntelliJIdea2024.1\lib\util_rt.jar;D:\idea\JetBrains\IntelliJIdea2024.1\lib\util-8.jar;D:\idea\JetBrains\IntelliJIdea2024.1\lib\groovy.jar;D:\idea\JetBrains\IntelliJIdea2024.1\plugins\DatabaseTools\lib\jdbc-console.jar;D:\idea\JetBrains\IntelliJIdea2024.1\plugins\grid-core-impl\lib\jdbc-console-types.jar;D:\idea\JetBrains\IntelliJIdea2024.1\lib\util.jar
Launcher Type: SUN_STANDARD

[Global flags]
     intx CICompilerCount                          = 3                                         {product} {ergonomic}
     uint ConcGCThreads                            = 1                                         {product} {ergonomic}
     uint G1ConcRefinementThreads                  = 4                                         {product} {ergonomic}
   size_t G1HeapRegionSize                         = 1048576                                   {product} {ergonomic}
    uintx GCDrainStackTargetSize                   = 64                                        {product} {ergonomic}
   size_t InitialHeapSize                          = 134217728                                 {product} {command line}
   size_t MarkStackSize                            = 4194304                                   {product} {ergonomic}
   size_t MaxHeapSize                              = 2147483648                                {product} {command line}
   size_t MaxNewSize                               = 1287651328                                {product} {ergonomic}
   size_t MinHeapDeltaBytes                        = 1048576                                   {product} {ergonomic}
   size_t MinHeapSize                              = 134217728                                 {product} {command line}
    uintx NonNMethodCodeHeapSize                   = 5832780                                {pd product} {ergonomic}
    uintx NonProfiledCodeHeapSize                  = 122912730                              {pd product} {ergonomic}
    uintx ProfiledCodeHeapSize                     = 122912730                              {pd product} {ergonomic}
    uintx ReservedCodeCacheSize                    = 251658240                              {pd product} {ergonomic}
     bool SegmentedCodeCache                       = true                                      {product} {ergonomic}
   size_t SoftMaxHeapSize                          = 2147483648                             {manageable} {ergonomic}
     bool UseCompressedClassPointers               = true                           {product lp64_product} {ergonomic}
     bool UseCompressedOops                        = true                           {product lp64_product} {ergonomic}
     bool UseG1GC                                  = true                                      {product} {ergonomic}
     bool UseLargePagesIndividualAllocation        = false                                  {pd product} {ergonomic}

Logging:
Log output configuration:
 #0: stdout all=warning uptime,level,tags
 #1: stderr all=off uptime,level,tags

Environment Variables:
JAVA_HOME=D:\jdk\openjdk-21.0.1_windows-x64_bin
PATH=C:\Program Files\Common Files\Oracle\Java\javapath;C:\Program Files (x86)\Common Files\Oracle\Java\java8path;C:\Program Files (x86)\Common Files\Oracle\Java\javapath;C:\Program Files (x86)\NVIDIA Corporation\PhysX\Common;D:\bin\;C:\Windows\system32;C:\Windows;C:\Windows\System32\Wbem;C:\Windows\System32\WindowsPowerShell\v1.0\;C:\Windows\System32\OpenSSH\;C:\Program Files\Git\cmd;C:\Users\Елена\AppData\Local\Programs\Python\Python312\Scripts\;C:\Users\Елена\AppData\Local\Programs\Python\Python312\;C:\Users\Елена\AppData\Local\Microsoft\WindowsApps;C:\Users\Елена\AppData\Local\atom\bin;D:\Microsoft VS Code\bin;C:\Users\Елена\AppData\Local\GitHubDesktop\bin;D:\apache-maven-3.9.7-bin\apache-maven-3.9.7\bin;
USERNAME=User
OS=Windows_NT
PROCESSOR_IDENTIFIER=Intel64 Family 6 Model 140 Stepping 1, GenuineIntel
TMP=C:\Users\6145~1\AppData\Local\Temp
TEMP=C:\Users\6145~1\AppData\Local\Temp



Periodic native trim disabled

JNI global refs:
JNI global refs: 17, weak refs: 0

JNI global refs memory usage: 843, weak refs: 841

OOME stack traces (most recent first):
Classloader memory used:
Loader bootstrap                                                                       : 1959K
Loader jdk.internal.loader.ClassLoaders$AppClassLoader                                 : 267K
Loader com.intellij.database.remote.jdbc.impl.JdbcClassLoader$JdbcClassLoaderImpl      : 214K
Loader jdk.internal.loader.ClassLoaders$PlatformClassLoader                            : 47061B
Loader jdk.internal.reflect.DelegatingClassLoader                                      : 27681B


---------------  S Y S T E M  ---------------

OS:
 Windows 10 , 64 bit Build 19041 (10.0.19041.3636)
OS uptime: 1 days 12:48 hours

CPU: total 4 (initial active 4) (2 cores per cpu, 2 threads per core) family 6 model 140 stepping 1 microcode 0xa4, cx8, cmov, fxsr, ht, mmx, 3dnowpref, sse, sse2, sse3, ssse3, sse4.1, sse4.2, popcnt, lzcnt, tsc, tscinvbit, avx, avx2, aes, erms, clmul, bmi1, bmi2, adx, avx512f, avx512dq, avx512cd, avx512bw, avx512vl, sha, fma, vzeroupper, avx512_vpopcntdq, avx512_vpclmulqdq, avx512_vaes, avx512_vnni, clflush, clflushopt, clwb, avx512_vbmi2, avx512_vbmi
Processor Information for all 4 processors :
  Max Mhz: 2995, Current Mhz: 2995, Mhz Limit: 2995

Memory: 4k page, system-wide physical 7886M (654M free)
TotalPageFile size 15886M (AvailPageFile size 5M)
current process WorkingSet (physical memory assigned to process): 112M, peak: 120M
current process commit charge ("private bytes"): 242M, peak: 259M

vm_info: OpenJDK 64-Bit Server VM (17.0.10+8-b1207.12) for windows-amd64 JRE (17.0.10+8-b1207.12), built on 2024-03-15 by "builduser" with MS VC++ 16.10 / 16.11 (VS2019)

END.
