#
# There is insufficient memory for the Java Runtime Environment to continue.
# Native memory allocation (malloc) failed to allocate 188560 bytes for Chunk::new
# Possible reasons:
#   The system is out of physical RAM or swap space
#   The process is running with CompressedOops enabled, and the Java Heap may be blocking the growth of the native heap
# Possible solutions:
#   Reduce memory load on the system
#   Increase physical memory or swap space
#   Check if swap backing store is full
#   Decrease Java heap size (-Xmx/-Xms)
#   Decrease number of Java threads
#   Decrease Java thread stack sizes (-Xss)
#   Set larger code cache with -XX:ReservedCodeCacheSize=
#   JVM is running with Unscaled Compressed Oops mode in which the Java heap is
#     placed in the first 4GB address space. The Java Heap base address is the
#     maximum limit for the native heap growth. Please use -XX:HeapBaseMinAddress
#     to set the Java Heap base and to place the Java Heap above 4GB virtual address.
# This output file may be truncated or incomplete.
#
#  Out of Memory Error (arena.cpp:191), pid=6732, tid=8520
#
# JRE version: OpenJDK Runtime Environment JBR-17.0.10+8-1207.12-jcef (17.0.10+8) (build 17.0.10+8-b1207.12)
# Java VM: OpenJDK 64-Bit Server VM JBR-17.0.10+8-1207.12-jcef (17.0.10+8-b1207.12, mixed mode, tiered, compressed oops, compressed class ptrs, g1 gc, windows-amd64)
# No core dump will be written. Minidumps are not enabled by default on client versions of Windows
#

---------------  S U M M A R Y ------------

Command Line: -Djava.rmi.server.hostname=127.0.0.1 -Duser.timezone=UTC -Xmx2048m -Xms128m -Djdbc.classpath=D:\idea\JetBrains\IntelliJIdea2024.1\plugins\DatabaseTools\lib\jdbc-console.jar;C:\Users\Елена\AppData\Roaming\JetBrains\IntelliJIdea2024.1\jdbc-drivers\PostgreSQL\42.6.0\org\postgresql\postgresql\42.6.0\postgresql-42.6.0.jar;C:\Users\Елена\AppData\Roaming\JetBrains\IntelliJIdea2024.1\jdbc-drivers\PostgreSQL\42.6.0\org\checkerframework\checker-qual\3.31.0\checker-qual-3.31.0.jar;C:\Users\Елена\AppData\Roaming\JetBrains\IntelliJIdea2024.1\jdbc-drivers\PostgreSQL\42.6.0\com\github\waffle\waffle-jna\1.9.1\waffle-jna-1.9.1.jar;C:\Users\Елена\AppData\Roaming\JetBrains\IntelliJIdea2024.1\jdbc-drivers\PostgreSQL\42.6.0\net\java\dev\jna\jna\4.5.1\jna-4.5.1.jar;C:\Users\Елена\AppData\Roaming\JetBrains\IntelliJIdea2024.1\jdbc-drivers\PostgreSQL\42.6.0\net\java\dev\jna\jna-platform\4.5.1\jna-platform-4.5.1.jar;C:\Users\Елена\AppData\Roaming\JetBrains\IntelliJIdea2024.1\jdbc-drivers\PostgreSQL\42.6.0\org\slf4j\jcl-over-slf4j\1.7.25\jcl-over-slf4j-1.7.25.jar;C:\Users\Елена\AppData\Roaming\JetBrains\IntelliJIdea2024.1\jdbc-drivers\PostgreSQL\42.6.0\org\slf4j\slf4j-api\1.7.25\slf4j-api-1.7.25.jar;C:\Users\Елена\AppData\Roaming\JetBrains\IntelliJIdea2024.1\jdbc-drivers\PostgreSQL\42.6.0\com\github\ben-manes\caffeine\caffeine\2.6.2\caffeine-2.6.2.jar --add-exports=java.desktop/sun.awt=ALL-UNNAMED --add-exports=java.desktop/java.awt.peer=ALL-UNNAMED --add-opens=java.desktop/java.awt=ALL-UNNAMED --add-opens=jdk.unsupported/sun.misc=ALL-UNNAMED --add-opens=java.base/java.nio=ALL-UNNAMED --add-opens=java.base/java.util=ALL-UNNAMED -Dfile.encoding=UTF-8 com.intellij.database.remote.RemoteJdbcServer org.postgresql.Driver

Host: 11th Gen Intel(R) Core(TM) i3-1115G4 @ 3.00GHz, 4 cores, 7G,  Windows 10 , 64 bit Build 19041 (10.0.19041.3636)
Time: Tue Jul  2 17:42:03 2024 RTZ 2 (s 10 , 64 bit Build 19041 (10.0.19041.3636) elapsed time: 2512.956330 seconds (0d 0h 41m 52s)

---------------  T H R E A D  ---------------

Current thread (0x000001d2022634f0):  JavaThread "C2 CompilerThread0" daemon [_thread_in_native, id=8520, stack(0x0000003f37600000,0x0000003f37700000)]


Current CompileTask:
C2:2512956 2801   !   4       sun.rmi.transport.Transport::serviceCall (349 bytes)

Stack: [0x0000003f37600000,0x0000003f37700000]
Native frames: (J=compiled Java code, j=interpreted, Vv=VM code, C=native code)
V  [jvm.dll+0x687989]
V  [jvm.dll+0x84116a]
V  [jvm.dll+0x842dae]
V  [jvm.dll+0x843413]
V  [jvm.dll+0x249ccf]
V  [jvm.dll+0xac524]
V  [jvm.dll+0xacb6c]
V  [jvm.dll+0x11fff7]
V  [jvm.dll+0x619545]
V  [jvm.dll+0x617c04]
V  [jvm.dll+0x21b6f8]
V  [jvm.dll+0x21aca1]
V  [jvm.dll+0x1a602d]
V  [jvm.dll+0x22ac2e]
V  [jvm.dll+0x228db5]
V  [jvm.dll+0x7f5417]
V  [jvm.dll+0x7ef81a]
V  [jvm.dll+0x686805]
C  [ucrtbase.dll+0x21bb2]
C  [KERNEL32.DLL+0x17344]
C  [ntdll.dll+0x4cc91]


---------------  P R O C E S S  ---------------

Threads class SMR info:
_java_thread_list=0x000001d207a27130, length=21, elements={
0x000001d2687df840, 0x000001d202200080, 0x000001d202202100, 0x000001d20222f8d0,
0x000001d2022322b0, 0x000001d202260010, 0x000001d2022628f0, 0x000001d2022634f0,
0x000001d202267e20, 0x000001d202269e50, 0x000001d2023de240, 0x000001d2023def30,
0x000001d2027ce050, 0x000001d2024f13c0, 0x000001d2024f18a0, 0x000001d2024f1d80,
0x000001d20285c590, 0x000001d202a7bd00, 0x000001d202a7c720, 0x000001d202a7d140,
0x000001d202a7a3b0
}

Java Threads: ( => current thread )
  0x000001d2687df840 JavaThread "main" [_thread_blocked, id=8236, stack(0x0000003f36b00000,0x0000003f36c00000)]
  0x000001d202200080 JavaThread "Reference Handler" daemon [_thread_blocked, id=14896, stack(0x0000003f37000000,0x0000003f37100000)]
  0x000001d202202100 JavaThread "Finalizer" daemon [_thread_blocked, id=4576, stack(0x0000003f37100000,0x0000003f37200000)]
  0x000001d20222f8d0 JavaThread "Signal Dispatcher" daemon [_thread_blocked, id=6660, stack(0x0000003f37200000,0x0000003f37300000)]
  0x000001d2022322b0 JavaThread "Attach Listener" daemon [_thread_blocked, id=15584, stack(0x0000003f37300000,0x0000003f37400000)]
  0x000001d202260010 JavaThread "Service Thread" daemon [_thread_blocked, id=11556, stack(0x0000003f37400000,0x0000003f37500000)]
  0x000001d2022628f0 JavaThread "Monitor Deflation Thread" daemon [_thread_blocked, id=6644, stack(0x0000003f37500000,0x0000003f37600000)]
=>0x000001d2022634f0 JavaThread "C2 CompilerThread0" daemon [_thread_in_native, id=8520, stack(0x0000003f37600000,0x0000003f37700000)]
  0x000001d202267e20 JavaThread "C1 CompilerThread0" daemon [_thread_blocked, id=10988, stack(0x0000003f37700000,0x0000003f37800000)]
  0x000001d202269e50 JavaThread "Sweeper thread" daemon [_thread_blocked, id=7548, stack(0x0000003f37800000,0x0000003f37900000)]
  0x000001d2023de240 JavaThread "Common-Cleaner" daemon [_thread_blocked, id=8428, stack(0x0000003f37900000,0x0000003f37a00000)]
  0x000001d2023def30 JavaThread "Notification Thread" daemon [_thread_blocked, id=17076, stack(0x0000003f37a00000,0x0000003f37b00000)]
  0x000001d2027ce050 JavaThread "RMI TCP Accept-11028" daemon [_thread_in_native, id=13080, stack(0x0000003f37c00000,0x0000003f37d00000)]
  0x000001d2024f13c0 JavaThread "RMI TCP Accept-0" daemon [_thread_in_native, id=7748, stack(0x0000003f37d00000,0x0000003f37e00000)]
  0x000001d2024f18a0 JavaThread "RMI Reaper" [_thread_blocked, id=13188, stack(0x0000003f37e00000,0x0000003f37f00000)]
  0x000001d2024f1d80 JavaThread "RMI GC Daemon" daemon [_thread_blocked, id=14496, stack(0x0000003f37f00000,0x0000003f38000000)]
  0x000001d20285c590 JavaThread "RMI TCP Connection(1)-127.0.0.1" daemon [_thread_in_native, id=12932, stack(0x0000003f38000000,0x0000003f38100000)]
  0x000001d202a7bd00 JavaThread "RMI Scheduler(0)" daemon [_thread_blocked, id=4232, stack(0x0000003f38300000,0x0000003f38400000)]
  0x000001d202a7c720 JavaThread "RMI RenewClean-[127.0.0.1:56074]" daemon [_thread_blocked, id=3996, stack(0x0000003f38600000,0x0000003f38700000)]
  0x000001d202a7d140 JavaThread "PostgreSQL-JDBC-Cleaner" daemon [_thread_blocked, id=7248, stack(0x0000003f38c00000,0x0000003f38d00000)]
  0x000001d202a7a3b0 JavaThread "RMI TCP Connection(5)-127.0.0.1" daemon [_thread_in_native, id=15884, stack(0x0000003f36800000,0x0000003f36900000)]

Other Threads:
  0x000001d2021eb140 VMThread "VM Thread" [stack: 0x0000003f36f00000,0x0000003f37000000] [id=16392]
  0x000001d2023df410 WatcherThread [stack: 0x0000003f37b00000,0x0000003f37c00000] [id=16728]
  0x000001d268838860 GCTaskThread "GC Thread#0" [stack: 0x0000003f36600000,0x0000003f36700000] [id=10940]
  0x000001d202f19ca0 GCTaskThread "GC Thread#1" [stack: 0x0000003f38200000,0x0000003f38300000] [id=2624]
  0x000001d2029b1c60 GCTaskThread "GC Thread#2" [stack: 0x0000003f38700000,0x0000003f38800000] [id=16268]
  0x000001d2029b1f20 GCTaskThread "GC Thread#3" [stack: 0x0000003f38800000,0x0000003f38900000] [id=15104]
  0x000001d2688496c0 ConcurrentGCThread "G1 Main Marker" [stack: 0x0000003f36700000,0x0000003f36800000] [id=1388]
  0x000001d26884b000 ConcurrentGCThread "G1 Conc#0" [stack: 0x0000003f36c00000,0x0000003f36d00000] [id=3796]
  0x000001d26887e020 ConcurrentGCThread "G1 Refine#0" [stack: 0x0000003f36d00000,0x0000003f36e00000] [id=10556]
  0x000001d202b990c0 ConcurrentGCThread "G1 Refine#1" [stack: 0x0000003f38900000,0x0000003f38a00000] [id=11372]
  0x000001d26887e960 ConcurrentGCThread "G1 Service" [stack: 0x0000003f36e00000,0x0000003f36f00000] [id=11776]

Threads with active compile tasks:
C2 CompilerThread0  2512976 2801   !   4       sun.rmi.transport.Transport::serviceCall (349 bytes)

VM state: not at safepoint (normal execution)

VM Mutex/Monitor currently owned by a thread: None

Heap address: 0x0000000080000000, size: 2048 MB, Compressed Oops mode: 32-bit

CDS archive(s) not mapped
Compressed class space mapped at: 0x0000000100000000-0x0000000140000000, reserved size: 1073741824
Narrow klass base: 0x0000000000000000, Narrow klass shift: 3, Narrow klass range: 0x140000000

GC Precious Log:
 CPUs: 4 total, 4 available
 Memory: 7886M
 Large Page Support: Disabled
 NUMA Support: Disabled
 Compressed Oops: Enabled (32-bit)
 Heap Region Size: 1M
 Heap Min Capacity: 128M
 Heap Initial Capacity: 128M
 Heap Max Capacity: 2G
 Pre-touch: Disabled
 Parallel Workers: 4
 Concurrent Workers: 1
 Concurrent Refinement Workers: 4
 Periodic GC: Disabled

Heap:
 garbage-first heap   total 131072K, used 56859K [0x0000000080000000, 0x0000000100000000)
  region size 1024K, 50 young (51200K), 3 survivors (3072K)
 Metaspace       used 20680K, committed 20992K, reserved 1114112K
  class space    used 2088K, committed 2240K, reserved 1048576K

Heap Regions: E=young(eden), S=young(survivor), O=old, HS=humongous(starts), HC=humongous(continues), CS=collection set, F=free, OA=open archive, CA=closed archive, TAMS=top-at-mark-start (previous, next)
|   0|0x0000000080000000, 0x0000000080100000, 0x0000000080100000|100%|HS|  |TAMS 0x0000000080000000, 0x0000000080000000| Complete 
|   1|0x0000000080100000, 0x0000000080200000, 0x0000000080200000|100%|HC|  |TAMS 0x0000000080100000, 0x0000000080100000| Complete 
|   2|0x0000000080200000, 0x0000000080300000, 0x0000000080300000|100%|HC|  |TAMS 0x0000000080200000, 0x0000000080200000| Complete 
|   3|0x0000000080300000, 0x0000000080400000, 0x0000000080400000|100%| O|  |TAMS 0x0000000080300000, 0x0000000080300000| Untracked 
|   4|0x0000000080400000, 0x0000000080500000, 0x0000000080500000|100%| O|  |TAMS 0x0000000080400000, 0x0000000080400000| Untracked 
|   5|0x0000000080500000, 0x0000000080600000, 0x0000000080600000|100%| O|  |TAMS 0x0000000080500000, 0x0000000080500000| Untracked 
|   6|0x0000000080600000, 0x0000000080700000, 0x0000000080700000|100%| O|  |TAMS 0x0000000080600000, 0x0000000080600000| Untracked 
|   7|0x0000000080700000, 0x0000000080700000, 0x0000000080800000|  0%| F|  |TAMS 0x0000000080700000, 0x0000000080700000| Untracked 
|   8|0x0000000080800000, 0x0000000080800000, 0x0000000080900000|  0%| F|  |TAMS 0x0000000080800000, 0x0000000080800000| Untracked 
|   9|0x0000000080900000, 0x0000000080900000, 0x0000000080a00000|  0%| F|  |TAMS 0x0000000080900000, 0x0000000080900000| Untracked 
|  10|0x0000000080a00000, 0x0000000080a00000, 0x0000000080b00000|  0%| F|  |TAMS 0x0000000080a00000, 0x0000000080a00000| Untracked 
|  11|0x0000000080b00000, 0x0000000080b00000, 0x0000000080c00000|  0%| F|  |TAMS 0x0000000080b00000, 0x0000000080b00000| Untracked 
|  12|0x0000000080c00000, 0x0000000080c00000, 0x0000000080d00000|  0%| F|  |TAMS 0x0000000080c00000, 0x0000000080c00000| Untracked 
|  13|0x0000000080d00000, 0x0000000080d00000, 0x0000000080e00000|  0%| F|  |TAMS 0x0000000080d00000, 0x0000000080d00000| Untracked 
|  14|0x0000000080e00000, 0x0000000080e00000, 0x0000000080f00000|  0%| F|  |TAMS 0x0000000080e00000, 0x0000000080e00000| Untracked 
|  15|0x0000000080f00000, 0x0000000080f00000, 0x0000000081000000|  0%| F|  |TAMS 0x0000000080f00000, 0x0000000080f00000| Untracked 
|  16|0x0000000081000000, 0x0000000081000000, 0x0000000081100000|  0%| F|  |TAMS 0x0000000081000000, 0x0000000081000000| Untracked 
|  17|0x0000000081100000, 0x0000000081100000, 0x0000000081200000|  0%| F|  |TAMS 0x0000000081100000, 0x0000000081100000| Untracked 
|  18|0x0000000081200000, 0x0000000081200000, 0x0000000081300000|  0%| F|  |TAMS 0x0000000081200000, 0x0000000081200000| Untracked 
|  19|0x0000000081300000, 0x0000000081300000, 0x0000000081400000|  0%| F|  |TAMS 0x0000000081300000, 0x0000000081300000| Untracked 
|  20|0x0000000081400000, 0x0000000081400000, 0x0000000081500000|  0%| F|  |TAMS 0x0000000081400000, 0x0000000081400000| Untracked 
|  21|0x0000000081500000, 0x0000000081500000, 0x0000000081600000|  0%| F|  |TAMS 0x0000000081500000, 0x0000000081500000| Untracked 
|  22|0x0000000081600000, 0x0000000081600000, 0x0000000081700000|  0%| F|  |TAMS 0x0000000081600000, 0x0000000081600000| Untracked 
|  23|0x0000000081700000, 0x0000000081700000, 0x0000000081800000|  0%| F|  |TAMS 0x0000000081700000, 0x0000000081700000| Untracked 
|  24|0x0000000081800000, 0x0000000081800000, 0x0000000081900000|  0%| F|  |TAMS 0x0000000081800000, 0x0000000081800000| Untracked 
|  25|0x0000000081900000, 0x0000000081900000, 0x0000000081a00000|  0%| F|  |TAMS 0x0000000081900000, 0x0000000081900000| Untracked 
|  26|0x0000000081a00000, 0x0000000081a00000, 0x0000000081b00000|  0%| F|  |TAMS 0x0000000081a00000, 0x0000000081a00000| Untracked 
|  27|0x0000000081b00000, 0x0000000081b00000, 0x0000000081c00000|  0%| F|  |TAMS 0x0000000081b00000, 0x0000000081b00000| Untracked 
|  28|0x0000000081c00000, 0x0000000081c00000, 0x0000000081d00000|  0%| F|  |TAMS 0x0000000081c00000, 0x0000000081c00000| Untracked 
|  29|0x0000000081d00000, 0x0000000081d00000, 0x0000000081e00000|  0%| F|  |TAMS 0x0000000081d00000, 0x0000000081d00000| Untracked 
|  30|0x0000000081e00000, 0x0000000081e00000, 0x0000000081f00000|  0%| F|  |TAMS 0x0000000081e00000, 0x0000000081e00000| Untracked 
|  31|0x0000000081f00000, 0x0000000081f00000, 0x0000000082000000|  0%| F|  |TAMS 0x0000000081f00000, 0x0000000081f00000| Untracked 
|  32|0x0000000082000000, 0x0000000082000000, 0x0000000082100000|  0%| F|  |TAMS 0x0000000082000000, 0x0000000082000000| Untracked 
|  33|0x0000000082100000, 0x0000000082100000, 0x0000000082200000|  0%| F|  |TAMS 0x0000000082100000, 0x0000000082100000| Untracked 
|  34|0x0000000082200000, 0x0000000082200000, 0x0000000082300000|  0%| F|  |TAMS 0x0000000082200000, 0x0000000082200000| Untracked 
|  35|0x0000000082300000, 0x0000000082300000, 0x0000000082400000|  0%| F|  |TAMS 0x0000000082300000, 0x0000000082300000| Untracked 
|  36|0x0000000082400000, 0x0000000082400000, 0x0000000082500000|  0%| F|  |TAMS 0x0000000082400000, 0x0000000082400000| Untracked 
|  37|0x0000000082500000, 0x0000000082500000, 0x0000000082600000|  0%| F|  |TAMS 0x0000000082500000, 0x0000000082500000| Untracked 
|  38|0x0000000082600000, 0x0000000082600000, 0x0000000082700000|  0%| F|  |TAMS 0x0000000082600000, 0x0000000082600000| Untracked 
|  39|0x0000000082700000, 0x0000000082700000, 0x0000000082800000|  0%| F|  |TAMS 0x0000000082700000, 0x0000000082700000| Untracked 
|  40|0x0000000082800000, 0x0000000082800000, 0x0000000082900000|  0%| F|  |TAMS 0x0000000082800000, 0x0000000082800000| Untracked 
|  41|0x0000000082900000, 0x0000000082900000, 0x0000000082a00000|  0%| F|  |TAMS 0x0000000082900000, 0x0000000082900000| Untracked 
|  42|0x0000000082a00000, 0x0000000082a00000, 0x0000000082b00000|  0%| F|  |TAMS 0x0000000082a00000, 0x0000000082a00000| Untracked 
|  43|0x0000000082b00000, 0x0000000082b00000, 0x0000000082c00000|  0%| F|  |TAMS 0x0000000082b00000, 0x0000000082b00000| Untracked 
|  44|0x0000000082c00000, 0x0000000082c00000, 0x0000000082d00000|  0%| F|  |TAMS 0x0000000082c00000, 0x0000000082c00000| Untracked 
|  45|0x0000000082d00000, 0x0000000082d00000, 0x0000000082e00000|  0%| F|  |TAMS 0x0000000082d00000, 0x0000000082d00000| Untracked 
|  46|0x0000000082e00000, 0x0000000082e00000, 0x0000000082f00000|  0%| F|  |TAMS 0x0000000082e00000, 0x0000000082e00000| Untracked 
|  47|0x0000000082f00000, 0x0000000082f00000, 0x0000000083000000|  0%| F|  |TAMS 0x0000000082f00000, 0x0000000082f00000| Untracked 
|  48|0x0000000083000000, 0x0000000083000000, 0x0000000083100000|  0%| F|  |TAMS 0x0000000083000000, 0x0000000083000000| Untracked 
|  49|0x0000000083100000, 0x0000000083100000, 0x0000000083200000|  0%| F|  |TAMS 0x0000000083100000, 0x0000000083100000| Untracked 
|  50|0x0000000083200000, 0x0000000083200000, 0x0000000083300000|  0%| F|  |TAMS 0x0000000083200000, 0x0000000083200000| Untracked 
|  51|0x0000000083300000, 0x0000000083300000, 0x0000000083400000|  0%| F|  |TAMS 0x0000000083300000, 0x0000000083300000| Untracked 
|  52|0x0000000083400000, 0x0000000083400000, 0x0000000083500000|  0%| F|  |TAMS 0x0000000083400000, 0x0000000083400000| Untracked 
|  53|0x0000000083500000, 0x0000000083500000, 0x0000000083600000|  0%| F|  |TAMS 0x0000000083500000, 0x0000000083500000| Untracked 
|  54|0x0000000083600000, 0x0000000083600000, 0x0000000083700000|  0%| F|  |TAMS 0x0000000083600000, 0x0000000083600000| Untracked 
|  55|0x0000000083700000, 0x0000000083700000, 0x0000000083800000|  0%| F|  |TAMS 0x0000000083700000, 0x0000000083700000| Untracked 
|  56|0x0000000083800000, 0x0000000083800000, 0x0000000083900000|  0%| F|  |TAMS 0x0000000083800000, 0x0000000083800000| Untracked 
|  57|0x0000000083900000, 0x0000000083900000, 0x0000000083a00000|  0%| F|  |TAMS 0x0000000083900000, 0x0000000083900000| Untracked 
|  58|0x0000000083a00000, 0x0000000083a00000, 0x0000000083b00000|  0%| F|  |TAMS 0x0000000083a00000, 0x0000000083a00000| Untracked 
|  59|0x0000000083b00000, 0x0000000083b00000, 0x0000000083c00000|  0%| F|  |TAMS 0x0000000083b00000, 0x0000000083b00000| Untracked 
|  60|0x0000000083c00000, 0x0000000083c00000, 0x0000000083d00000|  0%| F|  |TAMS 0x0000000083c00000, 0x0000000083c00000| Untracked 
|  61|0x0000000083d00000, 0x0000000083d00000, 0x0000000083e00000|  0%| F|  |TAMS 0x0000000083d00000, 0x0000000083d00000| Untracked 
|  62|0x0000000083e00000, 0x0000000083e00000, 0x0000000083f00000|  0%| F|  |TAMS 0x0000000083e00000, 0x0000000083e00000| Untracked 
|  63|0x0000000083f00000, 0x0000000083f00000, 0x0000000084000000|  0%| F|  |TAMS 0x0000000083f00000, 0x0000000083f00000| Untracked 
|  64|0x0000000084000000, 0x0000000084000000, 0x0000000084100000|  0%| F|  |TAMS 0x0000000084000000, 0x0000000084000000| Untracked 
|  65|0x0000000084100000, 0x0000000084100000, 0x0000000084200000|  0%| F|  |TAMS 0x0000000084100000, 0x0000000084100000| Untracked 
|  66|0x0000000084200000, 0x0000000084200000, 0x0000000084300000|  0%| F|  |TAMS 0x0000000084200000, 0x0000000084200000| Untracked 
|  67|0x0000000084300000, 0x0000000084300000, 0x0000000084400000|  0%| F|  |TAMS 0x0000000084300000, 0x0000000084300000| Untracked 
|  68|0x0000000084400000, 0x0000000084400000, 0x0000000084500000|  0%| F|  |TAMS 0x0000000084400000, 0x0000000084400000| Untracked 
|  69|0x0000000084500000, 0x0000000084500000, 0x0000000084600000|  0%| F|  |TAMS 0x0000000084500000, 0x0000000084500000| Untracked 
|  70|0x0000000084600000, 0x0000000084600000, 0x0000000084700000|  0%| F|  |TAMS 0x0000000084600000, 0x0000000084600000| Untracked 
|  71|0x0000000084700000, 0x0000000084700000, 0x0000000084800000|  0%| F|  |TAMS 0x0000000084700000, 0x0000000084700000| Untracked 
|  72|0x0000000084800000, 0x0000000084800000, 0x0000000084900000|  0%| F|  |TAMS 0x0000000084800000, 0x0000000084800000| Untracked 
|  73|0x0000000084900000, 0x0000000084900000, 0x0000000084a00000|  0%| F|  |TAMS 0x0000000084900000, 0x0000000084900000| Untracked 
|  74|0x0000000084a00000, 0x0000000084a00000, 0x0000000084b00000|  0%| F|  |TAMS 0x0000000084a00000, 0x0000000084a00000| Untracked 
|  75|0x0000000084b00000, 0x0000000084b00000, 0x0000000084c00000|  0%| F|  |TAMS 0x0000000084b00000, 0x0000000084b00000| Untracked 
|  76|0x0000000084c00000, 0x0000000084c00000, 0x0000000084d00000|  0%| F|  |TAMS 0x0000000084c00000, 0x0000000084c00000| Untracked 
|  77|0x0000000084d00000, 0x0000000084d00000, 0x0000000084e00000|  0%| F|  |TAMS 0x0000000084d00000, 0x0000000084d00000| Untracked 
|  78|0x0000000084e00000, 0x0000000084e3b820, 0x0000000084f00000| 23%| E|  |TAMS 0x0000000084e00000, 0x0000000084e00000| Complete 
|  79|0x0000000084f00000, 0x0000000085000000, 0x0000000085000000|100%| E|CS|TAMS 0x0000000084f00000, 0x0000000084f00000| Complete 
|  80|0x0000000085000000, 0x0000000085100000, 0x0000000085100000|100%| E|CS|TAMS 0x0000000085000000, 0x0000000085000000| Complete 
|  81|0x0000000085100000, 0x0000000085200000, 0x0000000085200000|100%| E|CS|TAMS 0x0000000085100000, 0x0000000085100000| Complete 
|  82|0x0000000085200000, 0x0000000085300000, 0x0000000085300000|100%| E|CS|TAMS 0x0000000085200000, 0x0000000085200000| Complete 
|  83|0x0000000085300000, 0x0000000085400000, 0x0000000085400000|100%| E|CS|TAMS 0x0000000085300000, 0x0000000085300000| Complete 
|  84|0x0000000085400000, 0x0000000085500000, 0x0000000085500000|100%| E|CS|TAMS 0x0000000085400000, 0x0000000085400000| Complete 
|  85|0x0000000085500000, 0x0000000085600000, 0x0000000085600000|100%| E|CS|TAMS 0x0000000085500000, 0x0000000085500000| Complete 
|  86|0x0000000085600000, 0x0000000085700000, 0x0000000085700000|100%| E|CS|TAMS 0x0000000085600000, 0x0000000085600000| Complete 
|  87|0x0000000085700000, 0x0000000085800000, 0x0000000085800000|100%| E|CS|TAMS 0x0000000085700000, 0x0000000085700000| Complete 
|  88|0x0000000085800000, 0x0000000085900000, 0x0000000085900000|100%| E|CS|TAMS 0x0000000085800000, 0x0000000085800000| Complete 
|  89|0x0000000085900000, 0x0000000085a00000, 0x0000000085a00000|100%| E|CS|TAMS 0x0000000085900000, 0x0000000085900000| Complete 
|  90|0x0000000085a00000, 0x0000000085b00000, 0x0000000085b00000|100%| E|CS|TAMS 0x0000000085a00000, 0x0000000085a00000| Complete 
|  91|0x0000000085b00000, 0x0000000085c00000, 0x0000000085c00000|100%| E|CS|TAMS 0x0000000085b00000, 0x0000000085b00000| Complete 
|  92|0x0000000085c00000, 0x0000000085d00000, 0x0000000085d00000|100%| E|CS|TAMS 0x0000000085c00000, 0x0000000085c00000| Complete 
|  93|0x0000000085d00000, 0x0000000085e00000, 0x0000000085e00000|100%| E|CS|TAMS 0x0000000085d00000, 0x0000000085d00000| Complete 
|  94|0x0000000085e00000, 0x0000000085f00000, 0x0000000085f00000|100%| E|CS|TAMS 0x0000000085e00000, 0x0000000085e00000| Complete 
|  95|0x0000000085f00000, 0x0000000086000000, 0x0000000086000000|100%| E|CS|TAMS 0x0000000085f00000, 0x0000000085f00000| Complete 
|  96|0x0000000086000000, 0x0000000086100000, 0x0000000086100000|100%| E|CS|TAMS 0x0000000086000000, 0x0000000086000000| Complete 
|  97|0x0000000086100000, 0x0000000086200000, 0x0000000086200000|100%| E|CS|TAMS 0x0000000086100000, 0x0000000086100000| Complete 
|  98|0x0000000086200000, 0x0000000086300000, 0x0000000086300000|100%| E|CS|TAMS 0x0000000086200000, 0x0000000086200000| Complete 
|  99|0x0000000086300000, 0x0000000086386f48, 0x0000000086400000| 52%| S|CS|TAMS 0x0000000086300000, 0x0000000086300000| Complete 
| 100|0x0000000086400000, 0x0000000086500000, 0x0000000086500000|100%| S|CS|TAMS 0x0000000086400000, 0x0000000086400000| Complete 
| 101|0x0000000086500000, 0x0000000086600000, 0x0000000086600000|100%| S|CS|TAMS 0x0000000086500000, 0x0000000086500000| Complete 
| 102|0x0000000086600000, 0x0000000086700000, 0x0000000086700000|100%| E|CS|TAMS 0x0000000086600000, 0x0000000086600000| Complete 
| 103|0x0000000086700000, 0x0000000086800000, 0x0000000086800000|100%| E|CS|TAMS 0x0000000086700000, 0x0000000086700000| Complete 
| 104|0x0000000086800000, 0x0000000086900000, 0x0000000086900000|100%| E|CS|TAMS 0x0000000086800000, 0x0000000086800000| Complete 
| 105|0x0000000086900000, 0x0000000086a00000, 0x0000000086a00000|100%| E|CS|TAMS 0x0000000086900000, 0x0000000086900000| Complete 
| 106|0x0000000086a00000, 0x0000000086b00000, 0x0000000086b00000|100%| E|CS|TAMS 0x0000000086a00000, 0x0000000086a00000| Complete 
| 107|0x0000000086b00000, 0x0000000086c00000, 0x0000000086c00000|100%| E|CS|TAMS 0x0000000086b00000, 0x0000000086b00000| Complete 
| 108|0x0000000086c00000, 0x0000000086d00000, 0x0000000086d00000|100%| E|CS|TAMS 0x0000000086c00000, 0x0000000086c00000| Complete 
| 109|0x0000000086d00000, 0x0000000086e00000, 0x0000000086e00000|100%| E|CS|TAMS 0x0000000086d00000, 0x0000000086d00000| Complete 
| 110|0x0000000086e00000, 0x0000000086f00000, 0x0000000086f00000|100%| E|CS|TAMS 0x0000000086e00000, 0x0000000086e00000| Complete 
| 111|0x0000000086f00000, 0x0000000087000000, 0x0000000087000000|100%| E|CS|TAMS 0x0000000086f00000, 0x0000000086f00000| Complete 
| 112|0x0000000087000000, 0x0000000087100000, 0x0000000087100000|100%| E|CS|TAMS 0x0000000087000000, 0x0000000087000000| Complete 
| 113|0x0000000087100000, 0x0000000087200000, 0x0000000087200000|100%| E|CS|TAMS 0x0000000087100000, 0x0000000087100000| Complete 
| 114|0x0000000087200000, 0x0000000087300000, 0x0000000087300000|100%| E|CS|TAMS 0x0000000087200000, 0x0000000087200000| Complete 
| 115|0x0000000087300000, 0x0000000087400000, 0x0000000087400000|100%| E|CS|TAMS 0x0000000087300000, 0x0000000087300000| Complete 
| 116|0x0000000087400000, 0x0000000087500000, 0x0000000087500000|100%| E|CS|TAMS 0x0000000087400000, 0x0000000087400000| Complete 
| 117|0x0000000087500000, 0x0000000087600000, 0x0000000087600000|100%| E|CS|TAMS 0x0000000087500000, 0x0000000087500000| Complete 
| 118|0x0000000087600000, 0x0000000087700000, 0x0000000087700000|100%| E|CS|TAMS 0x0000000087600000, 0x0000000087600000| Complete 
| 119|0x0000000087700000, 0x0000000087800000, 0x0000000087800000|100%| E|CS|TAMS 0x0000000087700000, 0x0000000087700000| Complete 
| 120|0x0000000087800000, 0x0000000087900000, 0x0000000087900000|100%| E|CS|TAMS 0x0000000087800000, 0x0000000087800000| Complete 
| 121|0x0000000087900000, 0x0000000087a00000, 0x0000000087a00000|100%| E|CS|TAMS 0x0000000087900000, 0x0000000087900000| Complete 
| 122|0x0000000087a00000, 0x0000000087b00000, 0x0000000087b00000|100%| E|CS|TAMS 0x0000000087a00000, 0x0000000087a00000| Complete 
| 123|0x0000000087b00000, 0x0000000087c00000, 0x0000000087c00000|100%| E|CS|TAMS 0x0000000087b00000, 0x0000000087b00000| Complete 
| 124|0x0000000087c00000, 0x0000000087d00000, 0x0000000087d00000|100%| E|CS|TAMS 0x0000000087c00000, 0x0000000087c00000| Complete 
| 125|0x0000000087d00000, 0x0000000087e00000, 0x0000000087e00000|100%| E|CS|TAMS 0x0000000087d00000, 0x0000000087d00000| Complete 
| 126|0x0000000087e00000, 0x0000000087f00000, 0x0000000087f00000|100%| E|CS|TAMS 0x0000000087e00000, 0x0000000087e00000| Complete 
| 127|0x0000000087f00000, 0x0000000088000000, 0x0000000088000000|100%| E|CS|TAMS 0x0000000087f00000, 0x0000000087f00000| Complete 

Card table byte_map: [0x000001d27b340000,0x000001d27b740000] _byte_map_base: 0x000001d27af40000

Marking Bits (Prev, Next): (CMBitMap*) 0x000001d268838d90, (CMBitMap*) 0x000001d268838dd0
 Prev Bits: [0x000001d27bb40000, 0x000001d27db40000)
 Next Bits: [0x000001d27db40000, 0x000001d27fb40000)

Polling page: 0x000001d266470000

Metaspace:

Usage:
  Non-class:     18.16 MB used.
      Class:      2.04 MB used.
       Both:     20.20 MB used.

Virtual space:
  Non-class space:       64.00 MB reserved,      18.31 MB ( 29%) committed,  1 nodes.
      Class space:        1.00 GB reserved,       2.19 MB ( <1%) committed,  1 nodes.
             Both:        1.06 GB reserved,      20.50 MB (  2%) committed. 

Chunk freelists:
   Non-Class:  13.60 MB
       Class:  13.85 MB
        Both:  27.45 MB

MaxMetaspaceSize: unlimited
CompressedClassSpaceSize: 1.00 GB
Initial GC threshold: 21.00 MB
Current GC threshold: 21.00 MB
CDS: off
MetaspaceReclaimPolicy: balanced
 - commit_granule_bytes: 65536.
 - commit_granule_words: 8192.
 - virtual_space_node_default_size: 8388608.
 - enlarge_chunks_in_place: 1.
 - new_chunks_are_fully_committed: 0.
 - uncommit_free_chunks: 1.
 - use_allocation_guard: 0.
 - handle_deallocations: 1.


Internal statistics:

num_allocs_failed_limit: 0.
num_arena_births: 374.
num_arena_deaths: 0.
num_vsnodes_births: 2.
num_vsnodes_deaths: 0.
num_space_committed: 328.
num_space_uncommitted: 0.
num_chunks_returned_to_freelist: 0.
num_chunks_taken_from_freelist: 783.
num_chunk_merges: 0.
num_chunk_splits: 435.
num_chunks_enlarged: 186.
num_inconsistent_stats: 0.

CodeHeap 'non-profiled nmethods': size=120000Kb used=1901Kb max_used=1901Kb free=118098Kb
 bounds [0x000001d273a10000, 0x000001d273c80000, 0x000001d27af40000]
CodeHeap 'profiled nmethods': size=120000Kb used=5767Kb max_used=5767Kb free=114232Kb
 bounds [0x000001d26bf40000, 0x000001d26c4f0000, 0x000001d273470000]
CodeHeap 'non-nmethods': size=5760Kb used=1216Kb max_used=1277Kb free=4543Kb
 bounds [0x000001d273470000, 0x000001d2736e0000, 0x000001d273a10000]
 total_blobs=3307 nmethods=2800 adapters=419
 compilation: enabled
              stopped_count=0, restarted_count=0
 full_count=0

Compilation events (20 events):
Event: 2233.865 Thread 0x000001d202267e20 nmethod 2790 0x000001d26c4d8810 code [0x000001d26c4d9120, 0x000001d26c4dd3d8]
Event: 2233.865 Thread 0x000001d202267e20 2791   !   3       sun.rmi.registry.RegistryImpl::lookup (43 bytes)
Event: 2233.866 Thread 0x000001d202267e20 nmethod 2791 0x000001d26c4dfd90 code [0x000001d26c4dff60, 0x000001d26c4e0438]
Event: 2260.868 Thread 0x000001d2022634f0 2792       4       java.rmi.server.UID::read (34 bytes)
Event: 2260.907 Thread 0x000001d2022634f0 nmethod 2792 0x000001d273bdf990 code [0x000001d273bdfdc0, 0x000001d273be47a0]
Event: 2305.876 Thread 0x000001d202267e20 2794       3       com.intellij.execution.rmi.IdeaWatchdogImpl::ping (12 bytes)
Event: 2305.877 Thread 0x000001d202267e20 nmethod 2794 0x000001d26c4e0710 code [0x000001d26c4e08c0, 0x000001d26c4e0a48]
Event: 2429.742 Thread 0x000001d202267e20 2795       3       jdk.internal.reflect.ClassFileAssembler::opc_athrow (12 bytes)
Event: 2429.743 Thread 0x000001d202267e20 nmethod 2795 0x000001d26c4e0b10 code [0x000001d26c4e0cc0, 0x000001d26c4e0f88]
Event: 2431.905 Thread 0x000001d2022634f0 2796       4       java.io.ObjectOutputStream::writeString (74 bytes)
Event: 2431.934 Thread 0x000001d2022634f0 nmethod 2796 0x000001d273be6d10 code [0x000001d273be6f20, 0x000001d273be88d8]
Event: 2449.910 Thread 0x000001d202267e20 2797   !   3       jdk.internal.reflect.GeneratedMethodAccessor22::invoke (66 bytes)
Event: 2449.911 Thread 0x000001d202267e20 nmethod 2797 0x000001d26c4e1110 code [0x000001d26c4e1340, 0x000001d26c4e1ad8]
Event: 2485.918 Thread 0x000001d2022634f0 2798   !   4       sun.rmi.transport.StreamRemoteCall::releaseOutputStream (60 bytes)
Event: 2485.933 Thread 0x000001d2022634f0 nmethod 2798 0x000001d273be9690 code [0x000001d273be98c0, 0x000001d273bea5b0]
Event: 2512.924 Thread 0x000001d2022634f0 2799  s    4       sun.rmi.transport.Target::decrementCallCount (50 bytes)
Event: 2512.925 Thread 0x000001d2022634f0 nmethod 2799 0x000001d273bead90 code [0x000001d273beaf00, 0x000001d273beb0f8]
Event: 2512.925 Thread 0x000001d2022634f0 2800       4       sun.rmi.transport.StreamRemoteCall::<init> (35 bytes)
Event: 2512.928 Thread 0x000001d2022634f0 nmethod 2800 0x000001d273beb210 code [0x000001d273beb380, 0x000001d273beb638]
Event: 2512.928 Thread 0x000001d2022634f0 2801   !   4       sun.rmi.transport.Transport::serviceCall (349 bytes)

GC Heap History (6 events):
Event: 1.258 GC heap before
{Heap before GC invocations=0 (full 0):
 garbage-first heap   total 131072K, used 15360K [0x0000000080000000, 0x0000000100000000)
  region size 1024K, 13 young (13312K), 0 survivors (0K)
 Metaspace       used 14360K, committed 14720K, reserved 1114112K
  class space    used 1499K, committed 1664K, reserved 1048576K
}
Event: 1.268 GC heap after
{Heap after GC invocations=1 (full 0):
 garbage-first heap   total 131072K, used 6879K [0x0000000080000000, 0x0000000100000000)
  region size 1024K, 2 young (2048K), 2 survivors (2048K)
 Metaspace       used 14360K, committed 14720K, reserved 1114112K
  class space    used 1499K, committed 1664K, reserved 1048576K
}
Event: 2.161 GC heap before
{Heap before GC invocations=1 (full 0):
 garbage-first heap   total 131072K, used 16095K [0x0000000080000000, 0x0000000100000000)
  region size 1024K, 12 young (12288K), 2 survivors (2048K)
 Metaspace       used 18517K, committed 18752K, reserved 1114112K
  class space    used 1937K, committed 2048K, reserved 1048576K
}
Event: 2.168 GC heap after
{Heap after GC invocations=2 (full 0):
 garbage-first heap   total 131072K, used 9216K [0x0000000080000000, 0x0000000100000000)
  region size 1024K, 2 young (2048K), 2 survivors (2048K)
 Metaspace       used 18517K, committed 18752K, reserved 1114112K
  class space    used 1937K, committed 2048K, reserved 1048576K
}
Event: 29.880 GC heap before
{Heap before GC invocations=2 (full 0):
 garbage-first heap   total 131072K, used 33792K [0x0000000080000000, 0x0000000100000000)
  region size 1024K, 26 young (26624K), 2 survivors (2048K)
 Metaspace       used 20259K, committed 20544K, reserved 1114112K
  class space    used 2076K, committed 2240K, reserved 1048576K
}
Event: 29.884 GC heap after
{Heap after GC invocations=3 (full 0):
 garbage-first heap   total 131072K, used 9755K [0x0000000080000000, 0x0000000100000000)
  region size 1024K, 3 young (3072K), 3 survivors (3072K)
 Metaspace       used 20259K, committed 20544K, reserved 1114112K
  class space    used 2076K, committed 2240K, reserved 1048576K
}

Dll operation events (1 events):
Event: 0.013 Loaded shared library D:\idea\JetBrains\IntelliJIdea2024.1\jbr\bin\java.dll

Deoptimization events (20 events):
Event: 566.353 Thread 0x000001d202a7a3b0 Uncommon trap: trap_request=0xffffff45 fr.pc=0x000001d273b2bc04 relative=0x0000000000003fe4
Event: 566.353 Thread 0x000001d202a7a3b0 Uncommon trap: reason=unstable_if action=reinterpret pc=0x000001d273b2bc04 method=java.io.ObjectInputStream.readClassDesc(Z)Ljava/io/ObjectStreamClass; @ 9 c2
Event: 566.353 Thread 0x000001d202a7a3b0 DEOPT PACKING pc=0x000001d273b2bc04 sp=0x0000003f368fe740
Event: 566.353 Thread 0x000001d202a7a3b0 DEOPT UNPACKING pc=0x000001d2734ca1a3 sp=0x0000003f368fe790 mode 2
Event: 566.353 Thread 0x000001d202a7a3b0 Uncommon trap: trap_request=0xffffff45 fr.pc=0x000001d273ae8274 relative=0x00000000000002b4
Event: 566.353 Thread 0x000001d202a7a3b0 Uncommon trap: reason=unstable_if action=reinterpret pc=0x000001d273ae8274 method=java.io.ObjectInputStream$BlockDataInputStream.readUnsignedShort()I @ 4 c2
Event: 566.353 Thread 0x000001d202a7a3b0 DEOPT PACKING pc=0x000001d273ae8274 sp=0x0000003f368fd7a0
Event: 566.353 Thread 0x000001d202a7a3b0 DEOPT UNPACKING pc=0x000001d2734ca1a3 sp=0x0000003f368fd750 mode 2
Event: 566.353 Thread 0x000001d202a7a3b0 Uncommon trap: trap_request=0xffffff45 fr.pc=0x000001d273b56ab8 relative=0x0000000000000ef8
Event: 566.353 Thread 0x000001d202a7a3b0 Uncommon trap: reason=unstable_if action=reinterpret pc=0x000001d273b56ab8 method=java.io.ObjectInputStream$BlockDataInputStream.readUTFBody(J)Ljava/lang/String; @ 48 c2
Event: 566.353 Thread 0x000001d202a7a3b0 DEOPT PACKING pc=0x000001d273b56ab8 sp=0x0000003f368fd760
Event: 566.353 Thread 0x000001d202a7a3b0 DEOPT UNPACKING pc=0x000001d2734ca1a3 sp=0x0000003f368fd738 mode 2
Event: 566.353 Thread 0x000001d202a7a3b0 Uncommon trap: trap_request=0xffffff45 fr.pc=0x000001d273b4f584 relative=0x0000000000000444
Event: 566.353 Thread 0x000001d202a7a3b0 Uncommon trap: reason=unstable_if action=reinterpret pc=0x000001d273b4f584 method=java.util.HashMap.isEmpty()Z @ 4 c2
Event: 566.353 Thread 0x000001d202a7a3b0 DEOPT PACKING pc=0x000001d273b4f584 sp=0x0000003f368feb00
Event: 566.353 Thread 0x000001d202a7a3b0 DEOPT UNPACKING pc=0x000001d2734ca1a3 sp=0x0000003f368fe9f8 mode 2
Event: 567.281 Thread 0x000001d202a7a3b0 Uncommon trap: trap_request=0xffffffcc fr.pc=0x000001d273b873c4 relative=0x0000000000004364
Event: 567.281 Thread 0x000001d202a7a3b0 Uncommon trap: reason=intrinsic_or_type_checked_inlining action=make_not_entrant pc=0x000001d273b873c4 method=java.util.ArrayList.toArray([Ljava/lang/Object;)[Ljava/lang/Object; @ 36 c2
Event: 567.281 Thread 0x000001d202a7a3b0 DEOPT PACKING pc=0x000001d273b873c4 sp=0x0000003f368fe0a0
Event: 567.281 Thread 0x000001d202a7a3b0 DEOPT UNPACKING pc=0x000001d2734ca1a3 sp=0x0000003f368fdf30 mode 2

Classes unloaded (0 events):
No events

Classes redefined (0 events):
No events

Internal exceptions (20 events):
Event: 1.905 Thread 0x000001d202a7c210 Exception <a 'sun/nio/fs/WindowsException'{0x0000000087b5d400}> (0x0000000087b5d400) 
thrown [s\src\hotspot\share\prims\jni.cpp, line 531]
Event: 2.075 Thread 0x000001d202a7c210 Exception <a 'java/lang/NoSuchMethodError'{0x0000000087850238}: 'java.lang.Object java.lang.invoke.DirectMethodHandle$Holder.invokeStaticInit(java.lang.Object, java.lang.Object, java.lang.Object)'> (0x0000000087850238) 
thrown [s\src\hotspot\share\interpreter\linkResolver.cpp, line 771]
Event: 2.103 Thread 0x000001d202a7c210 Exception <a 'java/lang/NoSuchMethodError'{0x00000000878aad60}: 'java.lang.Object java.lang.invoke.DirectMethodHandle$Holder.newInvokeSpecial(java.lang.Object, java.lang.Object, int)'> (0x00000000878aad60) 
thrown [s\src\hotspot\share\interpreter\linkResolver.cpp, line 771]
Event: 2.270 Thread 0x000001d202a7c210 Exception <a 'java/lang/NoSuchMethodError'{0x0000000087c213a0}: static [Ljava/lang/Object;.<clinit>()V> (0x0000000087c213a0) 
thrown [s\src\hotspot\share\prims\jni.cpp, line 1122]
Event: 2.462 Thread 0x000001d202a7c210 Exception <a 'java/lang/NoSuchMethodError'{0x0000000087b1dff8}: static Lcom/intellij/database/remote/jdba/core/ConnectionInfo;.<clinit>()V> (0x0000000087b1dff8) 
thrown [s\src\hotspot\share\prims\jni.cpp, line 1122]
Event: 2.463 Thread 0x000001d202a7c210 Exception <a 'java/lang/NoSuchMethodError'{0x0000000087b28260}: static Ljava/lang/Object;.<clinit>()V> (0x0000000087b28260) 
thrown [s\src\hotspot\share\prims\jni.cpp, line 1122]
Event: 2.464 Thread 0x000001d202a7c210 Exception <a 'java/lang/NoSuchMethodError'{0x0000000087b2bc60}: static [I.<clinit>()V> (0x0000000087b2bc60) 
thrown [s\src\hotspot\share\prims\jni.cpp, line 1122]
Event: 2.587 Thread 0x000001d202a7c210 Exception <a 'java/lang/NoSuchMethodError'{0x0000000087a3ac90}: static Lcom/intellij/database/remote/jdba/core/ResultLayout;.<clinit>()V> (0x0000000087a3ac90) 
thrown [s\src\hotspot\share\prims\jni.cpp, line 1122]
Event: 2.589 Thread 0x000001d202a7c210 Exception <a 'java/lang/NoSuchMethodError'{0x0000000087a47488}: static Lcom/intellij/database/remote/jdba/core/RowLayout;.<clinit>()V> (0x0000000087a47488) 
thrown [s\src\hotspot\share\prims\jni.cpp, line 1122]
Event: 2.590 Thread 0x000001d202a7c210 Exception <a 'java/lang/NoSuchMethodError'{0x0000000087a53b88}: static Lcom/intellij/database/remote/jdba/util/NameAndClass;.<clinit>()V> (0x0000000087a53b88) 
thrown [s\src\hotspot\share\prims\jni.cpp, line 1122]
Event: 3.373 Thread 0x000001d202a7c210 Exception <a 'java/lang/NoSuchMethodError'{0x00000000876a9688}: static [Ljava/lang/String;.<clinit>()V> (0x00000000876a9688) 
thrown [s\src\hotspot\share\prims\jni.cpp, line 1122]
Event: 29.090 Thread 0x000001d202a7c210 Implicit null exception at 0x000001d273a742ad to 0x000001d273a74ba8
Event: 30.138 Thread 0x000001d202a7c210 Exception <a 'java/lang/NoSuchMethodError'{0x0000000087cea468}: static [J.<clinit>()V> (0x0000000087cea468) 
thrown [s\src\hotspot\share\prims\jni.cpp, line 1122]
Event: 145.130 Thread 0x000001d202a7a3b0 Implicit null exception at 0x000001d273b544e0 to 0x000001d273b54644
Event: 145.130 Thread 0x000001d202a7a3b0 Implicit null exception at 0x000001d273b04e82 to 0x000001d273b05a84
Event: 145.131 Thread 0x000001d202a7a3b0 Implicit null exception at 0x000001d273b4ccfb to 0x000001d273b4ce50
Event: 145.131 Thread 0x000001d202a7a3b0 Implicit null exception at 0x000001d273acdb77 to 0x000001d273acdbf0
Event: 300.853 Thread 0x000001d202a7c720 Implicit null exception at 0x000001d273b4354e to 0x000001d273b449b8
Event: 300.853 Thread 0x000001d202a7c720 Implicit null exception at 0x000001d273acdff0 to 0x000001d273ace05c
Event: 571.112 Thread 0x000001d202a7a3b0 Exception <a 'java/lang/NoSuchMethodError'{0x00000000856c3230}: static Lcom/intellij/database/remote/jdbc/RemoteResultSet$DataRetrievingOptions;.<clinit>()V> (0x00000000856c3230) 
thrown [s\src\hotspot\share\prims\jni.cpp, line 1122]

VM Operations (20 events):
Event: 496.988 Executing VM operation: Cleanup
Event: 496.988 Executing VM operation: Cleanup done
Event: 567.015 Executing VM operation: Cleanup
Event: 567.015 Executing VM operation: Cleanup done
Event: 568.015 Executing VM operation: Cleanup
Event: 568.016 Executing VM operation: Cleanup done
Event: 572.017 Executing VM operation: Cleanup
Event: 572.017 Executing VM operation: Cleanup done
Event: 586.027 Executing VM operation: Cleanup
Event: 586.027 Executing VM operation: Cleanup done
Event: 587.027 Executing VM operation: Cleanup
Event: 587.027 Executing VM operation: Cleanup done
Event: 601.593 Executing VM operation: HandshakeAllThreads
Event: 601.593 Executing VM operation: HandshakeAllThreads done
Event: 866.813 Executing VM operation: Cleanup
Event: 866.813 Executing VM operation: Cleanup done
Event: 1316.164 Executing VM operation: Cleanup
Event: 1316.164 Executing VM operation: Cleanup done
Event: 1322.168 Executing VM operation: Cleanup
Event: 1322.168 Executing VM operation: Cleanup done

Events (20 events):
Event: 580.891 Thread 0x000001d202d75f70 Thread added: 0x000001d202d75f70
Event: 580.891 Thread 0x000001d202d7c9c0 Thread added: 0x000001d202d7c9c0
Event: 580.891 Thread 0x000001d202d7ba90 Thread added: 0x000001d202d7ba90
Event: 580.891 Thread 0x000001d202d76480 Thread added: 0x000001d202d76480
Event: 580.891 Thread 0x000001d202d7ab60 Thread added: 0x000001d202d7ab60
Event: 580.896 Thread 0x000001d202a7b2e0 Thread exited: 0x000001d202a7b2e0
Event: 580.896 Thread 0x000001d202a7c210 Thread exited: 0x000001d202a7c210
Event: 580.896 Thread 0x000001d202d79c30 Thread exited: 0x000001d202d79c30
Event: 580.896 Thread 0x000001d202d78d00 Thread exited: 0x000001d202d78d00
Event: 580.896 Thread 0x000001d202d7b070 Thread exited: 0x000001d202d7b070
Event: 580.896 Thread 0x000001d202d7bfa0 Thread exited: 0x000001d202d7bfa0
Event: 580.896 Thread 0x000001d202d75f70 Thread exited: 0x000001d202d75f70
Event: 580.896 Thread 0x000001d202d7ba90 Thread exited: 0x000001d202d7ba90
Event: 580.897 Thread 0x000001d202d76480 Thread exited: 0x000001d202d76480
Event: 580.897 Thread 0x000001d202d7b580 Thread exited: 0x000001d202d7b580
Event: 580.897 Thread 0x000001d202d7c9c0 Thread exited: 0x000001d202d7c9c0
Event: 580.897 Thread 0x000001d202d7ab60 Thread exited: 0x000001d202d7ab60
Event: 580.897 Thread 0x000001d202d7a650 Thread exited: 0x000001d202d7a650
Event: 580.897 Thread 0x000001d202d7a140 Thread exited: 0x000001d202d7a140
Event: 645.910 Thread 0x000001d202a7add0 Thread exited: 0x000001d202a7add0


Dynamic libraries:
0x00007ff70eda0000 - 0x00007ff70edaa000 	D:\idea\JetBrains\IntelliJIdea2024.1\jbr\bin\java.exe
0x00007ffb7dcd0000 - 0x00007ffb7dec8000 	C:\Windows\SYSTEM32\ntdll.dll
0x00007ffb7c5e0000 - 0x00007ffb7c69d000 	C:\Windows\System32\KERNEL32.DLL
0x00007ffb7b3c0000 - 0x00007ffb7b6b6000 	C:\Windows\System32\KERNELBASE.dll
0x00007ffb7baf0000 - 0x00007ffb7bbf0000 	C:\Windows\System32\ucrtbase.dll
0x00007ffb72870000 - 0x00007ffb72887000 	D:\idea\JetBrains\IntelliJIdea2024.1\jbr\bin\jli.dll
0x00007ffb7c950000 - 0x00007ffb7caef000 	C:\Windows\System32\USER32.dll
0x00007ffb74540000 - 0x00007ffb7455b000 	D:\idea\JetBrains\IntelliJIdea2024.1\jbr\bin\VCRUNTIME140.dll
0x00007ffb7b390000 - 0x00007ffb7b3b2000 	C:\Windows\System32\win32u.dll
0x00007ffb7c700000 - 0x00007ffb7c72b000 	C:\Windows\System32\GDI32.dll
0x00007ffb7bbf0000 - 0x00007ffb7bd07000 	C:\Windows\System32\gdi32full.dll
0x00007ffb66fa0000 - 0x00007ffb6723a000 	C:\Windows\WinSxS\amd64_microsoft.windows.common-controls_6595b64144ccf1df_6.0.19041.4355_none_60b8b9eb71f62e16\COMCTL32.dll
0x00007ffb7da00000 - 0x00007ffb7da9e000 	C:\Windows\System32\msvcrt.dll
0x00007ffb7ba50000 - 0x00007ffb7baed000 	C:\Windows\System32\msvcp_win.dll
0x00007ffb7c730000 - 0x00007ffb7c75f000 	C:\Windows\System32\IMM32.DLL
0x00007ffb7c6a0000 - 0x00007ffb7c6f5000 	C:\Windows\System32\SHLWAPI.dll
0x00007ffb7c770000 - 0x00007ffb7c820000 	C:\Windows\System32\ADVAPI32.dll
0x00007ffb7dbf0000 - 0x00007ffb7dc90000 	C:\Windows\System32\sechost.dll
0x00007ffb7daa0000 - 0x00007ffb7dbc3000 	C:\Windows\System32\RPCRT4.dll
0x00007ffb7b770000 - 0x00007ffb7b797000 	C:\Windows\System32\bcrypt.dll
0x00007ffb72940000 - 0x00007ffb7294c000 	D:\idea\JetBrains\IntelliJIdea2024.1\jbr\bin\vcruntime140_1.dll
0x00007ffb595a0000 - 0x00007ffb5962d000 	D:\idea\JetBrains\IntelliJIdea2024.1\jbr\bin\msvcp140.dll
0x00007ffb3c1a0000 - 0x00007ffb3ce22000 	D:\idea\JetBrains\IntelliJIdea2024.1\jbr\bin\server\jvm.dll
0x00007ffb61380000 - 0x00007ffb61389000 	C:\Windows\SYSTEM32\WSOCK32.dll
0x00007ffb7c820000 - 0x00007ffb7c88b000 	C:\Windows\System32\WS2_32.dll
0x00007ffb7a910000 - 0x00007ffb7a95b000 	C:\Windows\SYSTEM32\POWRPROF.dll
0x00007ffb6f6d0000 - 0x00007ffb6f6da000 	C:\Windows\SYSTEM32\VERSION.dll
0x00007ffb63b90000 - 0x00007ffb63bb7000 	C:\Windows\SYSTEM32\WINMM.dll
0x00007ffb7a780000 - 0x00007ffb7a792000 	C:\Windows\SYSTEM32\UMPDC.dll
0x00007ffb79ba0000 - 0x00007ffb79bb2000 	C:\Windows\SYSTEM32\kernel.appcore.dll
0x00007ffb74520000 - 0x00007ffb7452a000 	D:\idea\JetBrains\IntelliJIdea2024.1\jbr\bin\jimage.dll
0x00007ffb79100000 - 0x00007ffb792e4000 	C:\Windows\SYSTEM32\DBGHELP.DLL
0x00007ffb5d5e0000 - 0x00007ffb5d614000 	C:\Windows\SYSTEM32\dbgcore.DLL
0x00007ffb7b950000 - 0x00007ffb7b9d2000 	C:\Windows\System32\bcryptPrimitives.dll
0x00007ffb710c0000 - 0x00007ffb710e5000 	D:\idea\JetBrains\IntelliJIdea2024.1\jbr\bin\java.dll
0x00007ffb710a0000 - 0x00007ffb710b8000 	D:\idea\JetBrains\IntelliJIdea2024.1\jbr\bin\zip.dll
0x00007ffb7cc10000 - 0x00007ffb7d37c000 	C:\Windows\System32\SHELL32.dll
0x00007ffb793f0000 - 0x00007ffb79b8d000 	C:\Windows\SYSTEM32\windows.storage.dll
0x00007ffb7bfb0000 - 0x00007ffb7c303000 	C:\Windows\System32\combase.dll
0x00007ffb7adb0000 - 0x00007ffb7adde000 	C:\Windows\SYSTEM32\Wldp.dll
0x00007ffb7d930000 - 0x00007ffb7d9fd000 	C:\Windows\System32\OLEAUT32.dll
0x00007ffb7c310000 - 0x00007ffb7c3bd000 	C:\Windows\System32\SHCORE.dll
0x00007ffb7b2c0000 - 0x00007ffb7b2e4000 	C:\Windows\SYSTEM32\profapi.dll
0x00007ffb70da0000 - 0x00007ffb70db9000 	D:\idea\JetBrains\IntelliJIdea2024.1\jbr\bin\net.dll
0x00007ffb73ab0000 - 0x00007ffb73bba000 	C:\Windows\SYSTEM32\WINHTTP.dll
0x00007ffb7ab10000 - 0x00007ffb7ab7a000 	C:\Windows\system32\mswsock.dll
0x00007ffb70b20000 - 0x00007ffb70b36000 	D:\idea\JetBrains\IntelliJIdea2024.1\jbr\bin\nio.dll
0x00007ffb7a7a0000 - 0x00007ffb7a7db000 	C:\Windows\SYSTEM32\IPHLPAPI.DLL
0x00007ffb7c5d0000 - 0x00007ffb7c5d8000 	C:\Windows\System32\NSI.dll
0x00007ffb6f440000 - 0x00007ffb6f457000 	C:\Windows\SYSTEM32\dhcpcsvc6.DLL
0x00007ffb6f3f0000 - 0x00007ffb6f40d000 	C:\Windows\SYSTEM32\dhcpcsvc.DLL
0x00007ffb7a7f0000 - 0x00007ffb7a8ba000 	C:\Windows\SYSTEM32\DNSAPI.dll
0x00007ffb7ad00000 - 0x00007ffb7ad18000 	C:\Windows\SYSTEM32\CRYPTSP.dll
0x00007ffb7a3c0000 - 0x00007ffb7a3f4000 	C:\Windows\system32\rsaenh.dll
0x00007ffb7b230000 - 0x00007ffb7b25e000 	C:\Windows\SYSTEM32\USERENV.dll
0x00007ffb7ad20000 - 0x00007ffb7ad2c000 	C:\Windows\SYSTEM32\CRYPTBASE.dll
0x00007ffb69f20000 - 0x00007ffb69f29000 	D:\idea\JetBrains\IntelliJIdea2024.1\jbr\bin\extnet.dll
0x00007ffb66430000 - 0x00007ffb66437000 	D:\idea\JetBrains\IntelliJIdea2024.1\jbr\bin\rmi.dll
0x000000006dfd0000 - 0x000000006dff6000 	C:\Program Files\Bonjour\mdnsNSP.dll
0x00007ffb71630000 - 0x00007ffb7163a000 	C:\Windows\System32\rasadhlp.dll
0x00007ffb69db0000 - 0x00007ffb69e30000 	C:\Windows\System32\fwpuclnt.dll
0x00007ffb73260000 - 0x00007ffb73269000 	D:\idea\JetBrains\IntelliJIdea2024.1\jbr\bin\management.dll
0x00007ffb72830000 - 0x00007ffb7283b000 	D:\idea\JetBrains\IntelliJIdea2024.1\jbr\bin\management_ext.dll
0x00007ffb7c760000 - 0x00007ffb7c768000 	C:\Windows\System32\PSAPI.DLL
0x00007ffb71090000 - 0x00007ffb7109e000 	D:\idea\JetBrains\IntelliJIdea2024.1\jbr\bin\sunmscapi.dll
0x00007ffb7b7a0000 - 0x00007ffb7b8fe000 	C:\Windows\System32\CRYPT32.dll
0x00007ffb7ae20000 - 0x00007ffb7ae49000 	C:\Windows\SYSTEM32\ncrypt.dll
0x00007ffb7ade0000 - 0x00007ffb7ae1b000 	C:\Windows\SYSTEM32\NTASN1.dll

dbghelp: loaded successfully - version: 4.0.5 - missing functions: none
symbol engine: initialized successfully - sym options: 0x614 - pdb path: .;D:\idea\JetBrains\IntelliJIdea2024.1\jbr\bin;C:\Windows\SYSTEM32;C:\Windows\WinSxS\amd64_microsoft.windows.common-controls_6595b64144ccf1df_6.0.19041.4355_none_60b8b9eb71f62e16;D:\idea\JetBrains\IntelliJIdea2024.1\jbr\bin\server;C:\Program Files\Bonjour

VM Arguments:
jvm_args: -Djava.rmi.server.hostname=127.0.0.1 -Duser.timezone=UTC -Xmx2048m -Xms128m -Djdbc.classpath=D:\idea\JetBrains\IntelliJIdea2024.1\plugins\DatabaseTools\lib\jdbc-console.jar;C:\Users\Елена\AppData\Roaming\JetBrains\IntelliJIdea2024.1\jdbc-drivers\PostgreSQL\42.6.0\org\postgresql\postgresql\42.6.0\postgresql-42.6.0.jar;C:\Users\Елена\AppData\Roaming\JetBrains\IntelliJIdea2024.1\jdbc-drivers\PostgreSQL\42.6.0\org\checkerframework\checker-qual\3.31.0\checker-qual-3.31.0.jar;C:\Users\Елена\AppData\Roaming\JetBrains\IntelliJIdea2024.1\jdbc-drivers\PostgreSQL\42.6.0\com\github\waffle\waffle-jna\1.9.1\waffle-jna-1.9.1.jar;C:\Users\Елена\AppData\Roaming\JetBrains\IntelliJIdea2024.1\jdbc-drivers\PostgreSQL\42.6.0\net\java\dev\jna\jna\4.5.1\jna-4.5.1.jar;C:\Users\Елена\AppData\Roaming\JetBrains\IntelliJIdea2024.1\jdbc-drivers\PostgreSQL\42.6.0\net\java\dev\jna\jna-platform\4.5.1\jna-platform-4.5.1.jar;C:\Users\Елена\AppData\Roaming\JetBrains\IntelliJIdea2024.1\jdbc-drivers\PostgreSQL\42.6.0\org\slf4j\jcl-over-slf4j\1.7.25\jcl-over-slf4j-1.7.25.jar;C:\Users\Елена\AppData\Roaming\JetBrains\IntelliJIdea2024.1\jdbc-drivers\PostgreSQL\42.6.0\org\slf4j\slf4j-api\1.7.25\slf4j-api-1.7.25.jar;C:\Users\Елена\AppData\Roaming\JetBrains\IntelliJIdea2024.1\jdbc-drivers\PostgreSQL\42.6.0\com\github\ben-manes\caffeine\caffeine\2.6.2\caffeine-2.6.2.jar --add-exports=java.desktop/sun.awt=ALL-UNNAMED --add-exports=java.desktop/java.awt.peer=ALL-UNNAMED --add-opens=java.desktop/java.awt=ALL-UNNAMED --add-opens=jdk.unsupported/sun.misc=ALL-UNNAMED --add-opens=java.base/java.nio=ALL-UNNAMED --add-opens=java.base/java.util=ALL-UNNAMED -Dfile.encoding=UTF-8 
java_command: com.intellij.database.remote.RemoteJdbcServer org.postgresql.Driver
java_class_path (initial): D:\idea\JetBrains\IntelliJIdea2024.1\lib\util_rt.jar;D:\idea\JetBrains\IntelliJIdea2024.1\lib\util-8.jar;D:\idea\JetBrains\IntelliJIdea2024.1\lib\groovy.jar;D:\idea\JetBrains\IntelliJIdea2024.1\plugins\DatabaseTools\lib\jdbc-console.jar;D:\idea\JetBrains\IntelliJIdea2024.1\plugins\grid-core-impl\lib\jdbc-console-types.jar;D:\idea\JetBrains\IntelliJIdea2024.1\lib\util.jar
Launcher Type: SUN_STANDARD

[Global flags]
     intx CICompilerCount                          = 3                                         {product} {ergonomic}
     uint ConcGCThreads                            = 1                                         {product} {ergonomic}
     uint G1ConcRefinementThreads                  = 4                                         {product} {ergonomic}
   size_t G1HeapRegionSize                         = 1048576                                   {product} {ergonomic}
    uintx GCDrainStackTargetSize                   = 64                                        {product} {ergonomic}
   size_t InitialHeapSize                          = 134217728                                 {product} {command line}
   size_t MarkStackSize                            = 4194304                                   {product} {ergonomic}
   size_t MaxHeapSize                              = 2147483648                                {product} {command line}
   size_t MaxNewSize                               = 1287651328                                {product} {ergonomic}
   size_t MinHeapDeltaBytes                        = 1048576                                   {product} {ergonomic}
   size_t MinHeapSize                              = 134217728                                 {product} {command line}
    uintx NonNMethodCodeHeapSize                   = 5832780                                {pd product} {ergonomic}
    uintx NonProfiledCodeHeapSize                  = 122912730                              {pd product} {ergonomic}
    uintx ProfiledCodeHeapSize                     = 122912730                              {pd product} {ergonomic}
    uintx ReservedCodeCacheSize                    = 251658240                              {pd product} {ergonomic}
     bool SegmentedCodeCache                       = true                                      {product} {ergonomic}
   size_t SoftMaxHeapSize                          = 2147483648                             {manageable} {ergonomic}
     bool UseCompressedClassPointers               = true                           {product lp64_product} {ergonomic}
     bool UseCompressedOops                        = true                           {product lp64_product} {ergonomic}
     bool UseG1GC                                  = true                                      {product} {ergonomic}
     bool UseLargePagesIndividualAllocation        = false                                  {pd product} {ergonomic}

Logging:
Log output configuration:
 #0: stdout all=warning uptime,level,tags
 #1: stderr all=off uptime,level,tags

Environment Variables:
JAVA_HOME=D:\jdk\openjdk-21.0.1_windows-x64_bin
PATH=C:\Program Files\Common Files\Oracle\Java\javapath;C:\Program Files (x86)\Common Files\Oracle\Java\java8path;C:\Program Files (x86)\Common Files\Oracle\Java\javapath;C:\Program Files (x86)\NVIDIA Corporation\PhysX\Common;D:\bin\;C:\Windows\system32;C:\Windows;C:\Windows\System32\Wbem;C:\Windows\System32\WindowsPowerShell\v1.0\;C:\Windows\System32\OpenSSH\;C:\Program Files\Git\cmd;C:\Users\Елена\AppData\Local\Programs\Python\Python312\Scripts\;C:\Users\Елена\AppData\Local\Programs\Python\Python312\;C:\Users\Елена\AppData\Local\Microsoft\WindowsApps;C:\Users\Елена\AppData\Local\atom\bin;D:\Microsoft VS Code\bin;C:\Users\Елена\AppData\Local\GitHubDesktop\bin;D:\apache-maven-3.9.7-bin\apache-maven-3.9.7\bin;
USERNAME=User
OS=Windows_NT
PROCESSOR_IDENTIFIER=Intel64 Family 6 Model 140 Stepping 1, GenuineIntel
TMP=C:\Users\6145~1\AppData\Local\Temp
TEMP=C:\Users\6145~1\AppData\Local\Temp



Periodic native trim disabled

JNI global refs:
JNI global refs: 17, weak refs: 0

JNI global refs memory usage: 843, weak refs: 841

OOME stack traces (most recent first):
Classloader memory used:
Loader bootstrap                                                                       : 1998K
Loader jdk.internal.loader.ClassLoaders$AppClassLoader                                 : 272K
Loader com.intellij.database.remote.jdbc.impl.JdbcClassLoader$JdbcClassLoaderImpl      : 230K
Loader jdk.internal.loader.ClassLoaders$PlatformClassLoader                            : 53459B
Loader jdk.internal.reflect.DelegatingClassLoader                                      : 31925B


---------------  S Y S T E M  ---------------

OS:
 Windows 10 , 64 bit Build 19041 (10.0.19041.3636)
OS uptime: 1 days 6:55 hours

CPU: total 4 (initial active 4) (2 cores per cpu, 2 threads per core) family 6 model 140 stepping 1 microcode 0xa4, cx8, cmov, fxsr, ht, mmx, 3dnowpref, sse, sse2, sse3, ssse3, sse4.1, sse4.2, popcnt, lzcnt, tsc, tscinvbit, avx, avx2, aes, erms, clmul, bmi1, bmi2, adx, avx512f, avx512dq, avx512cd, avx512bw, avx512vl, sha, fma, vzeroupper, avx512_vpopcntdq, avx512_vpclmulqdq, avx512_vaes, avx512_vnni, clflush, clflushopt, clwb, avx512_vbmi2, avx512_vbmi
Processor Information for all 4 processors :
  Max Mhz: 2995, Current Mhz: 2995, Mhz Limit: 2995

Memory: 4k page, system-wide physical 7886M (646M free)
TotalPageFile size 15886M (AvailPageFile size 3M)
current process WorkingSet (physical memory assigned to process): 78M, peak: 149M
current process commit charge ("private bytes"): 227M, peak: 276M

vm_info: OpenJDK 64-Bit Server VM (17.0.10+8-b1207.12) for windows-amd64 JRE (17.0.10+8-b1207.12), built on 2024-03-15 by "builduser" with MS VC++ 16.10 / 16.11 (VS2019)

END.
