#
# There is insufficient memory for the Java Runtime Environment to continue.
# Native memory allocation (malloc) failed to allocate 262160 bytes for Chunk::new
# Possible reasons:
#   The system is out of physical RAM or swap space
#   The process is running with CompressedOops enabled, and the Java Heap may be blocking the growth of the native heap
# Possible solutions:
#   Reduce memory load on the system
#   Increase physical memory or swap space
#   Check if swap backing store is full
#   Decrease Java heap size (-Xmx/-Xms)
#   Decrease number of Java threads
#   Decrease Java thread stack sizes (-Xss)
#   Set larger code cache with -XX:ReservedCodeCacheSize=
#   JVM is running with Unscaled Compressed Oops mode in which the Java heap is
#     placed in the first 4GB address space. The Java Heap base address is the
#     maximum limit for the native heap growth. Please use -XX:HeapBaseMinAddress
#     to set the Java Heap base and to place the Java Heap above 4GB virtual address.
# This output file may be truncated or incomplete.
#
#  Out of Memory Error (arena.cpp:191), pid=6220, tid=16184
#
# JRE version: OpenJDK Runtime Environment JBR-17.0.10+8-1207.12-jcef (17.0.10+8) (build 17.0.10+8-b1207.12)
# Java VM: OpenJDK 64-Bit Server VM JBR-17.0.10+8-1207.12-jcef (17.0.10+8-b1207.12, mixed mode, tiered, compressed oops, compressed class ptrs, g1 gc, windows-amd64)
# No core dump will be written. Minidumps are not enabled by default on client versions of Windows
#

---------------  S U M M A R Y ------------

Command Line: -Djava.rmi.server.hostname=127.0.0.1 -Duser.timezone=UTC -Xmx2048m -Xms128m -Djdbc.classpath=D:\idea\JetBrains\IntelliJIdea2024.1\plugins\DatabaseTools\lib\jdbc-console.jar;C:\Users\Елена\AppData\Roaming\JetBrains\IntelliJIdea2024.1\jdbc-drivers\PostgreSQL\42.6.0\org\postgresql\postgresql\42.6.0\postgresql-42.6.0.jar;C:\Users\Елена\AppData\Roaming\JetBrains\IntelliJIdea2024.1\jdbc-drivers\PostgreSQL\42.6.0\org\checkerframework\checker-qual\3.31.0\checker-qual-3.31.0.jar;C:\Users\Елена\AppData\Roaming\JetBrains\IntelliJIdea2024.1\jdbc-drivers\PostgreSQL\42.6.0\com\github\waffle\waffle-jna\1.9.1\waffle-jna-1.9.1.jar;C:\Users\Елена\AppData\Roaming\JetBrains\IntelliJIdea2024.1\jdbc-drivers\PostgreSQL\42.6.0\net\java\dev\jna\jna\4.5.1\jna-4.5.1.jar;C:\Users\Елена\AppData\Roaming\JetBrains\IntelliJIdea2024.1\jdbc-drivers\PostgreSQL\42.6.0\net\java\dev\jna\jna-platform\4.5.1\jna-platform-4.5.1.jar;C:\Users\Елена\AppData\Roaming\JetBrains\IntelliJIdea2024.1\jdbc-drivers\PostgreSQL\42.6.0\org\slf4j\jcl-over-slf4j\1.7.25\jcl-over-slf4j-1.7.25.jar;C:\Users\Елена\AppData\Roaming\JetBrains\IntelliJIdea2024.1\jdbc-drivers\PostgreSQL\42.6.0\org\slf4j\slf4j-api\1.7.25\slf4j-api-1.7.25.jar;C:\Users\Елена\AppData\Roaming\JetBrains\IntelliJIdea2024.1\jdbc-drivers\PostgreSQL\42.6.0\com\github\ben-manes\caffeine\caffeine\2.6.2\caffeine-2.6.2.jar --add-exports=java.desktop/sun.awt=ALL-UNNAMED --add-exports=java.desktop/java.awt.peer=ALL-UNNAMED --add-opens=java.desktop/java.awt=ALL-UNNAMED --add-opens=jdk.unsupported/sun.misc=ALL-UNNAMED --add-opens=java.base/java.nio=ALL-UNNAMED --add-opens=java.base/java.util=ALL-UNNAMED -Dfile.encoding=UTF-8 com.intellij.database.remote.RemoteJdbcServer org.postgresql.Driver

Host: 11th Gen Intel(R) Core(TM) i3-1115G4 @ 3.00GHz, 4 cores, 7G,  Windows 10 , 64 bit Build 19041 (10.0.19041.3636)
Time: Tue Jul  2 23:34:20 2024 RTZ 2 (s 10 , 64 bit Build 19041 (10.0.19041.3636) elapsed time: 0.871839 seconds (0d 0h 0m 0s)

---------------  T H R E A D  ---------------

Current thread (0x00000246e7709cd0):  JavaThread "C2 CompilerThread1" daemon [_thread_in_native, id=16184, stack(0x000000806a100000,0x000000806a200000)]


Current CompileTask:
C2:    871 1542       4       jdk.internal.org.objectweb.asm.Frame::execute (2305 bytes)

Stack: [0x000000806a100000,0x000000806a200000]
Native frames: (J=compiled Java code, j=interpreted, Vv=VM code, C=native code)
V  [jvm.dll+0x687989]
V  [jvm.dll+0x84116a]
V  [jvm.dll+0x842dae]
V  [jvm.dll+0x843413]
V  [jvm.dll+0x249ccf]
V  [jvm.dll+0xac524]
V  [jvm.dll+0xacb6c]
V  [jvm.dll+0xac62b]
V  [jvm.dll+0x6acd48]
V  [jvm.dll+0x345a0b]
V  [jvm.dll+0x34afee]
V  [jvm.dll+0x34ee9a]
V  [jvm.dll+0x1a8cf1]
V  [jvm.dll+0x1a9e56]
V  [jvm.dll+0x2b04e4]
V  [jvm.dll+0x69fe15]
V  [jvm.dll+0x697ddb]
V  [jvm.dll+0x697417]
V  [jvm.dll+0x695302]
V  [jvm.dll+0x1a928c]
V  [jvm.dll+0x21a858]
V  [jvm.dll+0x1a602d]
V  [jvm.dll+0x22ac2e]
V  [jvm.dll+0x228db5]
V  [jvm.dll+0x7f5417]
V  [jvm.dll+0x7ef81a]
V  [jvm.dll+0x686805]
C  [ucrtbase.dll+0x21bb2]
C  [KERNEL32.DLL+0x17344]
C  [ntdll.dll+0x4cc91]


---------------  P R O C E S S  ---------------

Threads class SMR info:
_java_thread_list=0x00000246e82df360, length=24, elements={
0x00000246c92eda90, 0x00000246e7025790, 0x00000246e7026260, 0x00000246e7053080,
0x00000246e7053b50, 0x00000246e7058540, 0x00000246e7077660, 0x00000246e7078260,
0x00000246e7078b70, 0x00000246e707af00, 0x00000246e721a030, 0x00000246e721cd20,
0x00000246e7521e10, 0x00000246e73008d0, 0x00000246e7300db0, 0x00000246e7301aa0,
0x00000246e7682c70, 0x00000246e7683150, 0x00000246e7709cd0, 0x00000246e76de180,
0x00000246e76df0b0, 0x00000246e76dd760, 0x00000246e76de690, 0x00000246e76db900
}

Java Threads: ( => current thread )
  0x00000246c92eda90 JavaThread "main" [_thread_blocked, id=16036, stack(0x0000008068400000,0x0000008068500000)]
  0x00000246e7025790 JavaThread "Reference Handler" daemon [_thread_blocked, id=5860, stack(0x0000008068f00000,0x0000008069000000)]
  0x00000246e7026260 JavaThread "Finalizer" daemon [_thread_blocked, id=14276, stack(0x0000008069000000,0x0000008069100000)]
  0x00000246e7053080 JavaThread "Signal Dispatcher" daemon [_thread_blocked, id=11728, stack(0x0000008069100000,0x0000008069200000)]
  0x00000246e7053b50 JavaThread "Attach Listener" daemon [_thread_blocked, id=388, stack(0x0000008069200000,0x0000008069300000)]
  0x00000246e7058540 JavaThread "Service Thread" daemon [_thread_blocked, id=8492, stack(0x0000008069300000,0x0000008069400000)]
  0x00000246e7077660 JavaThread "Monitor Deflation Thread" daemon [_thread_blocked, id=13676, stack(0x0000008069400000,0x0000008069500000)]
  0x00000246e7078260 JavaThread "C2 CompilerThread0" daemon [_thread_in_native, id=8388, stack(0x0000008069500000,0x0000008069600000)]
  0x00000246e7078b70 JavaThread "C1 CompilerThread0" daemon [_thread_in_native, id=14364, stack(0x0000008069600000,0x0000008069700000)]
  0x00000246e707af00 JavaThread "Sweeper thread" daemon [_thread_blocked, id=6672, stack(0x0000008069700000,0x0000008069800000)]
  0x00000246e721a030 JavaThread "Common-Cleaner" daemon [_thread_blocked, id=4912, stack(0x0000008069800000,0x0000008069900000)]
  0x00000246e721cd20 JavaThread "Notification Thread" daemon [_thread_blocked, id=17052, stack(0x0000008069900000,0x0000008069a00000)]
  0x00000246e7521e10 JavaThread "RMI TCP Accept-36400" daemon [_thread_in_native, id=15664, stack(0x0000008069b00000,0x0000008069c00000)]
  0x00000246e73008d0 JavaThread "RMI TCP Accept-0" daemon [_thread_in_native, id=12728, stack(0x0000008069c00000,0x0000008069d00000)]
  0x00000246e7300db0 JavaThread "RMI Reaper" [_thread_blocked, id=6760, stack(0x0000008069d00000,0x0000008069e00000)]
  0x00000246e7301aa0 JavaThread "RMI GC Daemon" daemon [_thread_blocked, id=5668, stack(0x0000008069e00000,0x0000008069f00000)]
  0x00000246e7682c70 JavaThread "RMI TCP Connection(1)-127.0.0.1" daemon [_thread_in_native, id=14056, stack(0x0000008069f00000,0x000000806a000000)]
  0x00000246e7683150 JavaThread "RMI TCP Connection(2)-127.0.0.1" daemon [_thread_in_native, id=12452, stack(0x000000806a000000,0x000000806a100000)]
=>0x00000246e7709cd0 JavaThread "C2 CompilerThread1" daemon [_thread_in_native, id=16184, stack(0x000000806a100000,0x000000806a200000)]
  0x00000246e76de180 JavaThread "RMI TCP Connection(3)-127.0.0.1" daemon [_thread_in_vm, id=14356, stack(0x000000806a200000,0x000000806a300000)]
  0x00000246e76df0b0 JavaThread "RMI TCP Connection(4)-127.0.0.1" daemon [_thread_in_native, id=2116, stack(0x000000806a300000,0x000000806a400000)]
  0x00000246e76dd760 JavaThread "RMI Scheduler(0)" daemon [_thread_blocked, id=8484, stack(0x000000806a400000,0x000000806a500000)]
  0x00000246e76de690 JavaThread "RMI RenewClean-[127.0.0.1:51663]" daemon [_thread_blocked, id=7148, stack(0x000000806a500000,0x000000806a600000)]
  0x00000246e76db900 JavaThread "PostgreSQL-JDBC-Cleaner" daemon [_thread_blocked, id=9924, stack(0x000000806ab00000,0x000000806ac00000)]

Other Threads:
  0x00000246e2b8e590 VMThread "VM Thread" [stack: 0x0000008068e00000,0x0000008068f00000] [id=5584]
  0x00000246e721d610 WatcherThread [stack: 0x0000008069a00000,0x0000008069b00000] [id=484]
  0x00000246c9345d80 GCTaskThread "GC Thread#0" [stack: 0x0000008068900000,0x0000008068a00000] [id=8072]
  0x00000246e7767620 GCTaskThread "GC Thread#1" [stack: 0x000000806a600000,0x000000806a700000] [id=10180]
  0x00000246e7af9590 GCTaskThread "GC Thread#2" [stack: 0x000000806a700000,0x000000806a800000] [id=4776]
  0x00000246e7b439d0 GCTaskThread "GC Thread#3" [stack: 0x000000806a800000,0x000000806a900000] [id=13124]
  0x00000246c9356be0 ConcurrentGCThread "G1 Main Marker" [stack: 0x0000008068a00000,0x0000008068b00000] [id=13668]
  0x00000246c9358520 ConcurrentGCThread "G1 Conc#0" [stack: 0x0000008068b00000,0x0000008068c00000] [id=6652]
  0x00000246e2a05fe0 ConcurrentGCThread "G1 Refine#0" [stack: 0x0000008068c00000,0x0000008068d00000] [id=9660]
  0x00000246e7c11aa0 ConcurrentGCThread "G1 Refine#1" [stack: 0x000000806a900000,0x000000806aa00000] [id=10552]
  0x00000246e2a06920 ConcurrentGCThread "G1 Service" [stack: 0x0000008068d00000,0x0000008068e00000] [id=3180]

Threads with active compile tasks:
C2 CompilerThread0      881 1157 % !   4       com.sun.crypto.provider.PBKDF2KeyImpl::deriveKey @ 198 (302 bytes)
C1 CompilerThread0      881 1607       3       java.io.ObjectStreamClass::forClass (52 bytes)
C2 CompilerThread1      881 1542       4       jdk.internal.org.objectweb.asm.Frame::execute (2305 bytes)

VM state: not at safepoint (normal execution)

VM Mutex/Monitor currently owned by a thread: None

Heap address: 0x0000000080000000, size: 2048 MB, Compressed Oops mode: 32-bit

CDS archive(s) not mapped
Compressed class space mapped at: 0x0000000100000000-0x0000000140000000, reserved size: 1073741824
Narrow klass base: 0x0000000000000000, Narrow klass shift: 3, Narrow klass range: 0x140000000

GC Precious Log:
 CPUs: 4 total, 4 available
 Memory: 7886M
 Large Page Support: Disabled
 NUMA Support: Disabled
 Compressed Oops: Enabled (32-bit)
 Heap Region Size: 1M
 Heap Min Capacity: 128M
 Heap Initial Capacity: 128M
 Heap Max Capacity: 2G
 Pre-touch: Disabled
 Parallel Workers: 4
 Concurrent Workers: 1
 Concurrent Refinement Workers: 4
 Periodic GC: Disabled

Heap:
 garbage-first heap   total 131072K, used 11649K [0x0000000080000000, 0x0000000100000000)
  region size 1024K, 6 young (6144K), 2 survivors (2048K)
 Metaspace       used 19434K, committed 19776K, reserved 1114112K
  class space    used 2031K, committed 2176K, reserved 1048576K

Heap Regions: E=young(eden), S=young(survivor), O=old, HS=humongous(starts), HC=humongous(continues), CS=collection set, F=free, OA=open archive, CA=closed archive, TAMS=top-at-mark-start (previous, next)
|   0|0x0000000080000000, 0x0000000080100000, 0x0000000080100000|100%|HS|  |TAMS 0x0000000080000000, 0x0000000080000000| Complete 
|   1|0x0000000080100000, 0x0000000080200000, 0x0000000080200000|100%|HC|  |TAMS 0x0000000080100000, 0x0000000080100000| Complete 
|   2|0x0000000080200000, 0x0000000080300000, 0x0000000080300000|100%|HC|  |TAMS 0x0000000080200000, 0x0000000080200000| Complete 
|   3|0x0000000080300000, 0x0000000080400000, 0x0000000080400000|100%| O|  |TAMS 0x0000000080300000, 0x0000000080300000| Untracked 
|   4|0x0000000080400000, 0x0000000080500000, 0x0000000080500000|100%| O|  |TAMS 0x0000000080400000, 0x0000000080400000| Untracked 
|   5|0x0000000080500000, 0x0000000080600000, 0x0000000080600000|100%| O|  |TAMS 0x0000000080500000, 0x0000000080500000| Untracked 
|   6|0x0000000080600000, 0x00000000806a5600, 0x0000000080700000| 64%| O|  |TAMS 0x0000000080600000, 0x0000000080600000| Untracked 
|   7|0x0000000080700000, 0x0000000080700000, 0x0000000080800000|  0%| F|  |TAMS 0x0000000080700000, 0x0000000080700000| Untracked 
|   8|0x0000000080800000, 0x0000000080800000, 0x0000000080900000|  0%| F|  |TAMS 0x0000000080800000, 0x0000000080800000| Untracked 
|   9|0x0000000080900000, 0x0000000080900000, 0x0000000080a00000|  0%| F|  |TAMS 0x0000000080900000, 0x0000000080900000| Untracked 
|  10|0x0000000080a00000, 0x0000000080a00000, 0x0000000080b00000|  0%| F|  |TAMS 0x0000000080a00000, 0x0000000080a00000| Untracked 
|  11|0x0000000080b00000, 0x0000000080b00000, 0x0000000080c00000|  0%| F|  |TAMS 0x0000000080b00000, 0x0000000080b00000| Untracked 
|  12|0x0000000080c00000, 0x0000000080c00000, 0x0000000080d00000|  0%| F|  |TAMS 0x0000000080c00000, 0x0000000080c00000| Untracked 
|  13|0x0000000080d00000, 0x0000000080d00000, 0x0000000080e00000|  0%| F|  |TAMS 0x0000000080d00000, 0x0000000080d00000| Untracked 
|  14|0x0000000080e00000, 0x0000000080e00000, 0x0000000080f00000|  0%| F|  |TAMS 0x0000000080e00000, 0x0000000080e00000| Untracked 
|  15|0x0000000080f00000, 0x0000000080f00000, 0x0000000081000000|  0%| F|  |TAMS 0x0000000080f00000, 0x0000000080f00000| Untracked 
|  16|0x0000000081000000, 0x0000000081000000, 0x0000000081100000|  0%| F|  |TAMS 0x0000000081000000, 0x0000000081000000| Untracked 
|  17|0x0000000081100000, 0x0000000081100000, 0x0000000081200000|  0%| F|  |TAMS 0x0000000081100000, 0x0000000081100000| Untracked 
|  18|0x0000000081200000, 0x0000000081200000, 0x0000000081300000|  0%| F|  |TAMS 0x0000000081200000, 0x0000000081200000| Untracked 
|  19|0x0000000081300000, 0x0000000081300000, 0x0000000081400000|  0%| F|  |TAMS 0x0000000081300000, 0x0000000081300000| Untracked 
|  20|0x0000000081400000, 0x0000000081400000, 0x0000000081500000|  0%| F|  |TAMS 0x0000000081400000, 0x0000000081400000| Untracked 
|  21|0x0000000081500000, 0x0000000081500000, 0x0000000081600000|  0%| F|  |TAMS 0x0000000081500000, 0x0000000081500000| Untracked 
|  22|0x0000000081600000, 0x0000000081600000, 0x0000000081700000|  0%| F|  |TAMS 0x0000000081600000, 0x0000000081600000| Untracked 
|  23|0x0000000081700000, 0x0000000081700000, 0x0000000081800000|  0%| F|  |TAMS 0x0000000081700000, 0x0000000081700000| Untracked 
|  24|0x0000000081800000, 0x0000000081800000, 0x0000000081900000|  0%| F|  |TAMS 0x0000000081800000, 0x0000000081800000| Untracked 
|  25|0x0000000081900000, 0x0000000081900000, 0x0000000081a00000|  0%| F|  |TAMS 0x0000000081900000, 0x0000000081900000| Untracked 
|  26|0x0000000081a00000, 0x0000000081a00000, 0x0000000081b00000|  0%| F|  |TAMS 0x0000000081a00000, 0x0000000081a00000| Untracked 
|  27|0x0000000081b00000, 0x0000000081b00000, 0x0000000081c00000|  0%| F|  |TAMS 0x0000000081b00000, 0x0000000081b00000| Untracked 
|  28|0x0000000081c00000, 0x0000000081c00000, 0x0000000081d00000|  0%| F|  |TAMS 0x0000000081c00000, 0x0000000081c00000| Untracked 
|  29|0x0000000081d00000, 0x0000000081d00000, 0x0000000081e00000|  0%| F|  |TAMS 0x0000000081d00000, 0x0000000081d00000| Untracked 
|  30|0x0000000081e00000, 0x0000000081e00000, 0x0000000081f00000|  0%| F|  |TAMS 0x0000000081e00000, 0x0000000081e00000| Untracked 
|  31|0x0000000081f00000, 0x0000000081f00000, 0x0000000082000000|  0%| F|  |TAMS 0x0000000081f00000, 0x0000000081f00000| Untracked 
|  32|0x0000000082000000, 0x0000000082000000, 0x0000000082100000|  0%| F|  |TAMS 0x0000000082000000, 0x0000000082000000| Untracked 
|  33|0x0000000082100000, 0x0000000082100000, 0x0000000082200000|  0%| F|  |TAMS 0x0000000082100000, 0x0000000082100000| Untracked 
|  34|0x0000000082200000, 0x0000000082200000, 0x0000000082300000|  0%| F|  |TAMS 0x0000000082200000, 0x0000000082200000| Untracked 
|  35|0x0000000082300000, 0x0000000082300000, 0x0000000082400000|  0%| F|  |TAMS 0x0000000082300000, 0x0000000082300000| Untracked 
|  36|0x0000000082400000, 0x0000000082400000, 0x0000000082500000|  0%| F|  |TAMS 0x0000000082400000, 0x0000000082400000| Untracked 
|  37|0x0000000082500000, 0x0000000082500000, 0x0000000082600000|  0%| F|  |TAMS 0x0000000082500000, 0x0000000082500000| Untracked 
|  38|0x0000000082600000, 0x0000000082600000, 0x0000000082700000|  0%| F|  |TAMS 0x0000000082600000, 0x0000000082600000| Untracked 
|  39|0x0000000082700000, 0x0000000082700000, 0x0000000082800000|  0%| F|  |TAMS 0x0000000082700000, 0x0000000082700000| Untracked 
|  40|0x0000000082800000, 0x0000000082800000, 0x0000000082900000|  0%| F|  |TAMS 0x0000000082800000, 0x0000000082800000| Untracked 
|  41|0x0000000082900000, 0x0000000082900000, 0x0000000082a00000|  0%| F|  |TAMS 0x0000000082900000, 0x0000000082900000| Untracked 
|  42|0x0000000082a00000, 0x0000000082a00000, 0x0000000082b00000|  0%| F|  |TAMS 0x0000000082a00000, 0x0000000082a00000| Untracked 
|  43|0x0000000082b00000, 0x0000000082b00000, 0x0000000082c00000|  0%| F|  |TAMS 0x0000000082b00000, 0x0000000082b00000| Untracked 
|  44|0x0000000082c00000, 0x0000000082c00000, 0x0000000082d00000|  0%| F|  |TAMS 0x0000000082c00000, 0x0000000082c00000| Untracked 
|  45|0x0000000082d00000, 0x0000000082d00000, 0x0000000082e00000|  0%| F|  |TAMS 0x0000000082d00000, 0x0000000082d00000| Untracked 
|  46|0x0000000082e00000, 0x0000000082e00000, 0x0000000082f00000|  0%| F|  |TAMS 0x0000000082e00000, 0x0000000082e00000| Untracked 
|  47|0x0000000082f00000, 0x0000000082f00000, 0x0000000083000000|  0%| F|  |TAMS 0x0000000082f00000, 0x0000000082f00000| Untracked 
|  48|0x0000000083000000, 0x0000000083000000, 0x0000000083100000|  0%| F|  |TAMS 0x0000000083000000, 0x0000000083000000| Untracked 
|  49|0x0000000083100000, 0x0000000083100000, 0x0000000083200000|  0%| F|  |TAMS 0x0000000083100000, 0x0000000083100000| Untracked 
|  50|0x0000000083200000, 0x0000000083200000, 0x0000000083300000|  0%| F|  |TAMS 0x0000000083200000, 0x0000000083200000| Untracked 
|  51|0x0000000083300000, 0x0000000083300000, 0x0000000083400000|  0%| F|  |TAMS 0x0000000083300000, 0x0000000083300000| Untracked 
|  52|0x0000000083400000, 0x0000000083400000, 0x0000000083500000|  0%| F|  |TAMS 0x0000000083400000, 0x0000000083400000| Untracked 
|  53|0x0000000083500000, 0x0000000083500000, 0x0000000083600000|  0%| F|  |TAMS 0x0000000083500000, 0x0000000083500000| Untracked 
|  54|0x0000000083600000, 0x0000000083600000, 0x0000000083700000|  0%| F|  |TAMS 0x0000000083600000, 0x0000000083600000| Untracked 
|  55|0x0000000083700000, 0x0000000083700000, 0x0000000083800000|  0%| F|  |TAMS 0x0000000083700000, 0x0000000083700000| Untracked 
|  56|0x0000000083800000, 0x0000000083800000, 0x0000000083900000|  0%| F|  |TAMS 0x0000000083800000, 0x0000000083800000| Untracked 
|  57|0x0000000083900000, 0x0000000083900000, 0x0000000083a00000|  0%| F|  |TAMS 0x0000000083900000, 0x0000000083900000| Untracked 
|  58|0x0000000083a00000, 0x0000000083a00000, 0x0000000083b00000|  0%| F|  |TAMS 0x0000000083a00000, 0x0000000083a00000| Untracked 
|  59|0x0000000083b00000, 0x0000000083b00000, 0x0000000083c00000|  0%| F|  |TAMS 0x0000000083b00000, 0x0000000083b00000| Untracked 
|  60|0x0000000083c00000, 0x0000000083c00000, 0x0000000083d00000|  0%| F|  |TAMS 0x0000000083c00000, 0x0000000083c00000| Untracked 
|  61|0x0000000083d00000, 0x0000000083d00000, 0x0000000083e00000|  0%| F|  |TAMS 0x0000000083d00000, 0x0000000083d00000| Untracked 
|  62|0x0000000083e00000, 0x0000000083e00000, 0x0000000083f00000|  0%| F|  |TAMS 0x0000000083e00000, 0x0000000083e00000| Untracked 
|  63|0x0000000083f00000, 0x0000000083f00000, 0x0000000084000000|  0%| F|  |TAMS 0x0000000083f00000, 0x0000000083f00000| Untracked 
|  64|0x0000000084000000, 0x0000000084000000, 0x0000000084100000|  0%| F|  |TAMS 0x0000000084000000, 0x0000000084000000| Untracked 
|  65|0x0000000084100000, 0x0000000084100000, 0x0000000084200000|  0%| F|  |TAMS 0x0000000084100000, 0x0000000084100000| Untracked 
|  66|0x0000000084200000, 0x0000000084200000, 0x0000000084300000|  0%| F|  |TAMS 0x0000000084200000, 0x0000000084200000| Untracked 
|  67|0x0000000084300000, 0x0000000084300000, 0x0000000084400000|  0%| F|  |TAMS 0x0000000084300000, 0x0000000084300000| Untracked 
|  68|0x0000000084400000, 0x0000000084400000, 0x0000000084500000|  0%| F|  |TAMS 0x0000000084400000, 0x0000000084400000| Untracked 
|  69|0x0000000084500000, 0x0000000084500000, 0x0000000084600000|  0%| F|  |TAMS 0x0000000084500000, 0x0000000084500000| Untracked 
|  70|0x0000000084600000, 0x0000000084600000, 0x0000000084700000|  0%| F|  |TAMS 0x0000000084600000, 0x0000000084600000| Untracked 
|  71|0x0000000084700000, 0x0000000084700000, 0x0000000084800000|  0%| F|  |TAMS 0x0000000084700000, 0x0000000084700000| Untracked 
|  72|0x0000000084800000, 0x0000000084800000, 0x0000000084900000|  0%| F|  |TAMS 0x0000000084800000, 0x0000000084800000| Untracked 
|  73|0x0000000084900000, 0x0000000084900000, 0x0000000084a00000|  0%| F|  |TAMS 0x0000000084900000, 0x0000000084900000| Untracked 
|  74|0x0000000084a00000, 0x0000000084a00000, 0x0000000084b00000|  0%| F|  |TAMS 0x0000000084a00000, 0x0000000084a00000| Untracked 
|  75|0x0000000084b00000, 0x0000000084b00000, 0x0000000084c00000|  0%| F|  |TAMS 0x0000000084b00000, 0x0000000084b00000| Untracked 
|  76|0x0000000084c00000, 0x0000000084c00000, 0x0000000084d00000|  0%| F|  |TAMS 0x0000000084c00000, 0x0000000084c00000| Untracked 
|  77|0x0000000084d00000, 0x0000000084d00000, 0x0000000084e00000|  0%| F|  |TAMS 0x0000000084d00000, 0x0000000084d00000| Untracked 
|  78|0x0000000084e00000, 0x0000000084e00000, 0x0000000084f00000|  0%| F|  |TAMS 0x0000000084e00000, 0x0000000084e00000| Untracked 
|  79|0x0000000084f00000, 0x0000000084f00000, 0x0000000085000000|  0%| F|  |TAMS 0x0000000084f00000, 0x0000000084f00000| Untracked 
|  80|0x0000000085000000, 0x0000000085000000, 0x0000000085100000|  0%| F|  |TAMS 0x0000000085000000, 0x0000000085000000| Untracked 
|  81|0x0000000085100000, 0x0000000085100000, 0x0000000085200000|  0%| F|  |TAMS 0x0000000085100000, 0x0000000085100000| Untracked 
|  82|0x0000000085200000, 0x0000000085200000, 0x0000000085300000|  0%| F|  |TAMS 0x0000000085200000, 0x0000000085200000| Untracked 
|  83|0x0000000085300000, 0x0000000085300000, 0x0000000085400000|  0%| F|  |TAMS 0x0000000085300000, 0x0000000085300000| Untracked 
|  84|0x0000000085400000, 0x0000000085400000, 0x0000000085500000|  0%| F|  |TAMS 0x0000000085400000, 0x0000000085400000| Untracked 
|  85|0x0000000085500000, 0x0000000085500000, 0x0000000085600000|  0%| F|  |TAMS 0x0000000085500000, 0x0000000085500000| Untracked 
|  86|0x0000000085600000, 0x0000000085600000, 0x0000000085700000|  0%| F|  |TAMS 0x0000000085600000, 0x0000000085600000| Untracked 
|  87|0x0000000085700000, 0x0000000085700000, 0x0000000085800000|  0%| F|  |TAMS 0x0000000085700000, 0x0000000085700000| Untracked 
|  88|0x0000000085800000, 0x0000000085800000, 0x0000000085900000|  0%| F|  |TAMS 0x0000000085800000, 0x0000000085800000| Untracked 
|  89|0x0000000085900000, 0x0000000085900000, 0x0000000085a00000|  0%| F|  |TAMS 0x0000000085900000, 0x0000000085900000| Untracked 
|  90|0x0000000085a00000, 0x0000000085a00000, 0x0000000085b00000|  0%| F|  |TAMS 0x0000000085a00000, 0x0000000085a00000| Untracked 
|  91|0x0000000085b00000, 0x0000000085b00000, 0x0000000085c00000|  0%| F|  |TAMS 0x0000000085b00000, 0x0000000085b00000| Untracked 
|  92|0x0000000085c00000, 0x0000000085c00000, 0x0000000085d00000|  0%| F|  |TAMS 0x0000000085c00000, 0x0000000085c00000| Untracked 
|  93|0x0000000085d00000, 0x0000000085d00000, 0x0000000085e00000|  0%| F|  |TAMS 0x0000000085d00000, 0x0000000085d00000| Untracked 
|  94|0x0000000085e00000, 0x0000000085e00000, 0x0000000085f00000|  0%| F|  |TAMS 0x0000000085e00000, 0x0000000085e00000| Untracked 
|  95|0x0000000085f00000, 0x0000000085f00000, 0x0000000086000000|  0%| F|  |TAMS 0x0000000085f00000, 0x0000000085f00000| Untracked 
|  96|0x0000000086000000, 0x0000000086000000, 0x0000000086100000|  0%| F|  |TAMS 0x0000000086000000, 0x0000000086000000| Untracked 
|  97|0x0000000086100000, 0x0000000086100000, 0x0000000086200000|  0%| F|  |TAMS 0x0000000086100000, 0x0000000086100000| Untracked 
|  98|0x0000000086200000, 0x0000000086200000, 0x0000000086300000|  0%| F|  |TAMS 0x0000000086200000, 0x0000000086200000| Untracked 
|  99|0x0000000086300000, 0x0000000086300000, 0x0000000086400000|  0%| F|  |TAMS 0x0000000086300000, 0x0000000086300000| Untracked 
| 100|0x0000000086400000, 0x0000000086400000, 0x0000000086500000|  0%| F|  |TAMS 0x0000000086400000, 0x0000000086400000| Untracked 
| 101|0x0000000086500000, 0x0000000086500000, 0x0000000086600000|  0%| F|  |TAMS 0x0000000086500000, 0x0000000086500000| Untracked 
| 102|0x0000000086600000, 0x0000000086600000, 0x0000000086700000|  0%| F|  |TAMS 0x0000000086600000, 0x0000000086600000| Untracked 
| 103|0x0000000086700000, 0x0000000086700000, 0x0000000086800000|  0%| F|  |TAMS 0x0000000086700000, 0x0000000086700000| Untracked 
| 104|0x0000000086800000, 0x0000000086800000, 0x0000000086900000|  0%| F|  |TAMS 0x0000000086800000, 0x0000000086800000| Untracked 
| 105|0x0000000086900000, 0x0000000086900000, 0x0000000086a00000|  0%| F|  |TAMS 0x0000000086900000, 0x0000000086900000| Untracked 
| 106|0x0000000086a00000, 0x0000000086a00000, 0x0000000086b00000|  0%| F|  |TAMS 0x0000000086a00000, 0x0000000086a00000| Untracked 
| 107|0x0000000086b00000, 0x0000000086b00000, 0x0000000086c00000|  0%| F|  |TAMS 0x0000000086b00000, 0x0000000086b00000| Untracked 
| 108|0x0000000086c00000, 0x0000000086c00000, 0x0000000086d00000|  0%| F|  |TAMS 0x0000000086c00000, 0x0000000086c00000| Untracked 
| 109|0x0000000086d00000, 0x0000000086d00000, 0x0000000086e00000|  0%| F|  |TAMS 0x0000000086d00000, 0x0000000086d00000| Untracked 
| 110|0x0000000086e00000, 0x0000000086e00000, 0x0000000086f00000|  0%| F|  |TAMS 0x0000000086e00000, 0x0000000086e00000| Untracked 
| 111|0x0000000086f00000, 0x0000000086f00000, 0x0000000087000000|  0%| F|  |TAMS 0x0000000086f00000, 0x0000000086f00000| Untracked 
| 112|0x0000000087000000, 0x0000000087000000, 0x0000000087100000|  0%| F|  |TAMS 0x0000000087000000, 0x0000000087000000| Untracked 
| 113|0x0000000087100000, 0x0000000087100000, 0x0000000087200000|  0%| F|  |TAMS 0x0000000087100000, 0x0000000087100000| Untracked 
| 114|0x0000000087200000, 0x0000000087200000, 0x0000000087300000|  0%| F|  |TAMS 0x0000000087200000, 0x0000000087200000| Untracked 
| 115|0x0000000087300000, 0x00000000873bb130, 0x0000000087400000| 73%| S|CS|TAMS 0x0000000087300000, 0x0000000087300000| Complete 
| 116|0x0000000087400000, 0x0000000087500000, 0x0000000087500000|100%| S|CS|TAMS 0x0000000087400000, 0x0000000087400000| Complete 
| 117|0x0000000087500000, 0x0000000087500000, 0x0000000087600000|  0%| F|  |TAMS 0x0000000087500000, 0x0000000087500000| Untracked 
| 118|0x0000000087600000, 0x0000000087600000, 0x0000000087700000|  0%| F|  |TAMS 0x0000000087600000, 0x0000000087600000| Untracked 
| 119|0x0000000087700000, 0x0000000087700000, 0x0000000087800000|  0%| F|  |TAMS 0x0000000087700000, 0x0000000087700000| Untracked 
| 120|0x0000000087800000, 0x0000000087800000, 0x0000000087900000|  0%| F|  |TAMS 0x0000000087800000, 0x0000000087800000| Untracked 
| 121|0x0000000087900000, 0x0000000087900000, 0x0000000087a00000|  0%| F|  |TAMS 0x0000000087900000, 0x0000000087900000| Untracked 
| 122|0x0000000087a00000, 0x0000000087a00000, 0x0000000087b00000|  0%| F|  |TAMS 0x0000000087a00000, 0x0000000087a00000| Untracked 
| 123|0x0000000087b00000, 0x0000000087b00000, 0x0000000087c00000|  0%| F|  |TAMS 0x0000000087b00000, 0x0000000087b00000| Untracked 
| 124|0x0000000087c00000, 0x0000000087c5c728, 0x0000000087d00000| 36%| E|  |TAMS 0x0000000087c00000, 0x0000000087c00000| Complete 
| 125|0x0000000087d00000, 0x0000000087e00000, 0x0000000087e00000|100%| E|CS|TAMS 0x0000000087d00000, 0x0000000087d00000| Complete 
| 126|0x0000000087e00000, 0x0000000087f00000, 0x0000000087f00000|100%| E|CS|TAMS 0x0000000087e00000, 0x0000000087e00000| Complete 
| 127|0x0000000087f00000, 0x0000000088000000, 0x0000000088000000|100%| E|CS|TAMS 0x0000000087f00000, 0x0000000087f00000| Complete 

Card table byte_map: [0x00000246dbe60000,0x00000246dc260000] _byte_map_base: 0x00000246dba60000

Marking Bits (Prev, Next): (CMBitMap*) 0x00000246c93462b0, (CMBitMap*) 0x00000246c93462f0
 Prev Bits: [0x00000246dc660000, 0x00000246de660000)
 Next Bits: [0x00000246de660000, 0x00000246e0660000)

Polling page: 0x00000246c7100000

Metaspace:

Usage:
  Non-class:     17.00 MB used.
      Class:      1.98 MB used.
       Both:     18.98 MB used.

Virtual space:
  Non-class space:       64.00 MB reserved,      17.19 MB ( 27%) committed,  1 nodes.
      Class space:        1.00 GB reserved,       2.12 MB ( <1%) committed,  1 nodes.
             Both:        1.06 GB reserved,      19.31 MB (  2%) committed. 

Chunk freelists:
   Non-Class:  14.18 MB
       Class:  13.93 MB
        Both:  28.12 MB

MaxMetaspaceSize: unlimited
CompressedClassSpaceSize: 1.00 GB
Initial GC threshold: 21.00 MB
Current GC threshold: 21.00 MB
CDS: off
MetaspaceReclaimPolicy: balanced
 - commit_granule_bytes: 65536.
 - commit_granule_words: 8192.
 - virtual_space_node_default_size: 8388608.
 - enlarge_chunks_in_place: 1.
 - new_chunks_are_fully_committed: 0.
 - uncommit_free_chunks: 1.
 - use_allocation_guard: 0.
 - handle_deallocations: 1.


Internal statistics:

num_allocs_failed_limit: 0.
num_arena_births: 296.
num_arena_deaths: 0.
num_vsnodes_births: 2.
num_vsnodes_deaths: 0.
num_space_committed: 309.
num_space_uncommitted: 0.
num_chunks_returned_to_freelist: 0.
num_chunks_taken_from_freelist: 624.
num_chunk_merges: 0.
num_chunk_splits: 364.
num_chunks_enlarged: 175.
num_inconsistent_stats: 0.

CodeHeap 'non-profiled nmethods': size=120000Kb used=516Kb max_used=516Kb free=119483Kb
 bounds [0x00000246d4530000, 0x00000246d47a0000, 0x00000246dba60000]
CodeHeap 'profiled nmethods': size=120000Kb used=3041Kb max_used=3041Kb free=116958Kb
 bounds [0x00000246cca60000, 0x00000246ccd60000, 0x00000246d3f90000]
CodeHeap 'non-nmethods': size=5760Kb used=1210Kb max_used=1229Kb free=4549Kb
 bounds [0x00000246d3f90000, 0x00000246d4200000, 0x00000246d4530000]
 total_blobs=2102 nmethods=1597 adapters=418
 compilation: enabled
              stopped_count=0, restarted_count=0
 full_count=0

Compilation events (20 events):
Event: 0.865 Thread 0x00000246e7078b70 nmethod 1596 0x00000246ccd54e10 code [0x00000246ccd54fc0, 0x00000246ccd551f8]
Event: 0.865 Thread 0x00000246e7078b70 1597       3       java.nio.MappedByteBuffer::rewind (7 bytes)
Event: 0.865 Thread 0x00000246e7078b70 nmethod 1597 0x00000246ccd55310 code [0x00000246ccd554c0, 0x00000246ccd55698]
Event: 0.865 Thread 0x00000246e7078b70 1598       3       java.nio.ByteBuffer::rewind (7 bytes)
Event: 0.865 Thread 0x00000246e7078b70 nmethod 1598 0x00000246ccd55790 code [0x00000246ccd55920, 0x00000246ccd55a98]
Event: 0.866 Thread 0x00000246e7078b70 1599       3       java.io.Bits::putLong (86 bytes)
Event: 0.866 Thread 0x00000246e7078b70 nmethod 1599 0x00000246ccd55b90 code [0x00000246ccd55d40, 0x00000246ccd55fb8]
Event: 0.866 Thread 0x00000246e7078b70 1600       3       java.io.ObjectStreamClass::lookup (26 bytes)
Event: 0.867 Thread 0x00000246e7078b70 nmethod 1600 0x00000246ccd56110 code [0x00000246ccd562e0, 0x00000246ccd56658]
Event: 0.868 Thread 0x00000246e7078b70 1601       3       java.lang.ClassValue$ClassValueMap::loadFromCache (9 bytes)
Event: 0.868 Thread 0x00000246e7078b70 nmethod 1601 0x00000246ccd56710 code [0x00000246ccd568a0, 0x00000246ccd569b8]
Event: 0.868 Thread 0x00000246e7078b70 1602       3       java.lang.ClassValue$Entry::value (9 bytes)
Event: 0.868 Thread 0x00000246e7078b70 nmethod 1602 0x00000246ccd56a90 code [0x00000246ccd56c20, 0x00000246ccd56d98]
Event: 0.868 Thread 0x00000246e7078b70 1603       3       java.lang.ClassValue::get (31 bytes)
Event: 0.868 Thread 0x00000246e7078b70 nmethod 1603 0x00000246ccd56e90 code [0x00000246ccd570c0, 0x00000246ccd579f8]
Event: 0.868 Thread 0x00000246e7078b70 1604       3       java.lang.ClassValue::castEntry (2 bytes)
Event: 0.869 Thread 0x00000246e7078b70 nmethod 1604 0x00000246ccd57d90 code [0x00000246ccd57f20, 0x00000246ccd58038]
Event: 0.869 Thread 0x00000246e7078b70 1605       3       java.lang.ClassValue::match (21 bytes)
Event: 0.869 Thread 0x00000246e7078b70 nmethod 1605 0x00000246ccd58110 code [0x00000246ccd582a0, 0x00000246ccd58518]
Event: 0.869 Thread 0x00000246e7078b70 1607       3       java.io.ObjectStreamClass::forClass (52 bytes)

GC Heap History (4 events):
Event: 0.451 GC heap before
{Heap before GC invocations=0 (full 0):
 garbage-first heap   total 131072K, used 15360K [0x0000000080000000, 0x0000000100000000)
  region size 1024K, 13 young (13312K), 0 survivors (0K)
 Metaspace       used 14488K, committed 14784K, reserved 1114112K
  class space    used 1525K, committed 1664K, reserved 1048576K
}
Event: 0.455 GC heap after
{Heap after GC invocations=1 (full 0):
 garbage-first heap   total 131072K, used 7212K [0x0000000080000000, 0x0000000100000000)
  region size 1024K, 2 young (2048K), 2 survivors (2048K)
 Metaspace       used 14488K, committed 14784K, reserved 1114112K
  class space    used 1525K, committed 1664K, reserved 1048576K
}
Event: 0.794 GC heap before
{Heap before GC invocations=1 (full 0):
 garbage-first heap   total 131072K, used 17452K [0x0000000080000000, 0x0000000100000000)
  region size 1024K, 13 young (13312K), 2 survivors (2048K)
 Metaspace       used 18941K, committed 19200K, reserved 1114112K
  class space    used 1989K, committed 2112K, reserved 1048576K
}
Event: 0.797 GC heap after
{Heap after GC invocations=2 (full 0):
 garbage-first heap   total 131072K, used 8577K [0x0000000080000000, 0x0000000100000000)
  region size 1024K, 2 young (2048K), 2 survivors (2048K)
 Metaspace       used 18941K, committed 19200K, reserved 1114112K
  class space    used 1989K, committed 2112K, reserved 1048576K
}

Dll operation events (1 events):
Event: 0.003 Loaded shared library D:\idea\JetBrains\IntelliJIdea2024.1\jbr\bin\java.dll

Deoptimization events (20 events):
Event: 0.722 Thread 0x00000246e76de180 DEOPT PACKING pc=0x00000246d459bce4 sp=0x000000806a2fde30
Event: 0.722 Thread 0x00000246e76de180 DEOPT UNPACKING pc=0x00000246d3fea1a3 sp=0x000000806a2fddb0 mode 2
Event: 0.737 Thread 0x00000246e76de180 Uncommon trap: trap_request=0xffffff45 fr.pc=0x00000246d458deec relative=0x00000000000056ec
Event: 0.737 Thread 0x00000246e76de180 Uncommon trap: reason=unstable_if action=reinterpret pc=0x00000246d458deec method=jdk.internal.org.objectweb.asm.Frame.execute(IILjdk/internal/org/objectweb/asm/Symbol;Ljdk/internal/org/objectweb/asm/SymbolTable;)V @ 1 c2
Event: 0.737 Thread 0x00000246e76de180 DEOPT PACKING pc=0x00000246d458deec sp=0x000000806a2fd490
Event: 0.737 Thread 0x00000246e76de180 DEOPT UNPACKING pc=0x00000246d3fea1a3 sp=0x000000806a2fd428 mode 2
Event: 0.801 Thread 0x00000246e76de180 Uncommon trap: trap_request=0xffffffc6 fr.pc=0x00000246d459f9ec relative=0x000000000000150c
Event: 0.801 Thread 0x00000246e76de180 Uncommon trap: reason=bimorphic_or_optimized_type_check action=maybe_recompile pc=0x00000246d459f9ec method=java.util.HashMap.putVal(ILjava/lang/Object;Ljava/lang/Object;ZZ)Ljava/lang/Object; @ 203 c2
Event: 0.801 Thread 0x00000246e76de180 DEOPT PACKING pc=0x00000246d459f9ec sp=0x000000806a2fd040
Event: 0.801 Thread 0x00000246e76de180 DEOPT UNPACKING pc=0x00000246d3fea1a3 sp=0x000000806a2fcf98 mode 2
Event: 0.801 Thread 0x00000246e76de180 Uncommon trap: trap_request=0xffffffc6 fr.pc=0x00000246d459fa48 relative=0x0000000000001568
Event: 0.801 Thread 0x00000246e76de180 Uncommon trap: reason=bimorphic_or_optimized_type_check action=maybe_recompile pc=0x00000246d459fa48 method=java.util.HashMap.putVal(ILjava/lang/Object;Ljava/lang/Object;ZZ)Ljava/lang/Object; @ 91 c2
Event: 0.801 Thread 0x00000246e76de180 DEOPT PACKING pc=0x00000246d459fa48 sp=0x000000806a2fd040
Event: 0.801 Thread 0x00000246e76de180 DEOPT UNPACKING pc=0x00000246d3fea1a3 sp=0x000000806a2fcf98 mode 2
Event: 0.801 Thread 0x00000246e76de180 Uncommon trap: trap_request=0xffffffc6 fr.pc=0x00000246d459f9ec relative=0x000000000000150c
Event: 0.801 Thread 0x00000246e76de180 Uncommon trap: reason=bimorphic_or_optimized_type_check action=maybe_recompile pc=0x00000246d459f9ec method=java.util.HashMap.putVal(ILjava/lang/Object;Ljava/lang/Object;ZZ)Ljava/lang/Object; @ 203 c2
Event: 0.801 Thread 0x00000246e76de180 DEOPT PACKING pc=0x00000246d459f9ec sp=0x000000806a2fd040
Event: 0.801 Thread 0x00000246e76de180 DEOPT UNPACKING pc=0x00000246d3fea1a3 sp=0x000000806a2fcf98 mode 2
Event: 0.866 Thread 0x00000246e76de180 DEOPT PACKING pc=0x00000246ccaa1256 sp=0x000000806a2fd8f0
Event: 0.866 Thread 0x00000246e76de180 DEOPT UNPACKING pc=0x00000246d3feace3 sp=0x000000806a2fcd90 mode 0

Classes unloaded (0 events):
No events

Classes redefined (0 events):
No events

Internal exceptions (20 events):
Event: 0.357 Thread 0x00000246e76de690 Exception <a 'java/lang/InterruptedException'{0x00000000877ca380}> (0x00000000877ca380) 
thrown [s\src\hotspot\share\runtime\objectMonitor.cpp, line 1658]
Event: 0.358 Thread 0x00000246e76de180 Exception <a 'java/lang/NoSuchMethodError'{0x0000000087799600}: 'void java.lang.invoke.DirectMethodHandle$Holder.invokeSpecial(java.lang.Object, java.lang.Object, java.lang.Object)'> (0x0000000087799600) 
thrown [s\src\hotspot\share\interpreter\linkResolver.cpp, line 771]
Event: 0.358 Thread 0x00000246e76de180 Exception <a 'java/lang/NoSuchMethodError'{0x000000008779cb68}: 'void java.lang.invoke.Invokers$Holder.invoke_MT(java.lang.Object, java.lang.Object, java.lang.Object)'> (0x000000008779cb68) 
thrown [s\src\hotspot\share\interpreter\linkResolver.cpp, line 771]
Event: 0.358 Thread 0x00000246e76de690 Exception <a 'java/lang/NoSuchMethodError'{0x00000000877d2b20}: 'java.lang.Object java.lang.invoke.DirectMethodHandle$Holder.newInvokeSpecial(java.lang.Object, java.lang.Object, int, java.lang.Object, long)'> (0x00000000877d2b20) 
thrown [s\src\hotspot\share\interpreter\linkResolver.cpp, line 771]
Event: 0.413 Thread 0x00000246e76de180 Exception <a 'java/lang/NoSuchMethodError'{0x00000000874382a0}: 'java.lang.Object java.lang.invoke.DirectMethodHandle$Holder.invokeInterface(java.lang.Object, java.lang.Object)'> (0x00000000874382a0) 
thrown [s\src\hotspot\share\interpreter\linkResolver.cpp, line 771]
Event: 0.427 Thread 0x00000246e76de180 Exception <a 'java/lang/NoSuchMethodError'{0x00000000874e4448}: 'java.lang.Object java.lang.invoke.DirectMethodHandle$Holder.invokeVirtual(java.lang.Object, java.lang.Object, java.lang.Object, java.lang.Object)'> (0x00000000874e4448) 
thrown [s\src\hotspot\share\interpreter\linkResolver.cpp, line 771]
Event: 0.427 Thread 0x00000246e76de180 Exception <a 'java/lang/NoSuchMethodError'{0x00000000874eccb8}: 'void java.lang.invoke.DirectMethodHandle$Holder.invokeStatic(java.lang.Object, java.lang.Object, java.lang.Object, java.lang.Object)'> (0x00000000874eccb8) 
thrown [s\src\hotspot\share\interpreter\linkResolver.cpp, line 771]
Event: 0.438 Thread 0x00000246e76de180 Exception <a 'java/lang/NoSuchMethodError'{0x000000008735dd68}: 'int java.lang.invoke.DirectMethodHandle$Holder.invokeStaticInit(java.lang.Object, java.lang.Object, java.lang.Object, java.lang.Object)'> (0x000000008735dd68) 
thrown [s\src\hotspot\share\interpreter\linkResolver.cpp, line 771]
Event: 0.439 Thread 0x00000246e76de180 Exception <a 'java/lang/IncompatibleClassChangeError'{0x0000000087366f48}: Found class java.lang.Object, but interface was expected> (0x0000000087366f48) 
thrown [s\src\hotspot\share\interpreter\linkResolver.cpp, line 838]
Event: 0.440 Thread 0x00000246e76de180 Exception <a 'java/lang/NoSuchMethodError'{0x000000008736c5a8}: 'int java.lang.invoke.DirectMethodHandle$Holder.invokeStaticInit(java.lang.Object, java.lang.Object)'> (0x000000008736c5a8) 
thrown [s\src\hotspot\share\interpreter\linkResolver.cpp, line 771]
Event: 0.569 Thread 0x00000246e76de180 Exception <a 'sun/nio/fs/WindowsException'{0x0000000087cc8360}> (0x0000000087cc8360) 
thrown [s\src\hotspot\share\prims\jni.cpp, line 531]
Event: 0.612 Thread 0x00000246e76de180 Implicit null exception at 0x00000246d4585b59 to 0x00000246d4586434
Event: 0.679 Thread 0x00000246e76de180 Exception <a 'java/lang/NoSuchMethodError'{0x00000000879bc700}: 'java.lang.Object java.lang.invoke.DirectMethodHandle$Holder.invokeStaticInit(java.lang.Object, java.lang.Object, java.lang.Object)'> (0x00000000879bc700) 
thrown [s\src\hotspot\share\interpreter\linkResolver.cpp, line 771]
Event: 0.686 Thread 0x00000246e76de180 Exception <a 'java/lang/NoSuchMethodError'{0x00000000878177a0}: 'java.lang.Object java.lang.invoke.DirectMethodHandle$Holder.newInvokeSpecial(java.lang.Object, java.lang.Object, int)'> (0x00000000878177a0) 
thrown [s\src\hotspot\share\interpreter\linkResolver.cpp, line 771]
Event: 0.803 Thread 0x00000246e76de180 Exception <a 'java/lang/NoSuchMethodError'{0x0000000087f39fc8}: static Lcom/intellij/database/remote/jdba/core/ConnectionInfo;.<clinit>()V> (0x0000000087f39fc8) 
thrown [s\src\hotspot\share\prims\jni.cpp, line 1122]
Event: 0.803 Thread 0x00000246e76de180 Exception <a 'java/lang/NoSuchMethodError'{0x0000000087f44380}: static Ljava/lang/Object;.<clinit>()V> (0x0000000087f44380) 
thrown [s\src\hotspot\share\prims\jni.cpp, line 1122]
Event: 0.804 Thread 0x00000246e76de180 Exception <a 'java/lang/NoSuchMethodError'{0x0000000087f47ed0}: static [I.<clinit>()V> (0x0000000087f47ed0) 
thrown [s\src\hotspot\share\prims\jni.cpp, line 1122]
Event: 0.848 Thread 0x00000246e76de180 Exception <a 'java/lang/NoSuchMethodError'{0x0000000087da6b40}: static Lcom/intellij/database/remote/jdba/core/ResultLayout;.<clinit>()V> (0x0000000087da6b40) 
thrown [s\src\hotspot\share\prims\jni.cpp, line 1122]
Event: 0.849 Thread 0x00000246e76de180 Exception <a 'java/lang/NoSuchMethodError'{0x0000000087db3488}: static Lcom/intellij/database/remote/jdba/core/RowLayout;.<clinit>()V> (0x0000000087db3488) 
thrown [s\src\hotspot\share\prims\jni.cpp, line 1122]
Event: 0.851 Thread 0x00000246e76de180 Exception <a 'java/lang/NoSuchMethodError'{0x0000000087dbff30}: static Lcom/intellij/database/remote/jdba/util/NameAndClass;.<clinit>()V> (0x0000000087dbff30) 
thrown [s\src\hotspot\share\prims\jni.cpp, line 1122]

VM Operations (14 events):
Event: 0.103 Executing VM operation: HandshakeAllThreads
Event: 0.103 Executing VM operation: HandshakeAllThreads done
Event: 0.178 Executing VM operation: HandshakeAllThreads
Event: 0.178 Executing VM operation: HandshakeAllThreads done
Event: 0.451 Executing VM operation: G1CollectForAllocation
Event: 0.455 Executing VM operation: G1CollectForAllocation done
Event: 0.557 Executing VM operation: HandshakeAllThreads
Event: 0.557 Executing VM operation: HandshakeAllThreads done
Event: 0.576 Executing VM operation: HandshakeAllThreads
Event: 0.576 Executing VM operation: HandshakeAllThreads done
Event: 0.628 Executing VM operation: HandshakeAllThreads
Event: 0.629 Executing VM operation: HandshakeAllThreads done
Event: 0.794 Executing VM operation: G1CollectForAllocation
Event: 0.797 Executing VM operation: G1CollectForAllocation done

Events (20 events):
Event: 0.776 loading class java/util/concurrent/LinkedBlockingQueue
Event: 0.777 loading class java/util/concurrent/LinkedBlockingQueue done
Event: 0.777 loading class java/util/concurrent/LinkedBlockingQueue$Node
Event: 0.777 loading class java/util/concurrent/LinkedBlockingQueue$Node done
Event: 0.786 loading class java/lang/AbstractMethodError
Event: 0.786 loading class java/lang/AbstractMethodError done
Event: 0.800 loading class java/lang/Byte$ByteCache
Event: 0.800 loading class java/lang/Byte$ByteCache done
Event: 0.800 loading class java/lang/Short$ShortCache
Event: 0.800 loading class java/lang/Short$ShortCache done
Event: 0.802 loading class java/util/regex/Pattern$LookBehindEndNode
Event: 0.802 loading class java/util/regex/Pattern$LookBehindEndNode done
Event: 0.802 loading class java/util/regex/Pattern$Behind
Event: 0.802 loading class java/util/regex/Pattern$Behind done
Event: 0.802 loading class java/util/regex/Pattern$Neg
Event: 0.802 loading class java/util/regex/Pattern$Neg done
Event: 0.802 loading class java/util/regex/Pattern$NotBehind
Event: 0.802 loading class java/util/regex/Pattern$NotBehind done
Event: 0.802 loading class java/util/regex/Pattern$Pos
Event: 0.802 loading class java/util/regex/Pattern$Pos done


Dynamic libraries:
0x00007ff659b30000 - 0x00007ff659b3a000 	D:\idea\JetBrains\IntelliJIdea2024.1\jbr\bin\java.exe
0x00007ffb7dcd0000 - 0x00007ffb7dec8000 	C:\Windows\SYSTEM32\ntdll.dll
0x00007ffb7c5e0000 - 0x00007ffb7c69d000 	C:\Windows\System32\KERNEL32.DLL
0x00007ffb7b3c0000 - 0x00007ffb7b6b6000 	C:\Windows\System32\KERNELBASE.dll
0x00007ffb7baf0000 - 0x00007ffb7bbf0000 	C:\Windows\System32\ucrtbase.dll
0x00007ffb73300000 - 0x00007ffb7331b000 	D:\idea\JetBrains\IntelliJIdea2024.1\jbr\bin\VCRUNTIME140.dll
0x00007ffb56440000 - 0x00007ffb56457000 	D:\idea\JetBrains\IntelliJIdea2024.1\jbr\bin\jli.dll
0x00007ffb7c950000 - 0x00007ffb7caef000 	C:\Windows\System32\USER32.dll
0x00007ffb66fa0000 - 0x00007ffb6723a000 	C:\Windows\WinSxS\amd64_microsoft.windows.common-controls_6595b64144ccf1df_6.0.19041.4355_none_60b8b9eb71f62e16\COMCTL32.dll
0x00007ffb7b390000 - 0x00007ffb7b3b2000 	C:\Windows\System32\win32u.dll
0x00007ffb7da00000 - 0x00007ffb7da9e000 	C:\Windows\System32\msvcrt.dll
0x00007ffb7c700000 - 0x00007ffb7c72b000 	C:\Windows\System32\GDI32.dll
0x00007ffb7bbf0000 - 0x00007ffb7bd07000 	C:\Windows\System32\gdi32full.dll
0x00007ffb7ba50000 - 0x00007ffb7baed000 	C:\Windows\System32\msvcp_win.dll
0x00007ffb7c730000 - 0x00007ffb7c75f000 	C:\Windows\System32\IMM32.DLL
0x00007ffb7c6a0000 - 0x00007ffb7c6f5000 	C:\Windows\System32\SHLWAPI.dll
0x00007ffb7c770000 - 0x00007ffb7c820000 	C:\Windows\System32\ADVAPI32.dll
0x00007ffb7dbf0000 - 0x00007ffb7dc90000 	C:\Windows\System32\sechost.dll
0x00007ffb7daa0000 - 0x00007ffb7dbc3000 	C:\Windows\System32\RPCRT4.dll
0x00007ffb7b770000 - 0x00007ffb7b797000 	C:\Windows\System32\bcrypt.dll
0x00007ffb74580000 - 0x00007ffb7458c000 	D:\idea\JetBrains\IntelliJIdea2024.1\jbr\bin\vcruntime140_1.dll
0x00007ffb71150000 - 0x00007ffb711dd000 	D:\idea\JetBrains\IntelliJIdea2024.1\jbr\bin\msvcp140.dll
0x00007ffb3e270000 - 0x00007ffb3eef2000 	D:\idea\JetBrains\IntelliJIdea2024.1\jbr\bin\server\jvm.dll
0x00007ffb63b90000 - 0x00007ffb63bb7000 	C:\Windows\SYSTEM32\WINMM.dll
0x00007ffb7a910000 - 0x00007ffb7a95b000 	C:\Windows\SYSTEM32\POWRPROF.dll
0x00007ffb6f6d0000 - 0x00007ffb6f6da000 	C:\Windows\SYSTEM32\VERSION.dll
0x00007ffb61380000 - 0x00007ffb61389000 	C:\Windows\SYSTEM32\WSOCK32.dll
0x00007ffb7c820000 - 0x00007ffb7c88b000 	C:\Windows\System32\WS2_32.dll
0x00007ffb7a780000 - 0x00007ffb7a792000 	C:\Windows\SYSTEM32\UMPDC.dll
0x00007ffb79ba0000 - 0x00007ffb79bb2000 	C:\Windows\SYSTEM32\kernel.appcore.dll
0x00007ffb6f300000 - 0x00007ffb6f30a000 	D:\idea\JetBrains\IntelliJIdea2024.1\jbr\bin\jimage.dll
0x00007ffb79100000 - 0x00007ffb792e4000 	C:\Windows\SYSTEM32\DBGHELP.DLL
0x00007ffb5d5e0000 - 0x00007ffb5d614000 	C:\Windows\SYSTEM32\dbgcore.DLL
0x00007ffb7b950000 - 0x00007ffb7b9d2000 	C:\Windows\System32\bcryptPrimitives.dll
0x00007ffb52e30000 - 0x00007ffb52e55000 	D:\idea\JetBrains\IntelliJIdea2024.1\jbr\bin\java.dll
0x00007ffb4c5b0000 - 0x00007ffb4c5c8000 	D:\idea\JetBrains\IntelliJIdea2024.1\jbr\bin\zip.dll
0x00007ffb7cc10000 - 0x00007ffb7d37c000 	C:\Windows\System32\SHELL32.dll
0x00007ffb793f0000 - 0x00007ffb79b8d000 	C:\Windows\SYSTEM32\windows.storage.dll
0x00007ffb7bfb0000 - 0x00007ffb7c303000 	C:\Windows\System32\combase.dll
0x00007ffb7adb0000 - 0x00007ffb7adde000 	C:\Windows\SYSTEM32\Wldp.dll
0x00007ffb7d930000 - 0x00007ffb7d9fd000 	C:\Windows\System32\OLEAUT32.dll
0x00007ffb7c310000 - 0x00007ffb7c3bd000 	C:\Windows\System32\SHCORE.dll
0x00007ffb7b2c0000 - 0x00007ffb7b2e4000 	C:\Windows\SYSTEM32\profapi.dll
0x00007ffb48330000 - 0x00007ffb48349000 	D:\idea\JetBrains\IntelliJIdea2024.1\jbr\bin\net.dll
0x00007ffb73ab0000 - 0x00007ffb73bba000 	C:\Windows\SYSTEM32\WINHTTP.dll
0x00007ffb7ab10000 - 0x00007ffb7ab7a000 	C:\Windows\system32\mswsock.dll
0x00007ffb47ab0000 - 0x00007ffb47ac6000 	D:\idea\JetBrains\IntelliJIdea2024.1\jbr\bin\nio.dll
0x00007ffb7a7a0000 - 0x00007ffb7a7db000 	C:\Windows\SYSTEM32\IPHLPAPI.DLL
0x00007ffb7c5d0000 - 0x00007ffb7c5d8000 	C:\Windows\System32\NSI.dll
0x00007ffb6f440000 - 0x00007ffb6f457000 	C:\Windows\SYSTEM32\dhcpcsvc6.DLL
0x00007ffb6f3f0000 - 0x00007ffb6f40d000 	C:\Windows\SYSTEM32\dhcpcsvc.DLL
0x00007ffb7a7f0000 - 0x00007ffb7a8ba000 	C:\Windows\SYSTEM32\DNSAPI.dll
0x00007ffb7ad00000 - 0x00007ffb7ad18000 	C:\Windows\SYSTEM32\CRYPTSP.dll
0x00007ffb7a3c0000 - 0x00007ffb7a3f4000 	C:\Windows\system32\rsaenh.dll
0x00007ffb7b230000 - 0x00007ffb7b25e000 	C:\Windows\SYSTEM32\USERENV.dll
0x00007ffb7ad20000 - 0x00007ffb7ad2c000 	C:\Windows\SYSTEM32\CRYPTBASE.dll
0x00007ffb56420000 - 0x00007ffb56429000 	D:\idea\JetBrains\IntelliJIdea2024.1\jbr\bin\extnet.dll
0x00007ffb47750000 - 0x00007ffb47757000 	D:\idea\JetBrains\IntelliJIdea2024.1\jbr\bin\rmi.dll
0x000000006dfd0000 - 0x000000006dff6000 	C:\Program Files\Bonjour\mdnsNSP.dll
0x00007ffb71630000 - 0x00007ffb7163a000 	C:\Windows\System32\rasadhlp.dll
0x00007ffb69db0000 - 0x00007ffb69e30000 	C:\Windows\System32\fwpuclnt.dll
0x00007ffb62d70000 - 0x00007ffb62d79000 	D:\idea\JetBrains\IntelliJIdea2024.1\jbr\bin\management.dll
0x00007ffb5add0000 - 0x00007ffb5addb000 	D:\idea\JetBrains\IntelliJIdea2024.1\jbr\bin\management_ext.dll
0x00007ffb7c760000 - 0x00007ffb7c768000 	C:\Windows\System32\PSAPI.DLL
0x00007ffb57db0000 - 0x00007ffb57dbe000 	D:\idea\JetBrains\IntelliJIdea2024.1\jbr\bin\sunmscapi.dll
0x00007ffb7b7a0000 - 0x00007ffb7b8fe000 	C:\Windows\System32\CRYPT32.dll
0x00007ffb7ae20000 - 0x00007ffb7ae49000 	C:\Windows\SYSTEM32\ncrypt.dll
0x00007ffb7ade0000 - 0x00007ffb7ae1b000 	C:\Windows\SYSTEM32\NTASN1.dll

dbghelp: loaded successfully - version: 4.0.5 - missing functions: none
symbol engine: initialized successfully - sym options: 0x614 - pdb path: .;D:\idea\JetBrains\IntelliJIdea2024.1\jbr\bin;C:\Windows\SYSTEM32;C:\Windows\WinSxS\amd64_microsoft.windows.common-controls_6595b64144ccf1df_6.0.19041.4355_none_60b8b9eb71f62e16;D:\idea\JetBrains\IntelliJIdea2024.1\jbr\bin\server;C:\Program Files\Bonjour

VM Arguments:
jvm_args: -Djava.rmi.server.hostname=127.0.0.1 -Duser.timezone=UTC -Xmx2048m -Xms128m -Djdbc.classpath=D:\idea\JetBrains\IntelliJIdea2024.1\plugins\DatabaseTools\lib\jdbc-console.jar;C:\Users\Елена\AppData\Roaming\JetBrains\IntelliJIdea2024.1\jdbc-drivers\PostgreSQL\42.6.0\org\postgresql\postgresql\42.6.0\postgresql-42.6.0.jar;C:\Users\Елена\AppData\Roaming\JetBrains\IntelliJIdea2024.1\jdbc-drivers\PostgreSQL\42.6.0\org\checkerframework\checker-qual\3.31.0\checker-qual-3.31.0.jar;C:\Users\Елена\AppData\Roaming\JetBrains\IntelliJIdea2024.1\jdbc-drivers\PostgreSQL\42.6.0\com\github\waffle\waffle-jna\1.9.1\waffle-jna-1.9.1.jar;C:\Users\Елена\AppData\Roaming\JetBrains\IntelliJIdea2024.1\jdbc-drivers\PostgreSQL\42.6.0\net\java\dev\jna\jna\4.5.1\jna-4.5.1.jar;C:\Users\Елена\AppData\Roaming\JetBrains\IntelliJIdea2024.1\jdbc-drivers\PostgreSQL\42.6.0\net\java\dev\jna\jna-platform\4.5.1\jna-platform-4.5.1.jar;C:\Users\Елена\AppData\Roaming\JetBrains\IntelliJIdea2024.1\jdbc-drivers\PostgreSQL\42.6.0\org\slf4j\jcl-over-slf4j\1.7.25\jcl-over-slf4j-1.7.25.jar;C:\Users\Елена\AppData\Roaming\JetBrains\IntelliJIdea2024.1\jdbc-drivers\PostgreSQL\42.6.0\org\slf4j\slf4j-api\1.7.25\slf4j-api-1.7.25.jar;C:\Users\Елена\AppData\Roaming\JetBrains\IntelliJIdea2024.1\jdbc-drivers\PostgreSQL\42.6.0\com\github\ben-manes\caffeine\caffeine\2.6.2\caffeine-2.6.2.jar --add-exports=java.desktop/sun.awt=ALL-UNNAMED --add-exports=java.desktop/java.awt.peer=ALL-UNNAMED --add-opens=java.desktop/java.awt=ALL-UNNAMED --add-opens=jdk.unsupported/sun.misc=ALL-UNNAMED --add-opens=java.base/java.nio=ALL-UNNAMED --add-opens=java.base/java.util=ALL-UNNAMED -Dfile.encoding=UTF-8 
java_command: com.intellij.database.remote.RemoteJdbcServer org.postgresql.Driver
java_class_path (initial): D:\idea\JetBrains\IntelliJIdea2024.1\lib\util_rt.jar;D:\idea\JetBrains\IntelliJIdea2024.1\lib\util-8.jar;D:\idea\JetBrains\IntelliJIdea2024.1\lib\groovy.jar;D:\idea\JetBrains\IntelliJIdea2024.1\plugins\DatabaseTools\lib\jdbc-console.jar;D:\idea\JetBrains\IntelliJIdea2024.1\plugins\grid-core-impl\lib\jdbc-console-types.jar;D:\idea\JetBrains\IntelliJIdea2024.1\lib\util.jar
Launcher Type: SUN_STANDARD

[Global flags]
     intx CICompilerCount                          = 3                                         {product} {ergonomic}
     uint ConcGCThreads                            = 1                                         {product} {ergonomic}
     uint G1ConcRefinementThreads                  = 4                                         {product} {ergonomic}
   size_t G1HeapRegionSize                         = 1048576                                   {product} {ergonomic}
    uintx GCDrainStackTargetSize                   = 64                                        {product} {ergonomic}
   size_t InitialHeapSize                          = 134217728                                 {product} {command line}
   size_t MarkStackSize                            = 4194304                                   {product} {ergonomic}
   size_t MaxHeapSize                              = 2147483648                                {product} {command line}
   size_t MaxNewSize                               = 1287651328                                {product} {ergonomic}
   size_t MinHeapDeltaBytes                        = 1048576                                   {product} {ergonomic}
   size_t MinHeapSize                              = 134217728                                 {product} {command line}
    uintx NonNMethodCodeHeapSize                   = 5832780                                {pd product} {ergonomic}
    uintx NonProfiledCodeHeapSize                  = 122912730                              {pd product} {ergonomic}
    uintx ProfiledCodeHeapSize                     = 122912730                              {pd product} {ergonomic}
    uintx ReservedCodeCacheSize                    = 251658240                              {pd product} {ergonomic}
     bool SegmentedCodeCache                       = true                                      {product} {ergonomic}
   size_t SoftMaxHeapSize                          = 2147483648                             {manageable} {ergonomic}
     bool UseCompressedClassPointers               = true                           {product lp64_product} {ergonomic}
     bool UseCompressedOops                        = true                           {product lp64_product} {ergonomic}
     bool UseG1GC                                  = true                                      {product} {ergonomic}
     bool UseLargePagesIndividualAllocation        = false                                  {pd product} {ergonomic}

Logging:
Log output configuration:
 #0: stdout all=warning uptime,level,tags
 #1: stderr all=off uptime,level,tags

Environment Variables:
JAVA_HOME=D:\jdk\openjdk-21.0.1_windows-x64_bin
PATH=C:\Program Files\Common Files\Oracle\Java\javapath;C:\Program Files (x86)\Common Files\Oracle\Java\java8path;C:\Program Files (x86)\Common Files\Oracle\Java\javapath;C:\Program Files (x86)\NVIDIA Corporation\PhysX\Common;D:\bin\;C:\Windows\system32;C:\Windows;C:\Windows\System32\Wbem;C:\Windows\System32\WindowsPowerShell\v1.0\;C:\Windows\System32\OpenSSH\;C:\Program Files\Git\cmd;C:\Users\Елена\AppData\Local\Programs\Python\Python312\Scripts\;C:\Users\Елена\AppData\Local\Programs\Python\Python312\;C:\Users\Елена\AppData\Local\Microsoft\WindowsApps;C:\Users\Елена\AppData\Local\atom\bin;D:\Microsoft VS Code\bin;C:\Users\Елена\AppData\Local\GitHubDesktop\bin;D:\apache-maven-3.9.7-bin\apache-maven-3.9.7\bin;
USERNAME=User
OS=Windows_NT
PROCESSOR_IDENTIFIER=Intel64 Family 6 Model 140 Stepping 1, GenuineIntel
TMP=C:\Users\6145~1\AppData\Local\Temp
TEMP=C:\Users\6145~1\AppData\Local\Temp



Periodic native trim disabled

JNI global refs:
JNI global refs: 17, weak refs: 0

JNI global refs memory usage: 843, weak refs: 841

OOME stack traces (most recent first):
Classloader memory used:
Loader bootstrap                                                                       : 1906K
Loader jdk.internal.loader.ClassLoaders$AppClassLoader                                 : 259K
Loader com.intellij.database.remote.jdbc.impl.JdbcClassLoader$JdbcClassLoaderImpl      : 197K
Loader jdk.internal.loader.ClassLoaders$PlatformClassLoader                            : 52408B
Loader jdk.internal.reflect.DelegatingClassLoader                                      : 15665B


---------------  S Y S T E M  ---------------

OS:
 Windows 10 , 64 bit Build 19041 (10.0.19041.3636)
OS uptime: 1 days 12:47 hours

CPU: total 4 (initial active 4) (2 cores per cpu, 2 threads per core) family 6 model 140 stepping 1 microcode 0xa4, cx8, cmov, fxsr, ht, mmx, 3dnowpref, sse, sse2, sse3, ssse3, sse4.1, sse4.2, popcnt, lzcnt, tsc, tscinvbit, avx, avx2, aes, erms, clmul, bmi1, bmi2, adx, avx512f, avx512dq, avx512cd, avx512bw, avx512vl, sha, fma, vzeroupper, avx512_vpopcntdq, avx512_vpclmulqdq, avx512_vaes, avx512_vnni, clflush, clflushopt, clwb, avx512_vbmi2, avx512_vbmi
Processor Information for all 4 processors :
  Max Mhz: 2995, Current Mhz: 2995, Mhz Limit: 2995

Memory: 4k page, system-wide physical 7886M (680M free)
TotalPageFile size 15886M (AvailPageFile size 5M)
current process WorkingSet (physical memory assigned to process): 115M, peak: 115M
current process commit charge ("private bytes"): 253M, peak: 253M

vm_info: OpenJDK 64-Bit Server VM (17.0.10+8-b1207.12) for windows-amd64 JRE (17.0.10+8-b1207.12), built on 2024-03-15 by "builduser" with MS VC++ 16.10 / 16.11 (VS2019)

END.
